\BOOKMARK [1][-]{section*.3}{\376\377\000D\000a\000t\000a\000\040\000a\000v\000a\000i\000l\000a\000b\000i\000l\000i\000t\000y\000\040\000h\000e\000a\000t\000m\000a\000p}{}% 1
\BOOKMARK [1][-]{section*.5}{\376\377\000C\000u\000r\000r\000e\000n\000t\000\040\000a\000c\000c\000o\000u\000n\000t\000\040\000b\000a\000l\000a\000n\000c\000e}{}% 2
\BOOKMARK [1][-]{section*.8}{\376\377\000C\000o\000n\000s\000u\000m\000e\000r\000\040\000p\000r\000i\000c\000e\000\040\000i\000n\000d\000e\000x}{}% 3
\BOOKMARK [1][-]{section*.11}{\376\377\000M\000o\000n\000e\000y\000\040\000s\000u\000p\000p\000l\000y\000\040\000\050\000M\0000\000\051}{}% 4
\BOOKMARK [1][-]{section*.14}{\376\377\000M\000o\000n\000e\000y\000\040\000s\000u\000p\000p\000l\000y\000\040\000\050\000M\0001\000\051}{}% 5
\BOOKMARK [1][-]{section*.17}{\376\377\000M\000o\000n\000e\000y\000\040\000s\000u\000p\000p\000l\000y\000\040\000\050\000M\0002\000\051}{}% 6
\BOOKMARK [1][-]{section*.20}{\376\377\000U\000S\000D\000\040\000e\000x\000c\000h\000a\000n\000g\000e\000\040\000r\000a\000t\000e}{}% 7
\BOOKMARK [1][-]{section*.23}{\376\377\000C\000e\000n\000t\000r\000a\000l\000\040\000b\000a\000n\000k\000\040\000p\000o\000l\000i\000c\000y\000\040\000r\000a\000t\000e}{}% 8
\BOOKMARK [1][-]{section*.26}{\376\377\000T\000o\000t\000a\000l\000\040\000c\000o\000n\000s\000u\000m\000p\000t\000i\000o\000n}{}% 9
\BOOKMARK [1][-]{section*.29}{\376\377\000T\000o\000t\000a\000l\000\040\000c\000o\000n\000s\000u\000m\000p\000t\000i\000o\000n\000\040\000t\000o\000\040\000G\000D\000P\000\040\000r\000a\000t\000i\000o}{}% 10
\BOOKMARK [1][-]{section*.32}{\376\377\000E\000x\000p\000o\000r\000t\000s}{}% 11
\BOOKMARK [1][-]{section*.35}{\376\377\000E\000x\000p\000o\000r\000t\000s\000\040\000t\000o\000\040\000G\000D\000P\000\040\000r\000a\000t\000i\000o}{}% 12
\BOOKMARK [1][-]{section*.38}{\376\377\000F\000i\000x\000e\000d\000\040\000i\000n\000v\000e\000s\000t\000m\000e\000n\000t}{}% 13
\BOOKMARK [1][-]{section*.41}{\376\377\000F\000i\000x\000e\000d\000\040\000i\000n\000v\000e\000s\000t\000m\000e\000n\000t\000\040\000t\000o\000\040\000G\000D\000P\000\040\000r\000a\000t\000i\000o}{}% 14
\BOOKMARK [1][-]{section*.44}{\376\377\000G\000o\000v\000e\000r\000n\000m\000e\000n\000t\000\040\000d\000e\000b\000t}{}% 15
\BOOKMARK [1][-]{section*.47}{\376\377\000G\000o\000v\000e\000r\000n\000m\000e\000n\000t\000\040\000d\000e\000f\000i\000c\000i\000t}{}% 16
\BOOKMARK [1][-]{section*.50}{\376\377\000G\000o\000v\000e\000r\000n\000m\000e\000n\000t\000\040\000e\000x\000p\000e\000n\000d\000i\000t\000u\000r\000e}{}% 17
\BOOKMARK [1][-]{section*.53}{\376\377\000G\000o\000v\000e\000r\000n\000m\000e\000n\000t\000\040\000r\000e\000v\000e\000n\000u\000e}{}% 18
\BOOKMARK [1][-]{section*.56}{\376\377\000G\000o\000v\000e\000r\000n\000m\000e\000n\000t\000\040\000t\000a\000x\000\040\000r\000e\000v\000e\000n\000u\000e}{}% 19
\BOOKMARK [1][-]{section*.59}{\376\377\000I\000m\000p\000o\000r\000t\000s}{}% 20
\BOOKMARK [1][-]{section*.62}{\376\377\000I\000m\000p\000o\000r\000t\000s\000\040\000t\000o\000\040\000G\000D\000P\000\040\000r\000a\000t\000i\000o}{}% 21
\BOOKMARK [1][-]{section*.65}{\376\377\000I\000n\000f\000l\000a\000t\000i\000o\000n}{}% 22
\BOOKMARK [1][-]{section*.68}{\376\377\000I\000n\000v\000e\000s\000t\000m\000e\000n\000t}{}% 23
\BOOKMARK [1][-]{section*.71}{\376\377\000I\000n\000v\000e\000s\000t\000m\000e\000n\000t\000\040\000t\000o\000\040\000G\000D\000P\000\040\000r\000a\000t\000i\000o}{}% 24
\BOOKMARK [1][-]{section*.74}{\376\377\000N\000o\000m\000i\000n\000a\000l\000\040\000G\000D\000P}{}% 25
\BOOKMARK [1][-]{section*.77}{\376\377\000P\000o\000p\000u\000l\000a\000t\000i\000o\000n}{}% 26
\BOOKMARK [1][-]{section*.80}{\376\377\000R\000e\000a\000l\000\040\000G\000D\000P}{}% 27
\BOOKMARK [1][-]{section*.83}{\376\377\000R\000e\000a\000l\000\040\000t\000o\000t\000a\000l\000\040\000c\000o\000n\000s\000u\000m\000p\000t\000i\000o\000n}{}% 28
\BOOKMARK [1][-]{section*.86}{\376\377\000U\000n\000e\000m\000p\000l\000o\000y\000m\000e\000n\000t}{}% 29
\BOOKMARK [1][-]{section*.89}{\376\377\000R\000e\000f\000e\000r\000e\000n\000c\000e\000s}{}% 30
