\BOOKMARK [1][-]{section*.3}{\376\377\000A\000f\000g\000h\000a\000n\000i\000s\000t\000a\000n}{}% 1
\BOOKMARK [1][-]{section*.6}{\376\377\000A\000l\000b\000a\000n\000i\000a}{}% 2
\BOOKMARK [1][-]{section*.9}{\376\377\000A\000l\000g\000e\000r\000i\000a}{}% 3
\BOOKMARK [1][-]{section*.12}{\376\377\000A\000n\000g\000o\000l\000a}{}% 4
\BOOKMARK [1][-]{section*.15}{\376\377\000A\000r\000g\000e\000n\000t\000i\000n\000a}{}% 5
\BOOKMARK [1][-]{section*.18}{\376\377\000A\000r\000m\000e\000n\000i\000a}{}% 6
\BOOKMARK [1][-]{section*.21}{\376\377\000A\000u\000s\000t\000r\000a\000l\000i\000a}{}% 7
\BOOKMARK [1][-]{section*.24}{\376\377\000A\000u\000s\000t\000r\000i\000a}{}% 8
\BOOKMARK [1][-]{section*.27}{\376\377\000A\000z\000e\000r\000b\000a\000i\000j\000a\000n}{}% 9
\BOOKMARK [1][-]{section*.30}{\376\377\000B\000a\000h\000a\000m\000a\000s}{}% 10
\BOOKMARK [1][-]{section*.33}{\376\377\000B\000a\000h\000r\000a\000i\000n}{}% 11
\BOOKMARK [1][-]{section*.36}{\376\377\000B\000a\000n\000g\000l\000a\000d\000e\000s\000h}{}% 12
\BOOKMARK [1][-]{section*.39}{\376\377\000B\000a\000r\000b\000a\000d\000o\000s}{}% 13
\BOOKMARK [1][-]{section*.42}{\376\377\000B\000e\000l\000a\000r\000u\000s}{}% 14
\BOOKMARK [1][-]{section*.45}{\376\377\000B\000e\000l\000g\000i\000u\000m}{}% 15
\BOOKMARK [1][-]{section*.48}{\376\377\000B\000e\000l\000i\000z\000e}{}% 16
\BOOKMARK [1][-]{section*.51}{\376\377\000B\000e\000n\000i\000n}{}% 17
\BOOKMARK [1][-]{section*.54}{\376\377\000B\000h\000u\000t\000a\000n}{}% 18
\BOOKMARK [1][-]{section*.57}{\376\377\000B\000o\000l\000i\000v\000i\000a}{}% 19
\BOOKMARK [1][-]{section*.60}{\376\377\000B\000o\000s\000n\000i\000a\000\040\000a\000n\000d\000\040\000H\000e\000r\000z\000e\000g\000o\000v\000i\000n\000a}{}% 20
\BOOKMARK [1][-]{section*.63}{\376\377\000B\000o\000t\000s\000w\000a\000n\000a}{}% 21
\BOOKMARK [1][-]{section*.66}{\376\377\000B\000r\000a\000z\000i\000l}{}% 22
\BOOKMARK [1][-]{section*.69}{\376\377\000B\000r\000u\000n\000e\000i}{}% 23
\BOOKMARK [1][-]{section*.72}{\376\377\000B\000u\000l\000g\000a\000r\000i\000a}{}% 24
\BOOKMARK [1][-]{section*.75}{\376\377\000B\000u\000r\000k\000i\000n\000a\000\040\000F\000a\000s\000o}{}% 25
\BOOKMARK [1][-]{section*.78}{\376\377\000B\000u\000r\000u\000n\000d\000i}{}% 26
\BOOKMARK [1][-]{section*.81}{\376\377\000C\000a\000m\000b\000o\000d\000i\000a}{}% 27
\BOOKMARK [1][-]{section*.84}{\376\377\000C\000a\000m\000e\000r\000o\000o\000n}{}% 28
\BOOKMARK [1][-]{section*.87}{\376\377\000C\000a\000n\000a\000d\000a}{}% 29
\BOOKMARK [1][-]{section*.90}{\376\377\000C\000a\000p\000e\000\040\000V\000e\000r\000d\000e}{}% 30
\BOOKMARK [1][-]{section*.93}{\376\377\000C\000e\000n\000t\000r\000a\000l\000\040\000A\000f\000r\000i\000c\000a\000n\000\040\000R\000e\000p\000u\000b\000l\000i\000c}{}% 31
\BOOKMARK [1][-]{section*.96}{\376\377\000C\000h\000a\000d}{}% 32
\BOOKMARK [1][-]{section*.99}{\376\377\000C\000h\000i\000l\000e}{}% 33
\BOOKMARK [1][-]{section*.102}{\376\377\000C\000h\000i\000n\000a}{}% 34
\BOOKMARK [1][-]{section*.105}{\376\377\000C\000o\000l\000o\000m\000b\000i\000a}{}% 35
\BOOKMARK [1][-]{section*.108}{\376\377\000C\000o\000s\000t\000a\000\040\000R\000i\000c\000a}{}% 36
\BOOKMARK [1][-]{section*.111}{\376\377\000C\000r\000o\000a\000t\000i\000a}{}% 37
\BOOKMARK [1][-]{section*.114}{\376\377\000C\000y\000p\000r\000u\000s}{}% 38
\BOOKMARK [1][-]{section*.117}{\376\377\000C\000z\000e\000c\000h\000\040\000R\000e\000p\000u\000b\000l\000i\000c}{}% 39
\BOOKMARK [1][-]{section*.120}{\376\377\000C\000z\000e\000c\000h\000o\000s\000l\000o\000v\000a\000k\000i\000a}{}% 40
\BOOKMARK [1][-]{section*.123}{\376\377\000D\000e\000m\000o\000c\000r\000a\000t\000i\000c\000\040\000R\000e\000p\000u\000b\000l\000i\000c\000\040\000o\000f\000\040\000t\000h\000e\000\040\000C\000o\000n\000g\000o}{}% 41
\BOOKMARK [1][-]{section*.126}{\376\377\000D\000e\000n\000m\000a\000r\000k}{}% 42
\BOOKMARK [1][-]{section*.129}{\376\377\000D\000j\000i\000b\000o\000u\000t\000i}{}% 43
\BOOKMARK [1][-]{section*.132}{\376\377\000D\000o\000m\000i\000n\000i\000c\000a}{}% 44
\BOOKMARK [1][-]{section*.135}{\376\377\000D\000o\000m\000i\000n\000i\000c\000a\000n\000\040\000R\000e\000p\000u\000b\000l\000i\000c}{}% 45
\BOOKMARK [1][-]{section*.138}{\376\377\000E\000c\000u\000a\000d\000o\000r}{}% 46
\BOOKMARK [1][-]{section*.141}{\376\377\000E\000g\000y\000p\000t}{}% 47
\BOOKMARK [1][-]{section*.144}{\376\377\000E\000l\000\040\000S\000a\000l\000v\000a\000d\000o\000r}{}% 48
\BOOKMARK [1][-]{section*.147}{\376\377\000E\000q\000u\000a\000t\000o\000r\000i\000a\000l\000\040\000G\000u\000i\000n\000e\000a}{}% 49
\BOOKMARK [1][-]{section*.150}{\376\377\000E\000s\000t\000o\000n\000i\000a}{}% 50
\BOOKMARK [1][-]{section*.153}{\376\377\000E\000s\000w\000a\000t\000i\000n\000i}{}% 51
\BOOKMARK [1][-]{section*.156}{\376\377\000E\000t\000h\000i\000o\000p\000i\000a}{}% 52
\BOOKMARK [1][-]{section*.159}{\376\377\000F\000i\000j\000i}{}% 53
\BOOKMARK [1][-]{section*.162}{\376\377\000F\000i\000n\000l\000a\000n\000d}{}% 54
\BOOKMARK [1][-]{section*.165}{\376\377\000F\000r\000a\000n\000c\000e}{}% 55
\BOOKMARK [1][-]{section*.168}{\376\377\000G\000a\000b\000o\000n}{}% 56
\BOOKMARK [1][-]{section*.171}{\376\377\000G\000a\000m\000b\000i\000a}{}% 57
\BOOKMARK [1][-]{section*.174}{\376\377\000G\000e\000o\000r\000g\000i\000a}{}% 58
\BOOKMARK [1][-]{section*.177}{\376\377\000G\000e\000r\000m\000a\000n\000y}{}% 59
\BOOKMARK [1][-]{section*.180}{\376\377\000G\000h\000a\000n\000a}{}% 60
\BOOKMARK [1][-]{section*.183}{\376\377\000G\000r\000e\000e\000c\000e}{}% 61
\BOOKMARK [1][-]{section*.186}{\376\377\000G\000r\000e\000n\000a\000d\000a}{}% 62
\BOOKMARK [1][-]{section*.189}{\376\377\000G\000u\000a\000t\000e\000m\000a\000l\000a}{}% 63
\BOOKMARK [1][-]{section*.192}{\376\377\000G\000u\000i\000n\000e\000a}{}% 64
\BOOKMARK [1][-]{section*.195}{\376\377\000G\000u\000i\000n\000e\000a\000-\000B\000i\000s\000s\000a\000u}{}% 65
\BOOKMARK [1][-]{section*.198}{\376\377\000G\000u\000y\000a\000n\000a}{}% 66
\BOOKMARK [1][-]{section*.201}{\376\377\000H\000a\000i\000t\000i}{}% 67
\BOOKMARK [1][-]{section*.204}{\376\377\000H\000o\000n\000d\000u\000r\000a\000s}{}% 68
\BOOKMARK [1][-]{section*.207}{\376\377\000H\000o\000n\000g\000\040\000K\000o\000n\000g}{}% 69
\BOOKMARK [1][-]{section*.210}{\376\377\000H\000u\000n\000g\000a\000r\000y}{}% 70
\BOOKMARK [1][-]{section*.213}{\376\377\000I\000c\000e\000l\000a\000n\000d}{}% 71
\BOOKMARK [1][-]{section*.216}{\376\377\000I\000n\000d\000i\000a}{}% 72
\BOOKMARK [1][-]{section*.219}{\376\377\000I\000n\000d\000o\000n\000e\000s\000i\000a}{}% 73
\BOOKMARK [1][-]{section*.222}{\376\377\000I\000r\000a\000n}{}% 74
\BOOKMARK [1][-]{section*.225}{\376\377\000I\000r\000a\000q}{}% 75
\BOOKMARK [1][-]{section*.228}{\376\377\000I\000r\000e\000l\000a\000n\000d}{}% 76
\BOOKMARK [1][-]{section*.231}{\376\377\000I\000s\000r\000a\000e\000l}{}% 77
\BOOKMARK [1][-]{section*.234}{\376\377\000I\000t\000a\000l\000y}{}% 78
\BOOKMARK [1][-]{section*.237}{\376\377\000I\000v\000o\000r\000y\000\040\000C\000o\000a\000s\000t}{}% 79
\BOOKMARK [1][-]{section*.240}{\376\377\000J\000a\000m\000a\000i\000c\000a}{}% 80
\BOOKMARK [1][-]{section*.243}{\376\377\000J\000a\000p\000a\000n}{}% 81
\BOOKMARK [1][-]{section*.246}{\376\377\000J\000o\000r\000d\000a\000n}{}% 82
\BOOKMARK [1][-]{section*.249}{\376\377\000K\000a\000z\000a\000k\000h\000s\000t\000a\000n}{}% 83
\BOOKMARK [1][-]{section*.252}{\376\377\000K\000e\000n\000y\000a}{}% 84
\BOOKMARK [1][-]{section*.255}{\376\377\000K\000u\000w\000a\000i\000t}{}% 85
\BOOKMARK [1][-]{section*.258}{\376\377\000K\000y\000r\000g\000y\000z\000s\000t\000a\000n}{}% 86
\BOOKMARK [1][-]{section*.261}{\376\377\000L\000a\000o\000s}{}% 87
\BOOKMARK [1][-]{section*.264}{\376\377\000L\000a\000t\000v\000i\000a}{}% 88
\BOOKMARK [1][-]{section*.267}{\376\377\000L\000e\000b\000a\000n\000o\000n}{}% 89
\BOOKMARK [1][-]{section*.270}{\376\377\000L\000e\000s\000o\000t\000h\000o}{}% 90
\BOOKMARK [1][-]{section*.273}{\376\377\000L\000i\000b\000e\000r\000i\000a}{}% 91
\BOOKMARK [1][-]{section*.276}{\376\377\000L\000i\000b\000y\000a}{}% 92
\BOOKMARK [1][-]{section*.279}{\376\377\000L\000i\000t\000h\000u\000a\000n\000i\000a}{}% 93
\BOOKMARK [1][-]{section*.282}{\376\377\000L\000u\000x\000e\000m\000b\000o\000u\000r\000g}{}% 94
\BOOKMARK [1][-]{section*.285}{\376\377\000M\000a\000c\000e\000d\000o\000n\000i\000a}{}% 95
\BOOKMARK [1][-]{section*.288}{\376\377\000M\000a\000d\000a\000g\000a\000s\000c\000a\000r}{}% 96
\BOOKMARK [1][-]{section*.291}{\376\377\000M\000a\000l\000a\000w\000i}{}% 97
\BOOKMARK [1][-]{section*.294}{\376\377\000M\000a\000l\000a\000y\000s\000i\000a}{}% 98
\BOOKMARK [1][-]{section*.297}{\376\377\000M\000a\000l\000d\000i\000v\000e\000s}{}% 99
\BOOKMARK [1][-]{section*.300}{\376\377\000M\000a\000l\000i}{}% 100
\BOOKMARK [1][-]{section*.303}{\376\377\000M\000a\000l\000t\000a}{}% 101
\BOOKMARK [1][-]{section*.306}{\376\377\000M\000a\000u\000r\000i\000t\000a\000n\000i\000a}{}% 102
\BOOKMARK [1][-]{section*.309}{\376\377\000M\000a\000u\000r\000i\000t\000i\000u\000s}{}% 103
\BOOKMARK [1][-]{section*.312}{\376\377\000M\000e\000x\000i\000c\000o}{}% 104
\BOOKMARK [1][-]{section*.315}{\376\377\000M\000o\000l\000d\000o\000v\000a}{}% 105
\BOOKMARK [1][-]{section*.318}{\376\377\000M\000o\000n\000g\000o\000l\000i\000a}{}% 106
\BOOKMARK [1][-]{section*.321}{\376\377\000M\000o\000n\000t\000e\000n\000e\000g\000r\000o}{}% 107
\BOOKMARK [1][-]{section*.324}{\376\377\000M\000o\000r\000o\000c\000c\000o}{}% 108
\BOOKMARK [1][-]{section*.327}{\376\377\000M\000o\000z\000a\000m\000b\000i\000q\000u\000e}{}% 109
\BOOKMARK [1][-]{section*.330}{\376\377\000M\000y\000a\000n\000m\000a\000r}{}% 110
\BOOKMARK [1][-]{section*.333}{\376\377\000N\000a\000m\000i\000b\000i\000a}{}% 111
\BOOKMARK [1][-]{section*.336}{\376\377\000N\000e\000p\000a\000l}{}% 112
\BOOKMARK [1][-]{section*.339}{\376\377\000N\000e\000t\000h\000e\000r\000l\000a\000n\000d\000s}{}% 113
\BOOKMARK [1][-]{section*.342}{\376\377\000N\000e\000t\000h\000e\000r\000l\000a\000n\000d\000s\000\040\000A\000n\000t\000i\000l\000l\000e\000s}{}% 114
\BOOKMARK [1][-]{section*.345}{\376\377\000N\000e\000w\000\040\000Z\000e\000a\000l\000a\000n\000d}{}% 115
\BOOKMARK [1][-]{section*.348}{\376\377\000N\000i\000c\000a\000r\000a\000g\000u\000a}{}% 116
\BOOKMARK [1][-]{section*.351}{\376\377\000N\000i\000g\000e\000r}{}% 117
\BOOKMARK [1][-]{section*.354}{\376\377\000N\000i\000g\000e\000r\000i\000a}{}% 118
\BOOKMARK [1][-]{section*.357}{\376\377\000N\000o\000r\000w\000a\000y}{}% 119
\BOOKMARK [1][-]{section*.360}{\376\377\000O\000m\000a\000n}{}% 120
\BOOKMARK [1][-]{section*.363}{\376\377\000P\000a\000k\000i\000s\000t\000a\000n}{}% 121
\BOOKMARK [1][-]{section*.366}{\376\377\000P\000a\000l\000e\000s\000t\000i\000n\000e}{}% 122
\BOOKMARK [1][-]{section*.369}{\376\377\000P\000a\000n\000a\000m\000a}{}% 123
\BOOKMARK [1][-]{section*.372}{\376\377\000P\000a\000p\000u\000a\000\040\000N\000e\000w\000\040\000G\000u\000i\000n\000e\000a}{}% 124
\BOOKMARK [1][-]{section*.375}{\376\377\000P\000a\000r\000a\000g\000u\000a\000y}{}% 125
\BOOKMARK [1][-]{section*.378}{\376\377\000P\000e\000r\000u}{}% 126
\BOOKMARK [1][-]{section*.381}{\376\377\000P\000h\000i\000l\000i\000p\000p\000i\000n\000e\000s}{}% 127
\BOOKMARK [1][-]{section*.384}{\376\377\000P\000o\000l\000a\000n\000d}{}% 128
\BOOKMARK [1][-]{section*.387}{\376\377\000P\000o\000r\000t\000u\000g\000a\000l}{}% 129
\BOOKMARK [1][-]{section*.390}{\376\377\000Q\000a\000t\000a\000r}{}% 130
\BOOKMARK [1][-]{section*.393}{\376\377\000R\000e\000p\000u\000b\000l\000i\000c\000\040\000o\000f\000\040\000t\000h\000e\000\040\000C\000o\000n\000g\000o}{}% 131
\BOOKMARK [1][-]{section*.396}{\376\377\000R\000o\000m\000a\000n\000i\000a}{}% 132
\BOOKMARK [1][-]{section*.399}{\376\377\000R\000u\000s\000s\000i\000a\000n\000\040\000F\000e\000d\000e\000r\000a\000t\000i\000o\000n}{}% 133
\BOOKMARK [1][-]{section*.402}{\376\377\000R\000w\000a\000n\000d\000a}{}% 134
\BOOKMARK [1][-]{section*.405}{\376\377\000S\000a\000o\000\040\000T\000o\000m\000e\000\040\000a\000n\000d\000\040\000P\000r\000i\000n\000c\000i\000p\000e}{}% 135
\BOOKMARK [1][-]{section*.408}{\376\377\000S\000a\000u\000d\000i\000\040\000A\000r\000a\000b\000i\000a}{}% 136
\BOOKMARK [1][-]{section*.411}{\376\377\000S\000e\000n\000e\000g\000a\000l}{}% 137
\BOOKMARK [1][-]{section*.414}{\376\377\000S\000e\000r\000b\000i\000a}{}% 138
\BOOKMARK [1][-]{section*.417}{\376\377\000S\000e\000y\000c\000h\000e\000l\000l\000e\000s}{}% 139
\BOOKMARK [1][-]{section*.420}{\376\377\000S\000i\000e\000r\000r\000a\000\040\000L\000e\000o\000n\000e}{}% 140
\BOOKMARK [1][-]{section*.423}{\376\377\000S\000i\000n\000g\000a\000p\000o\000r\000e}{}% 141
\BOOKMARK [1][-]{section*.426}{\376\377\000S\000l\000o\000v\000a\000k\000i\000a}{}% 142
\BOOKMARK [1][-]{section*.429}{\376\377\000S\000l\000o\000v\000e\000n\000i\000a}{}% 143
\BOOKMARK [1][-]{section*.432}{\376\377\000S\000o\000m\000a\000l\000i\000a}{}% 144
\BOOKMARK [1][-]{section*.435}{\376\377\000S\000o\000u\000t\000h\000\040\000A\000f\000r\000i\000c\000a}{}% 145
\BOOKMARK [1][-]{section*.438}{\376\377\000S\000o\000u\000t\000h\000\040\000K\000o\000r\000e\000a}{}% 146
\BOOKMARK [1][-]{section*.441}{\376\377\000S\000o\000u\000t\000h\000\040\000S\000u\000d\000a\000n}{}% 147
\BOOKMARK [1][-]{section*.444}{\376\377\000S\000p\000a\000i\000n}{}% 148
\BOOKMARK [1][-]{section*.447}{\376\377\000S\000r\000i\000\040\000L\000a\000n\000k\000a}{}% 149
\BOOKMARK [1][-]{section*.450}{\376\377\000S\000u\000d\000a\000n}{}% 150
\BOOKMARK [1][-]{section*.453}{\376\377\000S\000u\000r\000i\000n\000a\000m\000e}{}% 151
\BOOKMARK [1][-]{section*.456}{\376\377\000S\000w\000e\000d\000e\000n}{}% 152
\BOOKMARK [1][-]{section*.459}{\376\377\000S\000w\000i\000t\000z\000e\000r\000l\000a\000n\000d}{}% 153
\BOOKMARK [1][-]{section*.462}{\376\377\000S\000y\000r\000i\000a}{}% 154
\BOOKMARK [1][-]{section*.465}{\376\377\000T\000a\000i\000w\000a\000n}{}% 155
\BOOKMARK [1][-]{section*.468}{\376\377\000T\000a\000j\000i\000k\000i\000s\000t\000a\000n}{}% 156
\BOOKMARK [1][-]{section*.471}{\376\377\000T\000a\000n\000z\000a\000n\000i\000a}{}% 157
\BOOKMARK [1][-]{section*.474}{\376\377\000T\000h\000a\000i\000l\000a\000n\000d}{}% 158
\BOOKMARK [1][-]{section*.477}{\376\377\000T\000i\000m\000o\000r\000-\000L\000e\000s\000t\000e}{}% 159
\BOOKMARK [1][-]{section*.480}{\376\377\000T\000o\000g\000o}{}% 160
\BOOKMARK [1][-]{section*.483}{\376\377\000T\000r\000i\000n\000i\000d\000a\000d\000\040\000a\000n\000d\000\040\000T\000o\000b\000a\000g\000o}{}% 161
\BOOKMARK [1][-]{section*.486}{\376\377\000T\000u\000n\000i\000s\000i\000a}{}% 162
\BOOKMARK [1][-]{section*.489}{\376\377\000T\000u\000r\000k\000e\000y}{}% 163
\BOOKMARK [1][-]{section*.492}{\376\377\000T\000u\000r\000k\000m\000e\000n\000i\000s\000t\000a\000n}{}% 164
\BOOKMARK [1][-]{section*.495}{\376\377\000U\000g\000a\000n\000d\000a}{}% 165
\BOOKMARK [1][-]{section*.498}{\376\377\000U\000k\000r\000a\000i\000n\000e}{}% 166
\BOOKMARK [1][-]{section*.501}{\376\377\000U\000n\000i\000t\000e\000d\000\040\000A\000r\000a\000b\000\040\000E\000m\000i\000r\000a\000t\000e\000s}{}% 167
\BOOKMARK [1][-]{section*.504}{\376\377\000U\000n\000i\000t\000e\000d\000\040\000K\000i\000n\000g\000d\000o\000m}{}% 168
\BOOKMARK [1][-]{section*.507}{\376\377\000U\000n\000i\000t\000e\000d\000\040\000S\000t\000a\000t\000e\000s}{}% 169
\BOOKMARK [1][-]{section*.510}{\376\377\000U\000r\000u\000g\000u\000a\000y}{}% 170
\BOOKMARK [1][-]{section*.513}{\376\377\000U\000z\000b\000e\000k\000i\000s\000t\000a\000n}{}% 171
\BOOKMARK [1][-]{section*.516}{\376\377\000V\000e\000n\000e\000z\000u\000e\000l\000a}{}% 172
\BOOKMARK [1][-]{section*.519}{\376\377\000V\000i\000e\000t\000n\000a\000m}{}% 173
\BOOKMARK [1][-]{section*.522}{\376\377\000Y\000e\000m\000e\000n}{}% 174
\BOOKMARK [1][-]{section*.525}{\376\377\000Z\000a\000m\000b\000i\000a}{}% 175
\BOOKMARK [1][-]{section*.528}{\376\377\000Z\000i\000m\000b\000a\000b\000w\000e}{}% 176
\BOOKMARK [1][-]{section*.531}{\376\377\000A\000n\000d\000o\000r\000r\000a}{}% 177
\BOOKMARK [1][-]{section*.534}{\376\377\000A\000n\000g\000u\000i\000l\000l\000a}{}% 178
\BOOKMARK [1][-]{section*.537}{\376\377\000A\000n\000t\000i\000g\000u\000a\000\040\000a\000n\000d\000\040\000B\000a\000r\000b\000u\000d\000a}{}% 179
\BOOKMARK [1][-]{section*.540}{\376\377\000C\000a\000y\000m\000a\000n\000\040\000I\000s\000l\000a\000n\000d\000s}{}% 180
\BOOKMARK [1][-]{section*.543}{\376\377\000C\000o\000m\000o\000r\000o\000s}{}% 181
\BOOKMARK [1][-]{section*.546}{\376\377\000C\000o\000o\000k\000\040\000I\000s\000l\000a\000n\000d\000s}{}% 182
\BOOKMARK [1][-]{section*.549}{\376\377\000K\000i\000r\000i\000b\000a\000t\000i}{}% 183
\BOOKMARK [1][-]{section*.552}{\376\377\000M\000a\000c\000a\000u}{}% 184
\BOOKMARK [1][-]{section*.555}{\376\377\000M\000a\000r\000s\000h\000a\000l\000l\000\040\000I\000s\000l\000a\000n\000d\000s}{}% 185
\BOOKMARK [1][-]{section*.558}{\376\377\000M\000i\000c\000r\000o\000n\000e\000s\000i\000a\000\040\000\050\000F\000e\000d\000e\000r\000a\000t\000e\000d\000\040\000S\000t\000a\000t\000e\000s\000\040\000o\000f\000\051}{}% 186
\BOOKMARK [1][-]{section*.561}{\376\377\000M\000o\000n\000t\000s\000e\000r\000r\000a\000t}{}% 187
\BOOKMARK [1][-]{section*.564}{\376\377\000N\000a\000u\000r\000u}{}% 188
\BOOKMARK [1][-]{section*.567}{\376\377\000P\000a\000l\000a\000u}{}% 189
\BOOKMARK [1][-]{section*.570}{\376\377\000S\000a\000i\000n\000t\000\040\000K\000i\000t\000t\000s\000\040\000a\000n\000d\000\040\000N\000e\000v\000i\000s}{}% 190
\BOOKMARK [1][-]{section*.573}{\376\377\000S\000a\000i\000n\000t\000\040\000L\000u\000c\000i\000a}{}% 191
\BOOKMARK [1][-]{section*.576}{\376\377\000S\000a\000i\000n\000t\000\040\000V\000i\000n\000c\000e\000n\000t\000\040\000a\000n\000d\000\040\000t\000h\000e\000\040\000G\000r\000e\000n\000a\000d\000i\000n\000e\000s}{}% 192
\BOOKMARK [1][-]{section*.579}{\376\377\000S\000a\000m\000o\000a}{}% 193
\BOOKMARK [1][-]{section*.582}{\376\377\000S\000a\000n\000\040\000M\000a\000r\000i\000n\000o}{}% 194
\BOOKMARK [1][-]{section*.585}{\376\377\000S\000o\000l\000o\000m\000o\000n\000\040\000I\000s\000l\000a\000n\000d\000s}{}% 195
\BOOKMARK [1][-]{section*.588}{\376\377\000T\000o\000n\000g\000a}{}% 196
\BOOKMARK [1][-]{section*.591}{\376\377\000T\000u\000v\000a\000l\000u}{}% 197
\BOOKMARK [1][-]{section*.594}{\376\377\000V\000a\000n\000u\000a\000t\000u}{}% 198
\BOOKMARK [1][-]{section*.597}{\376\377\000R\000e\000f\000e\000r\000e\000n\000c\000e\000s}{}% 199
