\BOOKMARK [1][-]{section*.3}{\376\377\000A\000u\000s\000t\000r\000a\000l\000i\000a}{}% 1
\BOOKMARK [1][-]{section*.6}{\376\377\000A\000u\000s\000t\000r\000i\000a}{}% 2
\BOOKMARK [1][-]{section*.9}{\376\377\000B\000e\000l\000g\000i\000u\000m}{}% 3
\BOOKMARK [1][-]{section*.12}{\376\377\000B\000r\000a\000z\000i\000l}{}% 4
\BOOKMARK [1][-]{section*.15}{\376\377\000B\000u\000l\000g\000a\000r\000i\000a}{}% 5
\BOOKMARK [1][-]{section*.18}{\376\377\000C\000a\000n\000a\000d\000a}{}% 6
\BOOKMARK [1][-]{section*.21}{\376\377\000C\000h\000i\000l\000e}{}% 7
\BOOKMARK [1][-]{section*.24}{\376\377\000C\000h\000i\000n\000a}{}% 8
\BOOKMARK [1][-]{section*.27}{\376\377\000C\000o\000l\000o\000m\000b\000i\000a}{}% 9
\BOOKMARK [1][-]{section*.30}{\376\377\000C\000r\000o\000a\000t\000i\000a}{}% 10
\BOOKMARK [1][-]{section*.33}{\376\377\000C\000y\000p\000r\000u\000s}{}% 11
\BOOKMARK [1][-]{section*.36}{\376\377\000C\000z\000e\000c\000h\000\040\000R\000e\000p\000u\000b\000l\000i\000c}{}% 12
\BOOKMARK [1][-]{section*.39}{\376\377\000D\000e\000n\000m\000a\000r\000k}{}% 13
\BOOKMARK [1][-]{section*.42}{\376\377\000E\000s\000t\000o\000n\000i\000a}{}% 14
\BOOKMARK [1][-]{section*.45}{\376\377\000F\000i\000n\000l\000a\000n\000d}{}% 15
\BOOKMARK [1][-]{section*.48}{\376\377\000F\000r\000a\000n\000c\000e}{}% 16
\BOOKMARK [1][-]{section*.51}{\376\377\000G\000e\000r\000m\000a\000n\000y}{}% 17
\BOOKMARK [1][-]{section*.54}{\376\377\000G\000r\000e\000e\000c\000e}{}% 18
\BOOKMARK [1][-]{section*.57}{\376\377\000H\000o\000n\000g\000\040\000K\000o\000n\000g}{}% 19
\BOOKMARK [1][-]{section*.60}{\376\377\000H\000u\000n\000g\000a\000r\000y}{}% 20
\BOOKMARK [1][-]{section*.63}{\376\377\000I\000c\000e\000l\000a\000n\000d}{}% 21
\BOOKMARK [1][-]{section*.66}{\376\377\000I\000n\000d\000i\000a}{}% 22
\BOOKMARK [1][-]{section*.69}{\376\377\000I\000n\000d\000o\000n\000e\000s\000i\000a}{}% 23
\BOOKMARK [1][-]{section*.72}{\376\377\000I\000r\000e\000l\000a\000n\000d}{}% 24
\BOOKMARK [1][-]{section*.75}{\376\377\000I\000s\000r\000a\000e\000l}{}% 25
\BOOKMARK [1][-]{section*.78}{\376\377\000I\000t\000a\000l\000y}{}% 26
\BOOKMARK [1][-]{section*.81}{\376\377\000J\000a\000p\000a\000n}{}% 27
\BOOKMARK [1][-]{section*.84}{\376\377\000L\000a\000t\000v\000i\000a}{}% 28
\BOOKMARK [1][-]{section*.87}{\376\377\000L\000i\000t\000h\000u\000a\000n\000i\000a}{}% 29
\BOOKMARK [1][-]{section*.90}{\376\377\000L\000u\000x\000e\000m\000b\000o\000u\000r\000g}{}% 30
\BOOKMARK [1][-]{section*.93}{\376\377\000M\000a\000c\000e\000d\000o\000n\000i\000a}{}% 31
\BOOKMARK [1][-]{section*.96}{\376\377\000M\000a\000l\000a\000y\000s\000i\000a}{}% 32
\BOOKMARK [1][-]{section*.99}{\376\377\000M\000a\000l\000t\000a}{}% 33
\BOOKMARK [1][-]{section*.102}{\376\377\000M\000e\000x\000i\000c\000o}{}% 34
\BOOKMARK [1][-]{section*.105}{\376\377\000M\000o\000r\000o\000c\000c\000o}{}% 35
\BOOKMARK [1][-]{section*.108}{\376\377\000N\000e\000t\000h\000e\000r\000l\000a\000n\000d\000s}{}% 36
\BOOKMARK [1][-]{section*.111}{\376\377\000N\000e\000w\000\040\000Z\000e\000a\000l\000a\000n\000d}{}% 37
\BOOKMARK [1][-]{section*.114}{\376\377\000N\000o\000r\000w\000a\000y}{}% 38
\BOOKMARK [1][-]{section*.117}{\376\377\000P\000e\000r\000u}{}% 39
\BOOKMARK [1][-]{section*.120}{\376\377\000P\000h\000i\000l\000i\000p\000p\000i\000n\000e\000s}{}% 40
\BOOKMARK [1][-]{section*.123}{\376\377\000P\000o\000l\000a\000n\000d}{}% 41
\BOOKMARK [1][-]{section*.126}{\376\377\000P\000o\000r\000t\000u\000g\000a\000l}{}% 42
\BOOKMARK [1][-]{section*.129}{\376\377\000R\000o\000m\000a\000n\000i\000a}{}% 43
\BOOKMARK [1][-]{section*.132}{\376\377\000R\000u\000s\000s\000i\000a\000n\000\040\000F\000e\000d\000e\000r\000a\000t\000i\000o\000n}{}% 44
\BOOKMARK [1][-]{section*.135}{\376\377\000S\000a\000u\000d\000i\000\040\000A\000r\000a\000b\000i\000a}{}% 45
\BOOKMARK [1][-]{section*.138}{\376\377\000S\000e\000r\000b\000i\000a}{}% 46
\BOOKMARK [1][-]{section*.141}{\376\377\000S\000i\000n\000g\000a\000p\000o\000r\000e}{}% 47
\BOOKMARK [1][-]{section*.144}{\376\377\000S\000l\000o\000v\000a\000k\000i\000a}{}% 48
\BOOKMARK [1][-]{section*.147}{\376\377\000S\000l\000o\000v\000e\000n\000i\000a}{}% 49
\BOOKMARK [1][-]{section*.150}{\376\377\000S\000o\000u\000t\000h\000\040\000A\000f\000r\000i\000c\000a}{}% 50
\BOOKMARK [1][-]{section*.153}{\376\377\000S\000o\000u\000t\000h\000\040\000K\000o\000r\000e\000a}{}% 51
\BOOKMARK [1][-]{section*.156}{\376\377\000S\000p\000a\000i\000n}{}% 52
\BOOKMARK [1][-]{section*.159}{\376\377\000S\000w\000e\000d\000e\000n}{}% 53
\BOOKMARK [1][-]{section*.162}{\376\377\000S\000w\000i\000t\000z\000e\000r\000l\000a\000n\000d}{}% 54
\BOOKMARK [1][-]{section*.165}{\376\377\000T\000h\000a\000i\000l\000a\000n\000d}{}% 55
\BOOKMARK [1][-]{section*.168}{\376\377\000T\000u\000r\000k\000e\000y}{}% 56
\BOOKMARK [1][-]{section*.171}{\376\377\000U\000n\000i\000t\000e\000d\000\040\000A\000r\000a\000b\000\040\000E\000m\000i\000r\000a\000t\000e\000s}{}% 57
\BOOKMARK [1][-]{section*.174}{\376\377\000U\000n\000i\000t\000e\000d\000\040\000K\000i\000n\000g\000d\000o\000m}{}% 58
\BOOKMARK [1][-]{section*.177}{\376\377\000U\000n\000i\000t\000e\000d\000\040\000S\000t\000a\000t\000e\000s}{}% 59
\BOOKMARK [1][-]{section*.180}{\376\377\000R\000e\000f\000e\000r\000e\000n\000c\000e\000s}{}% 60
