This is LuaHBTeX, Version 1.18.1 (MiKTeX 24.4) (format=lualatex 2024.12.5)  1 JUL 2025 02:18
 restricted system commands enabled.
**HPI.tex
(./HPI.tex
LaTeX2e <2024-11-01>
L3 programming layer <2024-11-02>
Lua module: luaotfload 2024-02-14 v3.28 Lua based OpenType font support
Lua module: lualibs 2023-07-13 v2.76 ConTeXt Lua standard libraries.
Lua module: lualibs-extended 2023-07-13 v2.76 ConTeXt Lua libraries -- extended 
collection.
luaotfload | conf : Root cache directory is "C:/Users/lehbib/AppData/Local/MiKTe
X/luatex-cache/generic/names".
luaotfload | init : Loading fontloader "fontloader-2023-12-28.lua" from kpse-res
olved path "C:/Users/lehbib/AppData/Local/Programs/MiKTeX/tex/luatex/luaotfload/
fontloader-2023-12-28.lua".
Lua-only attribute luaotfload@noligature = 1
luaotfload | init : Context OpenType loader version 3.134
Inserting `luaotfload.node_processor' in `pre_linebreak_filter'.
Inserting `luaotfload.node_processor' in `hpack_filter'.
Inserting `luaotfload.glyph_stream' in `glyph_stream_provider'.
Inserting `luaotfload.define_font' in `define_font'.
Lua-only attribute luaotfload_color_attribute = 2
luaotfload | conf : Root cache directory is "C:/Users/lehbib/AppData/Local/MiKTe
X/luatex-cache/generic/names".
Inserting `luaotfload.harf.strip_prefix' in `find_opentype_file'.
Inserting `luaotfload.harf.strip_prefix' in `find_truetype_file'.
Removing  `luaotfload.glyph_stream' from `glyph_stream_provider'.
Inserting `luaotfload.harf.glyphstream' in `glyph_stream_provider'.
Inserting `luaotfload.harf.finalize_vlist' in `post_linebreak_filter'.
Inserting `luaotfload.harf.finalize_hlist' in `hpack_filter'.
Inserting `luaotfload.cleanup_files' in `wrapup_run'.
Inserting `luaotfload.harf.finalize_unicode' in `finish_pdffile'.
Inserting `luaotfload.glyphinfo' in `glyph_info'.
Lua-only attribute luaotfload.letterspace_done = 3
Inserting `luaotfload.aux.set_sscale_dimens' in `luaotfload.patch_font'.
Inserting `luaotfload.aux.set_font_index' in `luaotfload.patch_font'.
Inserting `luaotfload.aux.patch_cambria_domh' in `luaotfload.patch_font'.
Inserting `luaotfload.aux.fixup_fontdata' in `luaotfload.patch_font_unsafe'.
Inserting `luaotfload.aux.set_capheight' in `luaotfload.patch_font'.
Inserting `luaotfload.aux.set_xheight' in `luaotfload.patch_font'.
Inserting `luaotfload.rewrite_fontname' in `luaotfload.patch_font'.
Inserting `tracingstacklevels' in `input_level_string'. (C:/Users/lehbib/AppDat
a/Local/Programs/MiKTeX/tex/latex/base/article.cls
Document Class: article 2024/06/29 v1.4n Standard LaTeX document class
(C:/Users/lehbib/AppData/Local/Programs/MiKTeX/tex/latex/base/size12.clo
File: size12.clo 2024/06/29 v1.4n Standard LaTeX file (size option)
luaotfload | db : Font names database loaded from C:/Users/lehbib/AppData/Local/
MiKTeX/luatex-cache/generic/names/luaotfload-names.luc.gz)
\c@part=\count194
\c@section=\count195
\c@subsection=\count196
\c@subsubsection=\count197
\c@paragraph=\count198
\c@subparagraph=\count199
\c@figure=\count266
\c@table=\count267
\abovecaptionskip=\skip49
\belowcaptionskip=\skip50
\bibindent=\dimen140
) (C:/Users/lehbib/AppData/Local/Programs/MiKTeX/tex/latex/base/inputenc.sty
Package: inputenc 2024/02/08 v1.3d Input encoding file
\inpenc@prehook=\toks17
\inpenc@posthook=\toks18

Package inputenc Warning: inputenc package ignored with utf8 based engines.

) (C:/Users/lehbib/AppData/Local/Programs/MiKTeX/tex/latex/base/fontenc.sty
Package: fontenc 2021/04/29 v2.0v Standard LaTeX package
LaTeX Font Info:    Trying to load font information for T1+lmr on input line 11
6.
(C:/Users/lehbib/AppData/Local/Programs/MiKTeX/tex/latex/lm/t1lmr.fd
File: t1lmr.fd 2015/05/01 v1.6.1 Font defs for Latin Modern
)) (C:/Users/lehbib/AppData/Local/Programs/MiKTeX/tex/latex/graphics/graphicx.s
ty
Package: graphicx 2021/09/16 v1.2d Enhanced LaTeX Graphics (DPC,SPQR)
(C:/Users/lehbib/AppData/Local/Programs/MiKTeX/tex/latex/graphics/keyval.sty
Package: keyval 2022/05/29 v1.15 key=value parser (DPC)
\KV@toks@=\toks19
) (C:/Users/lehbib/AppData/Local/Programs/MiKTeX/tex/latex/graphics/graphics.st
y
Package: graphics 2024/08/06 v1.4g Standard LaTeX Graphics (DPC,SPQR)
(C:/Users/lehbib/AppData/Local/Programs/MiKTeX/tex/latex/graphics/trig.sty
Package: trig 2023/12/02 v1.11 sin cos tan (DPC)
)
(C:/Users/lehbib/AppData/Local/Programs/MiKTeX/tex/latex/graphics-cfg/graphics.
cfg
File: graphics.cfg 2016/06/04 v1.11 sample graphics configuration
)
Package graphics Info: Driver file: luatex.def on input line 106.

(C:/Users/lehbib/AppData/Local/Programs/MiKTeX/tex/latex/graphics-def/luatex.de
f
File: luatex.def 2024/04/13 v1.2e Graphics/color driver for luatex
))
\Gin@req@height=\dimen141
\Gin@req@width=\dimen142
) (C:/Users/lehbib/AppData/Local/Programs/MiKTeX/tex/latex/booktabs/booktabs.st
y
Package: booktabs 2020/01/12 v1.61803398 Publication quality tables
\heavyrulewidth=\dimen143
\lightrulewidth=\dimen144
\cmidrulewidth=\dimen145
\belowrulesep=\dimen146
\belowbottomsep=\dimen147
\aboverulesep=\dimen148
\abovetopsep=\dimen149
\cmidrulesep=\dimen150
\cmidrulekern=\dimen151
\defaultaddspace=\dimen152
\@cmidla=\count268
\@cmidlb=\count269
\@aboverulesep=\dimen153
\@belowrulesep=\dimen154
\@thisruleclass=\count270
\@lastruleclass=\count271
\@thisrulewidth=\dimen155
) (C:/Users/lehbib/AppData/Local/Programs/MiKTeX/tex/latex/geometry/geometry.st
y
Package: geometry 2020/01/02 v5.9 Page Geometry
(C:/Users/lehbib/AppData/Local/Programs/MiKTeX/tex/generic/iftex/ifvtex.sty
Package: ifvtex 2019/10/25 v1.7 ifvtex legacy package. Use iftex instead.
(C:/Users/lehbib/AppData/Local/Programs/MiKTeX/tex/generic/iftex/iftex.sty
Package: iftex 2022/02/03 v1.0f TeX engine tests
))
\Gm@cnth=\count272
\Gm@cntv=\count273
\c@Gm@tempcnt=\count274
\Gm@bindingoffset=\dimen156
\Gm@wd@mp=\dimen157
\Gm@odd@mp=\dimen158
\Gm@even@mp=\dimen159
\Gm@layoutwidth=\dimen160
\Gm@layoutheight=\dimen161
\Gm@layouthoffset=\dimen162
\Gm@layoutvoffset=\dimen163
\Gm@dimlist=\toks20
(C:/Users/lehbib/AppData/Local/Programs/MiKTeX/tex/latex/geometry/geometry.cfg))
(C:/Users/lehbib/AppData/Local/Programs/MiKTeX/tex/latex/caption/caption.sty
Package: caption 2023/08/05 v3.6o Customizing captions (AR)
(C:/Users/lehbib/AppData/Local/Programs/MiKTeX/tex/latex/caption/caption3.sty
Package: caption3 2023/07/31 v2.4d caption3 kernel (AR)
\caption@tempdima=\dimen164
\captionmargin=\dimen165
\caption@leftmargin=\dimen166
\caption@rightmargin=\dimen167
\caption@width=\dimen168
\caption@indent=\dimen169
\caption@parindent=\dimen170
\caption@hangindent=\dimen171
Package caption Info: Standard document class detected.
)
\c@caption@flags=\count275
\c@continuedfloat=\count276
) (C:/Users/lehbib/AppData/Local/Programs/MiKTeX/tex/latex/float/float.sty
Package: float 2001/11/08 v1.3d Float enhancements (AL)
\c@float@type=\count277
\float@exts=\toks21
\float@box=\box52
\@float@everytoks=\toks22
\@floatcapt=\box53
) (C:/Users/lehbib/AppData/Local/Programs/MiKTeX/tex/latex/natbib/natbib.sty
Package: natbib 2010/09/13 8.31b (PWD, AO)
\bibhang=\skip51
\bibsep=\skip52
LaTeX Info: Redefining \cite on input line 694.
\c@NAT@ctr=\count278
) (C:/Users/lehbib/AppData/Local/Programs/MiKTeX/tex/latex/xcolor/xcolor.sty
Package: xcolor 2024/09/29 v3.02 LaTeX color extensions (UK)

(C:/Users/lehbib/AppData/Local/Programs/MiKTeX/tex/latex/graphics-cfg/color.cfg
File: color.cfg 2016/01/02 v1.6 sample color configuration
)
Package xcolor Info: Driver file: luatex.def on input line 274.

(C:/Users/lehbib/AppData/Local/Programs/MiKTeX/tex/latex/graphics/mathcolor.ltx
)
Package xcolor Info: Model `cmy' substituted by `cmy0' on input line 1349.
Package xcolor Info: Model `hsb' substituted by `rgb' on input line 1353.
Package xcolor Info: Model `RGB' extended on input line 1365.
Package xcolor Info: Model `HTML' substituted by `rgb' on input line 1367.
Package xcolor Info: Model `Hsb' substituted by `hsb' on input line 1368.
Package xcolor Info: Model `tHsb' substituted by `hsb' on input line 1369.
Package xcolor Info: Model `HSB' substituted by `hsb' on input line 1370.
Package xcolor Info: Model `Gray' substituted by `gray' on input line 1371.
Package xcolor Info: Model `wave' substituted by `hsb' on input line 1372.
) (C:/Users/lehbib/AppData/Local/Programs/MiKTeX/tex/latex/colortbl/colortbl.st
y
Package: colortbl 2024/07/06 v1.0i Color table columns (DPC)
(C:/Users/lehbib/AppData/Local/Programs/MiKTeX/tex/latex/tools/array.sty
Package: array 2024/10/17 v2.6g Tabular extension package (FMi)
\col@sep=\dimen172
\ar@mcellbox=\box54
\extrarowheight=\dimen173
\NC@list=\toks23
\extratabsurround=\skip53
\backup@length=\skip54
\ar@cellbox=\box55
)
\everycr=\toks24
\minrowclearance=\skip55
\rownum=\count279
) (C:/Users/lehbib/AppData/Local/Programs/MiKTeX/tex/latex/graphics/rotating.st
y
Package: rotating 2016/08/11 v2.16d rotated objects in LaTeX
(C:/Users/lehbib/AppData/Local/Programs/MiKTeX/tex/latex/base/ifthen.sty
Package: ifthen 2024/03/16 v1.1e Standard LaTeX ifthen package (DPC)
)
\c@r@tfl@t=\count280
\rotFPtop=\skip56
\rotFPbot=\skip57
\rot@float@box=\box56
\rot@mess@toks=\toks25
) (C:/Users/lehbib/AppData/Local/Programs/MiKTeX/tex/latex/tools/tabularx.sty
Package: tabularx 2023/12/11 v2.12a `tabularx' package (DPC)
\TX@col@width=\dimen174
\TX@old@table=\dimen175
\TX@old@col=\dimen176
\TX@target=\dimen177
\TX@delta=\dimen178
\TX@cols=\count281
\TX@ftn=\toks26
)
(C:/Users/lehbib/AppData/Local/Programs/MiKTeX/tex/latex/pdflscape/pdflscape.st
y
Package: pdflscape 2022-10-27 v0.13 Display of landscape pages in PDF

(C:/Users/lehbib/AppData/Local/Programs/MiKTeX/tex/latex/pdflscape/pdflscape-no
metadata.sty
Package: pdflscape-nometadata 2022-10-28 v0.13 Display of landscape pages in PD
F (HO)
(C:/Users/lehbib/AppData/Local/Programs/MiKTeX/tex/latex/graphics/lscape.sty
Package: lscape 2020/05/28 v3.02 Landscape Pages (DPC)
)
Package pdflscape Info: Auto-detected driver: pdftex on input line 81.
))
(C:/Users/lehbib/AppData/Local/Programs/MiKTeX/tex/latex/adjustbox/adjustbox.st
y
Package: adjustbox 2022/10/17 v1.3a Adjusting TeX boxes (trim, clip, ...)
(C:/Users/lehbib/AppData/Local/Programs/MiKTeX/tex/latex/xkeyval/xkeyval.sty
Package: xkeyval 2022/06/16 v2.9 package option processing (HA)
(C:/Users/lehbib/AppData/Local/Programs/MiKTeX/tex/generic/xkeyval/xkeyval.tex
(C:/Users/lehbib/AppData/Local/Programs/MiKTeX/tex/generic/xkeyval/xkvutils.tex
\XKV@toks=\toks27
\XKV@tempa@toks=\toks28
)
\XKV@depth=\count282
File: xkeyval.tex 2014/12/03 v2.7a key=value parser (HA)
)) (C:/Users/lehbib/AppData/Local/Programs/MiKTeX/tex/latex/adjustbox/adjcalc.s
ty
Package: adjcalc 2012/05/16 v1.1 Provides advanced setlength with multiple back
-ends (calc, etex, pgfmath)
)
(C:/Users/lehbib/AppData/Local/Programs/MiKTeX/tex/latex/adjustbox/trimclip.sty
Package: trimclip 2020/08/19 v1.2 Trim and clip general TeX material

(C:/Users/lehbib/AppData/Local/Programs/MiKTeX/tex/latex/collectbox/collectbox.
sty
Package: collectbox 2022/10/17 v0.4c Collect macro arguments as boxes
\collectedbox=\box57
)
\tc@llx=\dimen179
\tc@lly=\dimen180
\tc@urx=\dimen181
\tc@ury=\dimen182
(C:/Users/lehbib/AppData/Local/Programs/MiKTeX/tex/latex/adjustbox/tc-pgf.def
File: tc-pgf.def 2019/01/04 v2.2 trimclip fall-back clipping driver using PGF

(C:/Users/lehbib/AppData/Local/Programs/MiKTeX/tex/latex/pgf/basiclayer/pgf.sty

(C:/Users/lehbib/AppData/Local/Programs/MiKTeX/tex/latex/pgf/utilities/pgfrcs.s
ty
(C:/Users/lehbib/AppData/Local/Programs/MiKTeX/tex/generic/pgf/utilities/pgfuti
l-common.tex
\pgfutil@everybye=\toks29
\pgfutil@tempdima=\dimen183
\pgfutil@tempdimb=\dimen184
)
(C:/Users/lehbib/AppData/Local/Programs/MiKTeX/tex/generic/pgf/utilities/pgfuti
l-latex.def
\pgfutil@abb=\box58
)
(C:/Users/lehbib/AppData/Local/Programs/MiKTeX/tex/generic/pgf/utilities/pgfrcs
.code.tex
(C:/Users/lehbib/AppData/Local/Programs/MiKTeX/tex/generic/pgf/pgf.revision.tex
)
Package: pgfrcs 2023-01-15 v3.1.10 (3.1.10)
))
Package: pgf 2023-01-15 v3.1.10 (3.1.10)

(C:/Users/lehbib/AppData/Local/Programs/MiKTeX/tex/latex/pgf/basiclayer/pgfcore
.sty
(C:/Users/lehbib/AppData/Local/Programs/MiKTeX/tex/latex/pgf/systemlayer/pgfsys
.sty
(C:/Users/lehbib/AppData/Local/Programs/MiKTeX/tex/generic/pgf/systemlayer/pgfs
ys.code.tex
Package: pgfsys 2023-01-15 v3.1.10 (3.1.10)

(C:/Users/lehbib/AppData/Local/Programs/MiKTeX/tex/generic/pgf/utilities/pgfkey
s.code.tex
\pgfkeys@pathtoks=\toks30
\pgfkeys@temptoks=\toks31

(C:/Users/lehbib/AppData/Local/Programs/MiKTeX/tex/generic/pgf/utilities/pgfkey
slibraryfiltered.code.tex
\pgfkeys@tmptoks=\toks32
))
\pgf@x=\dimen185
\pgf@y=\dimen186
\pgf@xa=\dimen187
\pgf@ya=\dimen188
\pgf@xb=\dimen189
\pgf@yb=\dimen190
\pgf@xc=\dimen191
\pgf@yc=\dimen192
\pgf@xd=\dimen193
\pgf@yd=\dimen194
\w@pgf@writea=\write3
\r@pgf@reada=\read2
\c@pgf@counta=\count283
\c@pgf@countb=\count284
\c@pgf@countc=\count285
\c@pgf@countd=\count286
\t@pgf@toka=\toks33
\t@pgf@tokb=\toks34
\t@pgf@tokc=\toks35
\pgf@sys@id@count=\count287

(C:/Users/lehbib/AppData/Local/Programs/MiKTeX/tex/generic/pgf/systemlayer/pgf.
cfg
File: pgf.cfg 2023-01-15 v3.1.10 (3.1.10)
)
Driver file for pgf: pgfsys-luatex.def

(C:/Users/lehbib/AppData/Local/Programs/MiKTeX/tex/generic/pgf/systemlayer/pgfs
ys-luatex.def
File: pgfsys-luatex.def 2023-01-15 v3.1.10 (3.1.10)

(C:/Users/lehbib/AppData/Local/Programs/MiKTeX/tex/generic/pgf/systemlayer/pgfs
ys-common-pdf.def
File: pgfsys-common-pdf.def 2023-01-15 v3.1.10 (3.1.10)
)))
(C:/Users/lehbib/AppData/Local/Programs/MiKTeX/tex/generic/pgf/systemlayer/pgfs
yssoftpath.code.tex
File: pgfsyssoftpath.code.tex 2023-01-15 v3.1.10 (3.1.10)
\pgfsyssoftpath@smallbuffer@items=\count288
\pgfsyssoftpath@bigbuffer@items=\count289
)
(C:/Users/lehbib/AppData/Local/Programs/MiKTeX/tex/generic/pgf/systemlayer/pgfs
ysprotocol.code.tex
File: pgfsysprotocol.code.tex 2023-01-15 v3.1.10 (3.1.10)
))
(C:/Users/lehbib/AppData/Local/Programs/MiKTeX/tex/generic/pgf/basiclayer/pgfco
re.code.tex
Package: pgfcore 2023-01-15 v3.1.10 (3.1.10)

(C:/Users/lehbib/AppData/Local/Programs/MiKTeX/tex/generic/pgf/math/pgfmath.cod
e.tex
(C:/Users/lehbib/AppData/Local/Programs/MiKTeX/tex/generic/pgf/math/pgfmathutil
.code.tex)
(C:/Users/lehbib/AppData/Local/Programs/MiKTeX/tex/generic/pgf/math/pgfmathpars
er.code.tex
\pgfmath@dimen=\dimen195
\pgfmath@count=\count290
\pgfmath@box=\box59
\pgfmath@toks=\toks36
\pgfmath@stack@operand=\toks37
\pgfmath@stack@operation=\toks38
)
(C:/Users/lehbib/AppData/Local/Programs/MiKTeX/tex/generic/pgf/math/pgfmathfunc
tions.code.tex)
(C:/Users/lehbib/AppData/Local/Programs/MiKTeX/tex/generic/pgf/math/pgfmathfunc
tions.basic.code.tex)
(C:/Users/lehbib/AppData/Local/Programs/MiKTeX/tex/generic/pgf/math/pgfmathfunc
tions.trigonometric.code.tex)
(C:/Users/lehbib/AppData/Local/Programs/MiKTeX/tex/generic/pgf/math/pgfmathfunc
tions.random.code.tex)
(C:/Users/lehbib/AppData/Local/Programs/MiKTeX/tex/generic/pgf/math/pgfmathfunc
tions.comparison.code.tex)
(C:/Users/lehbib/AppData/Local/Programs/MiKTeX/tex/generic/pgf/math/pgfmathfunc
tions.base.code.tex)
(C:/Users/lehbib/AppData/Local/Programs/MiKTeX/tex/generic/pgf/math/pgfmathfunc
tions.round.code.tex)
(C:/Users/lehbib/AppData/Local/Programs/MiKTeX/tex/generic/pgf/math/pgfmathfunc
tions.misc.code.tex)
(C:/Users/lehbib/AppData/Local/Programs/MiKTeX/tex/generic/pgf/math/pgfmathfunc
tions.integerarithmetics.code.tex)
(C:/Users/lehbib/AppData/Local/Programs/MiKTeX/tex/generic/pgf/math/pgfmathcalc
.code.tex)
(C:/Users/lehbib/AppData/Local/Programs/MiKTeX/tex/generic/pgf/math/pgfmathfloa
t.code.tex
\c@pgfmathroundto@lastzeros=\count291
))
(C:/Users/lehbib/AppData/Local/Programs/MiKTeX/tex/generic/pgf/math/pgfint.code
.tex)
(C:/Users/lehbib/AppData/Local/Programs/MiKTeX/tex/generic/pgf/basiclayer/pgfco
repoints.code.tex
File: pgfcorepoints.code.tex 2023-01-15 v3.1.10 (3.1.10)
\pgf@picminx=\dimen196
\pgf@picmaxx=\dimen197
\pgf@picminy=\dimen198
\pgf@picmaxy=\dimen199
\pgf@pathminx=\dimen256
\pgf@pathmaxx=\dimen257
\pgf@pathminy=\dimen258
\pgf@pathmaxy=\dimen259
\pgf@xx=\dimen260
\pgf@xy=\dimen261
\pgf@yx=\dimen262
\pgf@yy=\dimen263
\pgf@zx=\dimen264
\pgf@zy=\dimen265
)
(C:/Users/lehbib/AppData/Local/Programs/MiKTeX/tex/generic/pgf/basiclayer/pgfco
repathconstruct.code.tex
File: pgfcorepathconstruct.code.tex 2023-01-15 v3.1.10 (3.1.10)
\pgf@path@lastx=\dimen266
\pgf@path@lasty=\dimen267
)
(C:/Users/lehbib/AppData/Local/Programs/MiKTeX/tex/generic/pgf/basiclayer/pgfco
repathusage.code.tex
File: pgfcorepathusage.code.tex 2023-01-15 v3.1.10 (3.1.10)
\pgf@shorten@end@additional=\dimen268
\pgf@shorten@start@additional=\dimen269
)
(C:/Users/lehbib/AppData/Local/Programs/MiKTeX/tex/generic/pgf/basiclayer/pgfco
rescopes.code.tex
File: pgfcorescopes.code.tex 2023-01-15 v3.1.10 (3.1.10)
\pgfpic=\box60
\pgf@hbox=\box61
\pgf@layerbox@main=\box62
\pgf@picture@serial@count=\count292
)
(C:/Users/lehbib/AppData/Local/Programs/MiKTeX/tex/generic/pgf/basiclayer/pgfco
regraphicstate.code.tex
File: pgfcoregraphicstate.code.tex 2023-01-15 v3.1.10 (3.1.10)
\pgflinewidth=\dimen270
)
(C:/Users/lehbib/AppData/Local/Programs/MiKTeX/tex/generic/pgf/basiclayer/pgfco
retransformations.code.tex
File: pgfcoretransformations.code.tex 2023-01-15 v3.1.10 (3.1.10)
\pgf@pt@x=\dimen271
\pgf@pt@y=\dimen272
\pgf@pt@temp=\dimen273
)
(C:/Users/lehbib/AppData/Local/Programs/MiKTeX/tex/generic/pgf/basiclayer/pgfco
requick.code.tex
File: pgfcorequick.code.tex 2023-01-15 v3.1.10 (3.1.10)
)
(C:/Users/lehbib/AppData/Local/Programs/MiKTeX/tex/generic/pgf/basiclayer/pgfco
reobjects.code.tex
File: pgfcoreobjects.code.tex 2023-01-15 v3.1.10 (3.1.10)
)
(C:/Users/lehbib/AppData/Local/Programs/MiKTeX/tex/generic/pgf/basiclayer/pgfco
repathprocessing.code.tex
File: pgfcorepathprocessing.code.tex 2023-01-15 v3.1.10 (3.1.10)
)
(C:/Users/lehbib/AppData/Local/Programs/MiKTeX/tex/generic/pgf/basiclayer/pgfco
rearrows.code.tex
File: pgfcorearrows.code.tex 2023-01-15 v3.1.10 (3.1.10)
\pgfarrowsep=\dimen274
)
(C:/Users/lehbib/AppData/Local/Programs/MiKTeX/tex/generic/pgf/basiclayer/pgfco
reshade.code.tex
File: pgfcoreshade.code.tex 2023-01-15 v3.1.10 (3.1.10)
\pgf@max=\dimen275
\pgf@sys@shading@range@num=\count293
\pgf@shadingcount=\count294
)
(C:/Users/lehbib/AppData/Local/Programs/MiKTeX/tex/generic/pgf/basiclayer/pgfco
reimage.code.tex
File: pgfcoreimage.code.tex 2023-01-15 v3.1.10 (3.1.10)
)
(C:/Users/lehbib/AppData/Local/Programs/MiKTeX/tex/generic/pgf/basiclayer/pgfco
reexternal.code.tex
File: pgfcoreexternal.code.tex 2023-01-15 v3.1.10 (3.1.10)
\pgfexternal@startupbox=\box63
)
(C:/Users/lehbib/AppData/Local/Programs/MiKTeX/tex/generic/pgf/basiclayer/pgfco
relayers.code.tex
File: pgfcorelayers.code.tex 2023-01-15 v3.1.10 (3.1.10)
)
(C:/Users/lehbib/AppData/Local/Programs/MiKTeX/tex/generic/pgf/basiclayer/pgfco
retransparency.code.tex
File: pgfcoretransparency.code.tex 2023-01-15 v3.1.10 (3.1.10)
)
(C:/Users/lehbib/AppData/Local/Programs/MiKTeX/tex/generic/pgf/basiclayer/pgfco
repatterns.code.tex
File: pgfcorepatterns.code.tex 2023-01-15 v3.1.10 (3.1.10)
)
(C:/Users/lehbib/AppData/Local/Programs/MiKTeX/tex/generic/pgf/basiclayer/pgfco
rerdf.code.tex
File: pgfcorerdf.code.tex 2023-01-15 v3.1.10 (3.1.10)
)))
(C:/Users/lehbib/AppData/Local/Programs/MiKTeX/tex/generic/pgf/modules/pgfmodul
eshapes.code.tex
File: pgfmoduleshapes.code.tex 2023-01-15 v3.1.10 (3.1.10)
\pgfnodeparttextbox=\box64
)
(C:/Users/lehbib/AppData/Local/Programs/MiKTeX/tex/generic/pgf/modules/pgfmodul
eplot.code.tex
File: pgfmoduleplot.code.tex 2023-01-15 v3.1.10 (3.1.10)
)
(C:/Users/lehbib/AppData/Local/Programs/MiKTeX/tex/latex/pgf/compatibility/pgfc
omp-version-0-65.sty
Package: pgfcomp-version-0-65 2023-01-15 v3.1.10 (3.1.10)
\pgf@nodesepstart=\dimen276
\pgf@nodesepend=\dimen277
)
(C:/Users/lehbib/AppData/Local/Programs/MiKTeX/tex/latex/pgf/compatibility/pgfc
omp-version-1-18.sty
Package: pgfcomp-version-1-18 2023-01-15 v3.1.10 (3.1.10)
)))
Package trimclip Info: No clipping driver 'tc-luatex.def' available.
(trimclip)             Using fall-back PGF driver.
)
\adjbox@Width=\dimen278
\adjbox@Height=\dimen279
\adjbox@Depth=\dimen280
\adjbox@Totalheight=\dimen281
\adjbox@pwidth=\dimen282
\adjbox@pheight=\dimen283
\adjbox@pdepth=\dimen284
\adjbox@ptotalheight=\dimen285

(C:/Users/lehbib/AppData/Local/Programs/MiKTeX/tex/latex/ifoddpage/ifoddpage.st
y
Package: ifoddpage 2022/10/18 v1.2 Conditionals for odd/even page detection
\c@checkoddpage=\count295
) (C:/Users/lehbib/AppData/Local/Programs/MiKTeX/tex/latex/varwidth/varwidth.st
y
Package: varwidth 2009/03/30 ver 0.92;  Variable-width minipages
\@vwid@box=\box65
\sift@deathcycles=\count296
\@vwid@loff=\dimen286
\@vwid@roff=\dimen287
)) (C:/Users/lehbib/AppData/Local/Programs/MiKTeX/tex/latex/psnfss/times.sty
Package: times 2020/03/25 PSNFSS-v9.3 (SPQR) 
) (C:/Users/lehbib/AppData/Local/Programs/MiKTeX/tex/latex/fancyhdr/fancyhdr.st
y
Package: fancyhdr 2024/11/20 v4.4 Extensive control of page headers and footers

\f@nch@headwidth=\skip58
\f@nch@O@elh=\skip59
\f@nch@O@erh=\skip60
\f@nch@O@olh=\skip61
\f@nch@O@orh=\skip62
\f@nch@O@elf=\skip63
\f@nch@O@erf=\skip64
\f@nch@O@olf=\skip65
\f@nch@O@orf=\skip66
) (C:/Users/lehbib/AppData/Local/Programs/MiKTeX/tex/latex/hyperref/hyperref.st
y
Package: hyperref 2024-11-05 v7.01l Hypertext links for LaTeX

(C:/Users/lehbib/AppData/Local/Programs/MiKTeX/tex/latex/kvsetkeys/kvsetkeys.st
y
Package: kvsetkeys 2022-10-05 v1.19 Key value parser (HO)
)
(C:/Users/lehbib/AppData/Local/Programs/MiKTeX/tex/generic/kvdefinekeys/kvdefin
ekeys.sty
Package: kvdefinekeys 2019-12-19 v1.6 Define keys (HO)
)
(C:/Users/lehbib/AppData/Local/Programs/MiKTeX/tex/generic/pdfescape/pdfescape.
sty
Package: pdfescape 2019/12/09 v1.15 Implements pdfTeX's escape features (HO)
(C:/Users/lehbib/AppData/Local/Programs/MiKTeX/tex/generic/ltxcmds/ltxcmds.sty
Package: ltxcmds 2023-12-04 v1.26 LaTeX kernel commands for general use (HO)
)
(C:/Users/lehbib/AppData/Local/Programs/MiKTeX/tex/generic/pdftexcmds/pdftexcmd
s.sty
Package: pdftexcmds 2020-06-27 v0.33 Utility functions of pdfTeX for LuaTeX (HO
)

(C:/Users/lehbib/AppData/Local/Programs/MiKTeX/tex/generic/infwarerr/infwarerr.
sty
Package: infwarerr 2019/12/03 v1.5 Providing info/warning/error messages (HO)
)
Package pdftexcmds Info: \pdf@primitive is available.
Package pdftexcmds Info: \pdf@ifprimitive is available.
Package pdftexcmds Info: \pdfdraftmode found.
\pdftexcmds@toks=\toks39
)) (C:/Users/lehbib/AppData/Local/Programs/MiKTeX/tex/latex/hycolor/hycolor.sty
Package: hycolor 2020-01-27 v1.10 Color options for hyperref/bookmark (HO)
) (C:/Users/lehbib/AppData/Local/Programs/MiKTeX/tex/latex/hyperref/nameref.sty
Package: nameref 2023-11-26 v2.56 Cross-referencing by name of section
(C:/Users/lehbib/AppData/Local/Programs/MiKTeX/tex/latex/refcount/refcount.sty
Package: refcount 2019/12/15 v3.6 Data extraction from label references (HO)
)
(C:/Users/lehbib/AppData/Local/Programs/MiKTeX/tex/generic/gettitlestring/getti
tlestring.sty
Package: gettitlestring 2019/12/15 v1.6 Cleanup title references (HO)

(C:/Users/lehbib/AppData/Local/Programs/MiKTeX/tex/latex/kvoptions/kvoptions.st
y
Package: kvoptions 2022-06-15 v3.15 Key value format for package options (HO)
))
\c@section@level=\count297
) (C:/Users/lehbib/AppData/Local/Programs/MiKTeX/tex/latex/etoolbox/etoolbox.st
y
Package: etoolbox 2020/10/05 v2.5k e-TeX tools for LaTeX (JAW)
\etb@tempcnta=\count298
)
(C:/Users/lehbib/AppData/Local/Programs/MiKTeX/tex/generic/stringenc/stringenc.
sty
Package: stringenc 2019/11/29 v1.12 Convert strings between diff. encodings (HO
)
)
\@linkdim=\dimen288
\Hy@linkcounter=\count299
\Hy@pagecounter=\count300
(C:/Users/lehbib/AppData/Local/Programs/MiKTeX/tex/latex/hyperref/pd1enc.def
File: pd1enc.def 2024-11-05 v7.01l Hyperref: PDFDocEncoding definition (HO)
) (C:/Users/lehbib/AppData/Local/Programs/MiKTeX/tex/generic/intcalc/intcalc.st
y
Package: intcalc 2019/12/15 v1.3 Expandable calculations with integers (HO)
)
\Hy@SavedSpaceFactor=\count301
(C:/Users/lehbib/AppData/Local/Programs/MiKTeX/tex/latex/hyperref/puenc.def
File: puenc.def 2024-11-05 v7.01l Hyperref: PDF Unicode definition (HO)
)
Package hyperref Info: Option `colorlinks' set `true' on input line 4040.
Package hyperref Info: Hyper figures OFF on input line 4157.
Package hyperref Info: Link nesting OFF on input line 4162.
Package hyperref Info: Hyper index ON on input line 4165.
Package hyperref Info: Plain pages OFF on input line 4172.
Package hyperref Info: Backreferencing OFF on input line 4177.
Package hyperref Info: Implicit mode ON; LaTeX internals redefined.
Package hyperref Info: Bookmarks ON on input line 4424.
\c@Hy@tempcnt=\count302
(C:/Users/lehbib/AppData/Local/Programs/MiKTeX/tex/latex/url/url.sty
\Urlmuskip=\muskip17
Package: url 2013/09/16  ver 3.4  Verb mode for urls, etc.
)
LaTeX Info: Redefining \url on input line 4763.
\XeTeXLinkMargin=\dimen289
(C:/Users/lehbib/AppData/Local/Programs/MiKTeX/tex/generic/bitset/bitset.sty
Package: bitset 2019/12/09 v1.3 Handle bit-vector datatype (HO)

(C:/Users/lehbib/AppData/Local/Programs/MiKTeX/tex/generic/bigintcalc/bigintcal
c.sty
Package: bigintcalc 2019/12/15 v1.5 Expandable calculations on big integers (HO
)
))
\Fld@menulength=\count303
\Field@Width=\dimen290
\Fld@charsize=\dimen291
Package hyperref Info: Hyper figures OFF on input line 6042.
Package hyperref Info: Link nesting OFF on input line 6047.
Package hyperref Info: Hyper index ON on input line 6050.
Package hyperref Info: backreferencing OFF on input line 6057.
Package hyperref Info: Link coloring ON on input line 6060.
Package hyperref Info: Link coloring with OCG OFF on input line 6067.
Package hyperref Info: PDF/A mode OFF on input line 6072.
(C:/Users/lehbib/AppData/Local/Programs/MiKTeX/tex/latex/base/atbegshi-ltx.sty
Package: atbegshi-ltx 2021/01/10 v1.0c Emulation of the original atbegshi
package with kernel methods
)
\Hy@abspage=\count304
\c@Item=\count305
\c@Hfootnote=\count306
)
Package hyperref Info: Driver (autodetected): hluatex.
(C:/Users/lehbib/AppData/Local/Programs/MiKTeX/tex/latex/hyperref/hluatex.def
File: hluatex.def 2024-11-05 v7.01l Hyperref driver for luaTeX

(C:/Users/lehbib/AppData/Local/Programs/MiKTeX/tex/latex/base/atveryend-ltx.sty
Package: atveryend-ltx 2020/08/19 v1.0a Emulation of the original atveryend pac
kage
with kernel methods
)
\Fld@listcount=\count307
\c@bookmark@seq@number=\count308

(C:/Users/lehbib/AppData/Local/Programs/MiKTeX/tex/latex/rerunfilecheck/rerunfi
lecheck.sty
Package: rerunfilecheck 2022-07-10 v1.10 Rerun checks for auxiliary files (HO)

(C:/Users/lehbib/AppData/Local/Programs/MiKTeX/tex/generic/uniquecounter/unique
counter.sty
Package: uniquecounter 2019/12/15 v1.4 Provide unlimited unique counter (HO)
)
Package uniquecounter Info: New unique counter `rerunfilecheck' on input line 2
85.
)
\Hy@SectionHShift=\skip67
)
LaTeX Font Info:    Trying to load font information for T1+ptm on input line 34
.
(C:/Users/lehbib/AppData/Local/Programs/MiKTeX/tex/latex/psnfss/t1ptm.fd
File: t1ptm.fd 2001/06/04 font definitions for T1/ptm.
)
(C:/Users/lehbib/AppData/Local/Programs/MiKTeX/tex/latex/l3backend/l3backend-lu
atex.def
File: l3backend-luatex.def 2024-05-08 L3 backend support: PDF output (LuaTeX)
\l__color_backend_stack_int=\count309
Inserting `l3color' in `luaotfload.parse_color'.
\l__pdf_internal_box=\box66
) (./HPI.aux)
\openout1 = HPI.aux

LaTeX Font Info:    Checking defaults for OML/cmm/m/it on input line 34.
LaTeX Font Info:    ... okay on input line 34.
LaTeX Font Info:    Checking defaults for OMS/cmsy/m/n on input line 34.
LaTeX Font Info:    ... okay on input line 34.
LaTeX Font Info:    Checking defaults for OT1/cmr/m/n on input line 34.
LaTeX Font Info:    ... okay on input line 34.
LaTeX Font Info:    Checking defaults for T1/cmr/m/n on input line 34.
LaTeX Font Info:    ... okay on input line 34.
LaTeX Font Info:    Checking defaults for TS1/cmr/m/n on input line 34.
LaTeX Font Info:    ... okay on input line 34.
LaTeX Font Info:    Checking defaults for TU/lmr/m/n on input line 34.
LaTeX Font Info:    ... okay on input line 34.
LaTeX Font Info:    Checking defaults for OMX/cmex/m/n on input line 34.
LaTeX Font Info:    ... okay on input line 34.
LaTeX Font Info:    Checking defaults for U/cmr/m/n on input line 34.
LaTeX Font Info:    ... okay on input line 34.
LaTeX Font Info:    Checking defaults for PD1/pdf/m/n on input line 34.
LaTeX Font Info:    ... okay on input line 34.
LaTeX Font Info:    Checking defaults for PU/pdf/m/n on input line 34.
LaTeX Font Info:    ... okay on input line 34.

(C:/Users/lehbib/AppData/Local/Programs/MiKTeX/tex/context/base/mkii/supp-pdf.m
kii
[Loading MPS to PDF converter (version 2006.09.02).]
\scratchcounter=\count310
\scratchdimen=\dimen292
\scratchbox=\box67
\nofMPsegments=\count311
\nofMParguments=\count312
\everyMPshowfont=\toks40
\MPscratchCnt=\count313
\MPscratchDim=\dimen293
\MPnumerator=\count314
\makeMPintoPDFobject=\count315
\everyMPtoPDFconversion=\toks41
)
(C:/Users/lehbib/AppData/Local/Programs/MiKTeX/tex/latex/epstopdf-pkg/epstopdf-
base.sty
Package: epstopdf-base 2020-01-24 v2.11 Base part for package epstopdf
Package epstopdf-base Info: Redefining graphics rule for `.eps' on input line 4
85.

(C:/Users/lehbib/AppData/Local/Programs/MiKTeX/tex/latex/00miktex/epstopdf-sys.
cfg
File: epstopdf-sys.cfg 2021/03/18 v2.0 Configuration of epstopdf for MiKTeX
))
*geometry* driver: auto-detecting
*geometry* detected driver: luatex
*geometry* verbose mode - [ preamble ] result:
* driver: luatex
* paper: custom
* layout: <same size as paper>
* layoutoffset:(h,v)=(0.0pt,0.0pt)
* modes: landscape 
* h-part:(L,W,R)=(36.135pt, 1084.05pt, 36.135pt)
* v-part:(T,H,B)=(36.135pt, 722.7pt, 36.135pt)
* \paperwidth=1156.31999pt
* \paperheight=794.96999pt
* \textwidth=1084.05pt
* \textheight=722.7pt
* \oddsidemargin=-36.135pt
* \evensidemargin=-36.135pt
* \topmargin=-55.36243pt
* \headheight=12.0pt
* \headsep=7.22743pt
* \topskip=12.0pt
* \footskip=30.0pt
* \marginparwidth=144.0pt
* \marginparsep=10.0pt
* \columnsep=10.0pt
* \skip\footins=10.8pt plus 4.0pt minus 2.0pt
* \hoffset=0.0pt
* \voffset=0.0pt
* \mag=1000
* \@twocolumnfalse
* \@twosidefalse
* \@mparswitchfalse
* \@reversemarginfalse
* (1in=72.27pt=25.4mm, 1cm=28.453pt)

Package caption Info: Begin \AtBeginDocument code.
Package caption Info: float package is loaded.
Package caption Info: hyperref package is loaded.
Package caption Info: rotating package is loaded.
Package caption Info: End \AtBeginDocument code.
Package hyperref Info: Link coloring ON on input line 34.
(./HPI.out) (./HPI.out)
\@outlinefile=\write4

\openout4 = HPI.out
LaTeX Font Info:    External font `cmex10' loaded for size
(Font)              <14.4> on input line 38.
LaTeX Font Info:    External font `cmex10' loaded for size
(Font)              <7> on input line 38.

LaTeX Warning: No \author given.



[1

{C:/Users/lehbib/AppData/Local/MiKTeX/fonts/map/pdftex/pdftex.map}]

Package hyperref Warning: Option `colorlinks' has already been used,
(hyperref)                setting the option has no effect on input line 42.

(./HPI.toc


warning  (pdf backend): ignoring duplicate destination with the name 'page.1'
[1

]

[2])
\tf@toc=\write5

\openout5 = HPI.toc
LaTeX Font Info:    External font `cmex10' loaded for size
(Font)              <10.95> on input line 60.
LaTeX Font Info:    External font `cmex10' loaded for size
(Font)              <8> on input line 60.
LaTeX Font Info:    External font `cmex10' loaded for size
(Font)              <6> on input line 60.

warning  (file graphs/AUS_HPI.pdf) (pdf inclusion): PDF inclusion: found PDF ver
sion '1.6', but at most version '1.5' allowed
<graphs/AUS_HPI.pdf, id=390, 542.025pt x 325.215pt>
File: graphs/AUS_HPI.pdf Graphic file (type pdf)
<use graphs/AUS_HPI.pdf>
Package luatex.def Info: graphs/AUS_HPI.pdf  used on input line 71.
(luatex.def)             Requested size: 722.76163pt x 433.65697pt.

warning  (file graphs/AUT_HPI.pdf) (pdf inclusion): PDF inclusion: found PDF ver
sion '1.6', but at most version '1.5' allowed
<graphs/AUT_HPI.pdf, id=393, 542.025pt x 325.215pt>
File: graphs/AUT_HPI.pdf Graphic file (type pdf)
<use graphs/AUT_HPI.pdf>
Package luatex.def Info: graphs/AUT_HPI.pdf  used on input line 97.
(luatex.def)             Requested size: 722.76163pt x 433.65697pt.

warning  (file graphs/BEL_HPI.pdf) (pdf inclusion): PDF inclusion: found PDF ver
sion '1.6', but at most version '1.5' allowed
<graphs/BEL_HPI.pdf, id=398, 542.025pt x 325.215pt>
File: graphs/BEL_HPI.pdf Graphic file (type pdf)
<use graphs/BEL_HPI.pdf>
Package luatex.def Info: graphs/BEL_HPI.pdf  used on input line 124.
(luatex.def)             Requested size: 722.76163pt x 433.65697pt.

warning  (file graphs/BRA_HPI.pdf) (pdf inclusion): PDF inclusion: found PDF ver
sion '1.6', but at most version '1.5' allowed
<graphs/BRA_HPI.pdf, id=401, 542.025pt x 325.215pt>
File: graphs/BRA_HPI.pdf Graphic file (type pdf)
<use graphs/BRA_HPI.pdf>
Package luatex.def Info: graphs/BRA_HPI.pdf  used on input line 150.
(luatex.def)             Requested size: 722.76163pt x 433.65697pt.

warning  (file graphs/BGR_HPI.pdf) (pdf inclusion): PDF inclusion: found PDF ver
sion '1.6', but at most version '1.5' allowed
<graphs/BGR_HPI.pdf, id=404, 542.025pt x 325.215pt>
File: graphs/BGR_HPI.pdf Graphic file (type pdf)
<use graphs/BGR_HPI.pdf>
Package luatex.def Info: graphs/BGR_HPI.pdf  used on input line 176.
(luatex.def)             Requested size: 722.76163pt x 433.65697pt.

warning  (file graphs/CAN_HPI.pdf) (pdf inclusion): PDF inclusion: found PDF ver
sion '1.6', but at most version '1.5' allowed
<graphs/CAN_HPI.pdf, id=409, 542.025pt x 325.215pt>
File: graphs/CAN_HPI.pdf Graphic file (type pdf)
<use graphs/CAN_HPI.pdf>
Package luatex.def Info: graphs/CAN_HPI.pdf  used on input line 203.
(luatex.def)             Requested size: 722.76163pt x 433.65697pt.

warning  (file graphs/CHL_HPI.pdf) (pdf inclusion): PDF inclusion: found PDF ver
sion '1.6', but at most version '1.5' allowed
<graphs/CHL_HPI.pdf, id=412, 542.025pt x 325.215pt>
File: graphs/CHL_HPI.pdf Graphic file (type pdf)
<use graphs/CHL_HPI.pdf>
Package luatex.def Info: graphs/CHL_HPI.pdf  used on input line 229.
(luatex.def)             Requested size: 722.76163pt x 433.65697pt.

warning  (file graphs/CHN_HPI.pdf) (pdf inclusion): PDF inclusion: found PDF ver
sion '1.6', but at most version '1.5' allowed
<graphs/CHN_HPI.pdf, id=415, 542.025pt x 325.215pt>
File: graphs/CHN_HPI.pdf Graphic file (type pdf)
<use graphs/CHN_HPI.pdf>
Package luatex.def Info: graphs/CHN_HPI.pdf  used on input line 255.
(luatex.def)             Requested size: 722.76163pt x 433.65697pt.

warning  (file graphs/COL_HPI.pdf) (pdf inclusion): PDF inclusion: found PDF ver
sion '1.6', but at most version '1.5' allowed
<graphs/COL_HPI.pdf, id=420, 542.025pt x 325.215pt>
File: graphs/COL_HPI.pdf Graphic file (type pdf)
<use graphs/COL_HPI.pdf>
Package luatex.def Info: graphs/COL_HPI.pdf  used on input line 282.
(luatex.def)             Requested size: 722.76163pt x 433.65697pt.

warning  (file graphs/HRV_HPI.pdf) (pdf inclusion): PDF inclusion: found PDF ver
sion '1.6', but at most version '1.5' allowed
<graphs/HRV_HPI.pdf, id=425, 542.025pt x 325.215pt>
File: graphs/HRV_HPI.pdf Graphic file (type pdf)
<use graphs/HRV_HPI.pdf>
Package luatex.def Info: graphs/HRV_HPI.pdf  used on input line 309.
(luatex.def)             Requested size: 722.76163pt x 433.65697pt.

warning  (file graphs/CYP_HPI.pdf) (pdf inclusion): PDF inclusion: found PDF ver
sion '1.6', but at most version '1.5' allowed
<graphs/CYP_HPI.pdf, id=428, 542.025pt x 325.215pt>
File: graphs/CYP_HPI.pdf Graphic file (type pdf)
<use graphs/CYP_HPI.pdf>
Package luatex.def Info: graphs/CYP_HPI.pdf  used on input line 335.
(luatex.def)             Requested size: 722.76163pt x 433.65697pt.

warning  (file graphs/CZE_HPI.pdf) (pdf inclusion): PDF inclusion: found PDF ver
sion '1.6', but at most version '1.5' allowed
<graphs/CZE_HPI.pdf, id=431, 542.025pt x 325.215pt>
File: graphs/CZE_HPI.pdf Graphic file (type pdf)
<use graphs/CZE_HPI.pdf>
Package luatex.def Info: graphs/CZE_HPI.pdf  used on input line 361.
(luatex.def)             Requested size: 722.76163pt x 433.65697pt.

warning  (file graphs/DNK_HPI.pdf) (pdf inclusion): PDF inclusion: found PDF ver
sion '1.6', but at most version '1.5' allowed
<graphs/DNK_HPI.pdf, id=436, 542.025pt x 325.215pt>
File: graphs/DNK_HPI.pdf Graphic file (type pdf)
<use graphs/DNK_HPI.pdf>
Package luatex.def Info: graphs/DNK_HPI.pdf  used on input line 388.
(luatex.def)             Requested size: 722.76163pt x 433.65697pt.

warning  (file graphs/EST_HPI.pdf) (pdf inclusion): PDF inclusion: found PDF ver
sion '1.6', but at most version '1.5' allowed
<graphs/EST_HPI.pdf, id=439, 542.025pt x 325.215pt>
File: graphs/EST_HPI.pdf Graphic file (type pdf)
<use graphs/EST_HPI.pdf>
Package luatex.def Info: graphs/EST_HPI.pdf  used on input line 414.
(luatex.def)             Requested size: 722.76163pt x 433.65697pt.

warning  (file graphs/FIN_HPI.pdf) (pdf inclusion): PDF inclusion: found PDF ver
sion '1.6', but at most version '1.5' allowed
<graphs/FIN_HPI.pdf, id=444, 542.025pt x 325.215pt>
File: graphs/FIN_HPI.pdf Graphic file (type pdf)
<use graphs/FIN_HPI.pdf>
Package luatex.def Info: graphs/FIN_HPI.pdf  used on input line 441.
(luatex.def)             Requested size: 722.76163pt x 433.65697pt.

warning  (file graphs/FRA_HPI.pdf) (pdf inclusion): PDF inclusion: found PDF ver
sion '1.6', but at most version '1.5' allowed
<graphs/FRA_HPI.pdf, id=449, 542.025pt x 325.215pt>
File: graphs/FRA_HPI.pdf Graphic file (type pdf)
<use graphs/FRA_HPI.pdf>
Package luatex.def Info: graphs/FRA_HPI.pdf  used on input line 468.
(luatex.def)             Requested size: 722.76163pt x 433.65697pt.

warning  (file graphs/DEU_HPI.pdf) (pdf inclusion): PDF inclusion: found PDF ver
sion '1.6', but at most version '1.5' allowed
<graphs/DEU_HPI.pdf, id=454, 542.025pt x 325.215pt>
File: graphs/DEU_HPI.pdf Graphic file (type pdf)
<use graphs/DEU_HPI.pdf>
Package luatex.def Info: graphs/DEU_HPI.pdf  used on input line 495.
(luatex.def)             Requested size: 722.76163pt x 433.65697pt.

warning  (file graphs/GRC_HPI.pdf) (pdf inclusion): PDF inclusion: found PDF ver
sion '1.6', but at most version '1.5' allowed
<graphs/GRC_HPI.pdf, id=457, 542.025pt x 325.215pt>
File: graphs/GRC_HPI.pdf Graphic file (type pdf)
<use graphs/GRC_HPI.pdf>
Package luatex.def Info: graphs/GRC_HPI.pdf  used on input line 521.
(luatex.def)             Requested size: 722.76163pt x 433.65697pt.

warning  (file graphs/HKG_HPI.pdf) (pdf inclusion): PDF inclusion: found PDF ver
sion '1.6', but at most version '1.5' allowed
<graphs/HKG_HPI.pdf, id=460, 542.025pt x 325.215pt>
File: graphs/HKG_HPI.pdf Graphic file (type pdf)
<use graphs/HKG_HPI.pdf>
Package luatex.def Info: graphs/HKG_HPI.pdf  used on input line 547.
(luatex.def)             Requested size: 722.76163pt x 433.65697pt.

warning  (file graphs/HUN_HPI.pdf) (pdf inclusion): PDF inclusion: found PDF ver
sion '1.6', but at most version '1.5' allowed
<graphs/HUN_HPI.pdf, id=463, 542.025pt x 325.215pt>
File: graphs/HUN_HPI.pdf Graphic file (type pdf)
<use graphs/HUN_HPI.pdf>
Package luatex.def Info: graphs/HUN_HPI.pdf  used on input line 573.
(luatex.def)             Requested size: 722.76163pt x 433.65697pt.

warning  (file graphs/ISL_HPI.pdf) (pdf inclusion): PDF inclusion: found PDF ver
sion '1.6', but at most version '1.5' allowed
<graphs/ISL_HPI.pdf, id=466, 542.025pt x 325.215pt>
File: graphs/ISL_HPI.pdf Graphic file (type pdf)
<use graphs/ISL_HPI.pdf>
Package luatex.def Info: graphs/ISL_HPI.pdf  used on input line 599.
(luatex.def)             Requested size: 722.76163pt x 433.65697pt.

warning  (file graphs/IND_HPI.pdf) (pdf inclusion): PDF inclusion: found PDF ver
sion '1.6', but at most version '1.5' allowed
<graphs/IND_HPI.pdf, id=469, 542.025pt x 325.215pt>
File: graphs/IND_HPI.pdf Graphic file (type pdf)
<use graphs/IND_HPI.pdf>
Package luatex.def Info: graphs/IND_HPI.pdf  used on input line 625.
(luatex.def)             Requested size: 722.76163pt x 433.65697pt.

warning  (file graphs/IDN_HPI.pdf) (pdf inclusion): PDF inclusion: found PDF ver
sion '1.6', but at most version '1.5' allowed
<graphs/IDN_HPI.pdf, id=472, 542.025pt x 325.215pt>
File: graphs/IDN_HPI.pdf Graphic file (type pdf)
<use graphs/IDN_HPI.pdf>
Package luatex.def Info: graphs/IDN_HPI.pdf  used on input line 651.
(luatex.def)             Requested size: 722.76163pt x 433.65697pt.

warning  (file graphs/IRL_HPI.pdf) (pdf inclusion): PDF inclusion: found PDF ver
sion '1.6', but at most version '1.5' allowed
<graphs/IRL_HPI.pdf, id=477, 542.025pt x 325.215pt>
File: graphs/IRL_HPI.pdf Graphic file (type pdf)
<use graphs/IRL_HPI.pdf>
Package luatex.def Info: graphs/IRL_HPI.pdf  used on input line 678.
(luatex.def)             Requested size: 722.76163pt x 433.65697pt.

warning  (file graphs/ISR_HPI.pdf) (pdf inclusion): PDF inclusion: found PDF ver
sion '1.6', but at most version '1.5' allowed
<graphs/ISR_HPI.pdf, id=482, 542.025pt x 325.215pt>
File: graphs/ISR_HPI.pdf Graphic file (type pdf)
<use graphs/ISR_HPI.pdf>
Package luatex.def Info: graphs/ISR_HPI.pdf  used on input line 705.
(luatex.def)             Requested size: 722.76163pt x 433.65697pt.

warning  (file graphs/ITA_HPI.pdf) (pdf inclusion): PDF inclusion: found PDF ver
sion '1.6', but at most version '1.5' allowed
<graphs/ITA_HPI.pdf, id=485, 542.025pt x 325.215pt>
File: graphs/ITA_HPI.pdf Graphic file (type pdf)
<use graphs/ITA_HPI.pdf>
Package luatex.def Info: graphs/ITA_HPI.pdf  used on input line 731.
(luatex.def)             Requested size: 722.76163pt x 433.65697pt.

warning  (file graphs/JPN_HPI.pdf) (pdf inclusion): PDF inclusion: found PDF ver
sion '1.6', but at most version '1.5' allowed
<graphs/JPN_HPI.pdf, id=490, 542.025pt x 325.215pt>
File: graphs/JPN_HPI.pdf Graphic file (type pdf)
<use graphs/JPN_HPI.pdf>
Package luatex.def Info: graphs/JPN_HPI.pdf  used on input line 758.
(luatex.def)             Requested size: 722.76163pt x 433.65697pt.

warning  (file graphs/LVA_HPI.pdf) (pdf inclusion): PDF inclusion: found PDF ver
sion '1.6', but at most version '1.5' allowed
<graphs/LVA_HPI.pdf, id=493, 542.025pt x 325.215pt>
File: graphs/LVA_HPI.pdf Graphic file (type pdf)
<use graphs/LVA_HPI.pdf>
Package luatex.def Info: graphs/LVA_HPI.pdf  used on input line 784.
(luatex.def)             Requested size: 722.76163pt x 433.65697pt.

warning  (file graphs/LTU_HPI.pdf) (pdf inclusion): PDF inclusion: found PDF ver
sion '1.6', but at most version '1.5' allowed
<graphs/LTU_HPI.pdf, id=496, 542.025pt x 325.215pt>
File: graphs/LTU_HPI.pdf Graphic file (type pdf)
<use graphs/LTU_HPI.pdf>
Package luatex.def Info: graphs/LTU_HPI.pdf  used on input line 810.
(luatex.def)             Requested size: 722.76163pt x 433.65697pt.

warning  (file graphs/LUX_HPI.pdf) (pdf inclusion): PDF inclusion: found PDF ver
sion '1.6', but at most version '1.5' allowed
<graphs/LUX_HPI.pdf, id=501, 542.025pt x 325.215pt>
File: graphs/LUX_HPI.pdf Graphic file (type pdf)
<use graphs/LUX_HPI.pdf>
Package luatex.def Info: graphs/LUX_HPI.pdf  used on input line 837.
(luatex.def)             Requested size: 722.76163pt x 433.65697pt.

warning  (file graphs/MKD_HPI.pdf) (pdf inclusion): PDF inclusion: found PDF ver
sion '1.6', but at most version '1.5' allowed
<graphs/MKD_HPI.pdf, id=504, 542.025pt x 325.215pt>
File: graphs/MKD_HPI.pdf Graphic file (type pdf)
<use graphs/MKD_HPI.pdf>
Package luatex.def Info: graphs/MKD_HPI.pdf  used on input line 863.
(luatex.def)             Requested size: 722.76163pt x 433.65697pt.

warning  (file graphs/MYS_HPI.pdf) (pdf inclusion): PDF inclusion: found PDF ver
sion '1.6', but at most version '1.5' allowed
<graphs/MYS_HPI.pdf, id=507, 542.025pt x 325.215pt>
File: graphs/MYS_HPI.pdf Graphic file (type pdf)
<use graphs/MYS_HPI.pdf>
Package luatex.def Info: graphs/MYS_HPI.pdf  used on input line 889.
(luatex.def)             Requested size: 722.76163pt x 433.65697pt.

warning  (file graphs/MLT_HPI.pdf) (pdf inclusion): PDF inclusion: found PDF ver
sion '1.6', but at most version '1.5' allowed
<graphs/MLT_HPI.pdf, id=510, 542.025pt x 325.215pt>
File: graphs/MLT_HPI.pdf Graphic file (type pdf)
<use graphs/MLT_HPI.pdf>
Package luatex.def Info: graphs/MLT_HPI.pdf  used on input line 915.
(luatex.def)             Requested size: 722.76163pt x 433.65697pt.

warning  (file graphs/MEX_HPI.pdf) (pdf inclusion): PDF inclusion: found PDF ver
sion '1.6', but at most version '1.5' allowed
<graphs/MEX_HPI.pdf, id=513, 542.025pt x 325.215pt>
File: graphs/MEX_HPI.pdf Graphic file (type pdf)
<use graphs/MEX_HPI.pdf>
Package luatex.def Info: graphs/MEX_HPI.pdf  used on input line 941.
(luatex.def)             Requested size: 722.76163pt x 433.65697pt.

warning  (file graphs/MAR_HPI.pdf) (pdf inclusion): PDF inclusion: found PDF ver
sion '1.6', but at most version '1.5' allowed
<graphs/MAR_HPI.pdf, id=516, 542.025pt x 325.215pt>
File: graphs/MAR_HPI.pdf Graphic file (type pdf)
<use graphs/MAR_HPI.pdf>
Package luatex.def Info: graphs/MAR_HPI.pdf  used on input line 967.
(luatex.def)             Requested size: 722.76163pt x 433.65697pt.

warning  (file graphs/NLD_HPI.pdf) (pdf inclusion): PDF inclusion: found PDF ver
sion '1.6', but at most version '1.5' allowed
<graphs/NLD_HPI.pdf, id=521, 542.025pt x 325.215pt>
File: graphs/NLD_HPI.pdf Graphic file (type pdf)
<use graphs/NLD_HPI.pdf>
Package luatex.def Info: graphs/NLD_HPI.pdf  used on input line 994.
(luatex.def)             Requested size: 722.76163pt x 433.65697pt.

warning  (file graphs/NZL_HPI.pdf) (pdf inclusion): PDF inclusion: found PDF ver
sion '1.6', but at most version '1.5' allowed
<graphs/NZL_HPI.pdf, id=524, 542.025pt x 325.215pt>
File: graphs/NZL_HPI.pdf Graphic file (type pdf)
<use graphs/NZL_HPI.pdf>
Package luatex.def Info: graphs/NZL_HPI.pdf  used on input line 1020.
(luatex.def)             Requested size: 722.76163pt x 433.65697pt.

warning  (file graphs/NOR_HPI.pdf) (pdf inclusion): PDF inclusion: found PDF ver
sion '1.6', but at most version '1.5' allowed
<graphs/NOR_HPI.pdf, id=528, 542.025pt x 325.215pt>
File: graphs/NOR_HPI.pdf Graphic file (type pdf)
<use graphs/NOR_HPI.pdf>
Package luatex.def Info: graphs/NOR_HPI.pdf  used on input line 1047.
(luatex.def)             Requested size: 722.76163pt x 433.65697pt.

warning  (file graphs/PER_HPI.pdf) (pdf inclusion): PDF inclusion: found PDF ver
sion '1.6', but at most version '1.5' allowed
<graphs/PER_HPI.pdf, id=531, 542.025pt x 325.215pt>
File: graphs/PER_HPI.pdf Graphic file (type pdf)
<use graphs/PER_HPI.pdf>
Package luatex.def Info: graphs/PER_HPI.pdf  used on input line 1073.
(luatex.def)             Requested size: 722.76163pt x 433.65697pt.

warning  (file graphs/PHL_HPI.pdf) (pdf inclusion): PDF inclusion: found PDF ver
sion '1.6', but at most version '1.5' allowed
<graphs/PHL_HPI.pdf, id=534, 542.025pt x 325.215pt>
File: graphs/PHL_HPI.pdf Graphic file (type pdf)
<use graphs/PHL_HPI.pdf>
Package luatex.def Info: graphs/PHL_HPI.pdf  used on input line 1099.
(luatex.def)             Requested size: 722.76163pt x 433.65697pt.

warning  (file graphs/POL_HPI.pdf) (pdf inclusion): PDF inclusion: found PDF ver
sion '1.6', but at most version '1.5' allowed
<graphs/POL_HPI.pdf, id=539, 542.025pt x 325.215pt>
File: graphs/POL_HPI.pdf Graphic file (type pdf)
<use graphs/POL_HPI.pdf>
Package luatex.def Info: graphs/POL_HPI.pdf  used on input line 1126.
(luatex.def)             Requested size: 722.76163pt x 433.65697pt.

warning  (file graphs/PRT_HPI.pdf) (pdf inclusion): PDF inclusion: found PDF ver
sion '1.6', but at most version '1.5' allowed
<graphs/PRT_HPI.pdf, id=544, 542.025pt x 325.215pt>
File: graphs/PRT_HPI.pdf Graphic file (type pdf)
<use graphs/PRT_HPI.pdf>
Package luatex.def Info: graphs/PRT_HPI.pdf  used on input line 1153.
(luatex.def)             Requested size: 722.76163pt x 433.65697pt.

warning  (file graphs/ROU_HPI.pdf) (pdf inclusion): PDF inclusion: found PDF ver
sion '1.6', but at most version '1.5' allowed
<graphs/ROU_HPI.pdf, id=547, 542.025pt x 325.215pt>
File: graphs/ROU_HPI.pdf Graphic file (type pdf)
<use graphs/ROU_HPI.pdf>
Package luatex.def Info: graphs/ROU_HPI.pdf  used on input line 1179.
(luatex.def)             Requested size: 722.76163pt x 433.65697pt.

warning  (file graphs/RUS_HPI.pdf) (pdf inclusion): PDF inclusion: found PDF ver
sion '1.6', but at most version '1.5' allowed
<graphs/RUS_HPI.pdf, id=550, 542.025pt x 325.215pt>
File: graphs/RUS_HPI.pdf Graphic file (type pdf)
<use graphs/RUS_HPI.pdf>
Package luatex.def Info: graphs/RUS_HPI.pdf  used on input line 1205.
(luatex.def)             Requested size: 722.76163pt x 433.65697pt.

warning  (file graphs/SAU_HPI.pdf) (pdf inclusion): PDF inclusion: found PDF ver
sion '1.6', but at most version '1.5' allowed
<graphs/SAU_HPI.pdf, id=553, 542.025pt x 325.215pt>
File: graphs/SAU_HPI.pdf Graphic file (type pdf)
<use graphs/SAU_HPI.pdf>
Package luatex.def Info: graphs/SAU_HPI.pdf  used on input line 1231.
(luatex.def)             Requested size: 722.76163pt x 433.65697pt.

warning  (file graphs/SRB_HPI.pdf) (pdf inclusion): PDF inclusion: found PDF ver
sion '1.6', but at most version '1.5' allowed
<graphs/SRB_HPI.pdf, id=556, 542.025pt x 325.215pt>
File: graphs/SRB_HPI.pdf Graphic file (type pdf)
<use graphs/SRB_HPI.pdf>
Package luatex.def Info: graphs/SRB_HPI.pdf  used on input line 1257.
(luatex.def)             Requested size: 722.76163pt x 433.65697pt.

warning  (file graphs/SGP_HPI.pdf) (pdf inclusion): PDF inclusion: found PDF ver
sion '1.6', but at most version '1.5' allowed
<graphs/SGP_HPI.pdf, id=559, 542.025pt x 325.215pt>
File: graphs/SGP_HPI.pdf Graphic file (type pdf)
<use graphs/SGP_HPI.pdf>
Package luatex.def Info: graphs/SGP_HPI.pdf  used on input line 1283.
(luatex.def)             Requested size: 722.76163pt x 433.65697pt.

warning  (file graphs/SVK_HPI.pdf) (pdf inclusion): PDF inclusion: found PDF ver
sion '1.6', but at most version '1.5' allowed
<graphs/SVK_HPI.pdf, id=564, 542.025pt x 325.215pt>
File: graphs/SVK_HPI.pdf Graphic file (type pdf)
<use graphs/SVK_HPI.pdf>
Package luatex.def Info: graphs/SVK_HPI.pdf  used on input line 1310.
(luatex.def)             Requested size: 722.76163pt x 433.65697pt.

warning  (file graphs/SVN_HPI.pdf) (pdf inclusion): PDF inclusion: found PDF ver
sion '1.6', but at most version '1.5' allowed
<graphs/SVN_HPI.pdf, id=569, 542.025pt x 325.215pt>
File: graphs/SVN_HPI.pdf Graphic file (type pdf)
<use graphs/SVN_HPI.pdf>
Package luatex.def Info: graphs/SVN_HPI.pdf  used on input line 1337.
(luatex.def)             Requested size: 722.76163pt x 433.65697pt.

warning  (file graphs/ZAF_HPI.pdf) (pdf inclusion): PDF inclusion: found PDF ver
sion '1.6', but at most version '1.5' allowed
<graphs/ZAF_HPI.pdf, id=572, 542.025pt x 325.215pt>
File: graphs/ZAF_HPI.pdf Graphic file (type pdf)
<use graphs/ZAF_HPI.pdf>
Package luatex.def Info: graphs/ZAF_HPI.pdf  used on input line 1363.
(luatex.def)             Requested size: 722.76163pt x 433.65697pt.

warning  (file graphs/KOR_HPI.pdf) (pdf inclusion): PDF inclusion: found PDF ver
sion '1.6', but at most version '1.5' allowed
<graphs/KOR_HPI.pdf, id=575, 542.025pt x 325.215pt>
File: graphs/KOR_HPI.pdf Graphic file (type pdf)
<use graphs/KOR_HPI.pdf>
Package luatex.def Info: graphs/KOR_HPI.pdf  used on input line 1389.
(luatex.def)             Requested size: 722.76163pt x 433.65697pt.

warning  (file graphs/ESP_HPI.pdf) (pdf inclusion): PDF inclusion: found PDF ver
sion '1.6', but at most version '1.5' allowed
<graphs/ESP_HPI.pdf, id=578, 542.025pt x 325.215pt>
File: graphs/ESP_HPI.pdf Graphic file (type pdf)
<use graphs/ESP_HPI.pdf>
Package luatex.def Info: graphs/ESP_HPI.pdf  used on input line 1415.
(luatex.def)             Requested size: 722.76163pt x 433.65697pt.

warning  (file graphs/SWE_HPI.pdf) (pdf inclusion): PDF inclusion: found PDF ver
sion '1.6', but at most version '1.5' allowed
<graphs/SWE_HPI.pdf, id=583, 542.025pt x 325.215pt>
File: graphs/SWE_HPI.pdf Graphic file (type pdf)
<use graphs/SWE_HPI.pdf>
Package luatex.def Info: graphs/SWE_HPI.pdf  used on input line 1442.
(luatex.def)             Requested size: 722.76163pt x 433.65697pt.

warning  (file graphs/CHE_HPI.pdf) (pdf inclusion): PDF inclusion: found PDF ver
sion '1.6', but at most version '1.5' allowed
<graphs/CHE_HPI.pdf, id=588, 542.025pt x 325.215pt>
File: graphs/CHE_HPI.pdf Graphic file (type pdf)
<use graphs/CHE_HPI.pdf>
Package luatex.def Info: graphs/CHE_HPI.pdf  used on input line 1469.
(luatex.def)             Requested size: 722.76163pt x 433.65697pt.

warning  (file graphs/THA_HPI.pdf) (pdf inclusion): PDF inclusion: found PDF ver
sion '1.6', but at most version '1.5' allowed
<graphs/THA_HPI.pdf, id=591, 542.025pt x 325.215pt>
File: graphs/THA_HPI.pdf Graphic file (type pdf)
<use graphs/THA_HPI.pdf>
Package luatex.def Info: graphs/THA_HPI.pdf  used on input line 1495.
(luatex.def)             Requested size: 722.76163pt x 433.65697pt.

warning  (file graphs/TUR_HPI.pdf) (pdf inclusion): PDF inclusion: found PDF ver
sion '1.6', but at most version '1.5' allowed
<graphs/TUR_HPI.pdf, id=594, 542.025pt x 325.215pt>
File: graphs/TUR_HPI.pdf Graphic file (type pdf)
<use graphs/TUR_HPI.pdf>
Package luatex.def Info: graphs/TUR_HPI.pdf  used on input line 1521.
(luatex.def)             Requested size: 722.76163pt x 433.65697pt.

warning  (file graphs/ARE_HPI.pdf) (pdf inclusion): PDF inclusion: found PDF ver
sion '1.6', but at most version '1.5' allowed
<graphs/ARE_HPI.pdf, id=597, 542.025pt x 325.215pt>
File: graphs/ARE_HPI.pdf Graphic file (type pdf)
<use graphs/ARE_HPI.pdf>
Package luatex.def Info: graphs/ARE_HPI.pdf  used on input line 1547.
(luatex.def)             Requested size: 722.76163pt x 433.65697pt.

warning  (file graphs/GBR_HPI.pdf) (pdf inclusion): PDF inclusion: found PDF ver
sion '1.6', but at most version '1.5' allowed
<graphs/GBR_HPI.pdf, id=602, 542.025pt x 325.215pt>
File: graphs/GBR_HPI.pdf Graphic file (type pdf)
<use graphs/GBR_HPI.pdf>
Package luatex.def Info: graphs/GBR_HPI.pdf  used on input line 1574.
(luatex.def)             Requested size: 722.76163pt x 433.65697pt.

warning  (file graphs/USA_HPI.pdf) (pdf inclusion): PDF inclusion: found PDF ver
sion '1.6', but at most version '1.5' allowed
<graphs/USA_HPI.pdf, id=607, 542.025pt x 325.215pt>
File: graphs/USA_HPI.pdf Graphic file (type pdf)
<use graphs/USA_HPI.pdf>
Package luatex.def Info: graphs/USA_HPI.pdf  used on input line 1601.
(luatex.def)             Requested size: 722.76163pt x 433.65697pt.


[3]
Overfull \vbox (6.0pt too high) has occurred while \output is active []



[4<./graphs/AUS_HPI.pdf>]
Overfull \vbox (6.0pt too high) has occurred while \output is active []



[5<./graphs/AUT_HPI.pdf>]
Overfull \vbox (6.0pt too high) has occurred while \output is active []



[6<./graphs/BEL_HPI.pdf>]
Overfull \vbox (6.0pt too high) has occurred while \output is active []



[7<./graphs/BRA_HPI.pdf>]
Overfull \vbox (6.0pt too high) has occurred while \output is active []



[8<./graphs/BGR_HPI.pdf>]
Overfull \vbox (6.0pt too high) has occurred while \output is active []



[9<./graphs/CAN_HPI.pdf>]
Overfull \vbox (6.0pt too high) has occurred while \output is active []



[10<./graphs/CHL_HPI.pdf>]
Overfull \vbox (6.0pt too high) has occurred while \output is active []



[11<./graphs/CHN_HPI.pdf>]
Overfull \vbox (6.0pt too high) has occurred while \output is active []



[12<./graphs/COL_HPI.pdf>]
Overfull \vbox (6.0pt too high) has occurred while \output is active []



[13<./graphs/HRV_HPI.pdf>]
Overfull \vbox (6.0pt too high) has occurred while \output is active []



[14<./graphs/CYP_HPI.pdf>]
Overfull \vbox (6.0pt too high) has occurred while \output is active []



[15<./graphs/CZE_HPI.pdf>]
Overfull \vbox (6.0pt too high) has occurred while \output is active []



[16<./graphs/DNK_HPI.pdf>]
Overfull \vbox (6.0pt too high) has occurred while \output is active []



[17<./graphs/EST_HPI.pdf>]
Overfull \vbox (6.0pt too high) has occurred while \output is active []



[18<./graphs/FIN_HPI.pdf>]
Overfull \vbox (6.0pt too high) has occurred while \output is active []



[19<./graphs/FRA_HPI.pdf>]
Overfull \vbox (6.0pt too high) has occurred while \output is active []



[20<./graphs/DEU_HPI.pdf>]
Overfull \vbox (6.0pt too high) has occurred while \output is active []



[21<./graphs/GRC_HPI.pdf>]
Overfull \vbox (6.0pt too high) has occurred while \output is active []



[22<./graphs/HKG_HPI.pdf>]
Overfull \vbox (6.0pt too high) has occurred while \output is active []



[23<./graphs/HUN_HPI.pdf>]
Overfull \vbox (6.0pt too high) has occurred while \output is active []



[24<./graphs/ISL_HPI.pdf>]
Overfull \vbox (6.0pt too high) has occurred while \output is active []



[25<./graphs/IND_HPI.pdf>]
Overfull \vbox (6.0pt too high) has occurred while \output is active []



[26<./graphs/IDN_HPI.pdf>]
Overfull \vbox (6.0pt too high) has occurred while \output is active []



[27<./graphs/IRL_HPI.pdf>]
Overfull \vbox (6.0pt too high) has occurred while \output is active []



[28<./graphs/ISR_HPI.pdf>]
Overfull \vbox (6.0pt too high) has occurred while \output is active []



[29<./graphs/ITA_HPI.pdf>]
Overfull \vbox (6.0pt too high) has occurred while \output is active []



[30<./graphs/JPN_HPI.pdf>]
Overfull \vbox (6.0pt too high) has occurred while \output is active []



[31<./graphs/LVA_HPI.pdf>]
Overfull \vbox (6.0pt too high) has occurred while \output is active []



[32<./graphs/LTU_HPI.pdf>]
Overfull \vbox (6.0pt too high) has occurred while \output is active []



[33<./graphs/LUX_HPI.pdf>]
Overfull \vbox (6.0pt too high) has occurred while \output is active []



[34<./graphs/MKD_HPI.pdf>]
Overfull \vbox (6.0pt too high) has occurred while \output is active []



[35<./graphs/MYS_HPI.pdf>]
Overfull \vbox (6.0pt too high) has occurred while \output is active []



[36<./graphs/MLT_HPI.pdf>]
Overfull \vbox (6.0pt too high) has occurred while \output is active []



[37<./graphs/MEX_HPI.pdf>]
Overfull \vbox (6.0pt too high) has occurred while \output is active []



[38<./graphs/MAR_HPI.pdf>]
Overfull \vbox (6.0pt too high) has occurred while \output is active []



[39<./graphs/NLD_HPI.pdf>]
Overfull \vbox (6.0pt too high) has occurred while \output is active []



[40<./graphs/NZL_HPI.pdf>]
Overfull \vbox (6.0pt too high) has occurred while \output is active []



[41<./graphs/NOR_HPI.pdf>]
Overfull \vbox (6.0pt too high) has occurred while \output is active []



[42<./graphs/PER_HPI.pdf>]
Overfull \vbox (6.0pt too high) has occurred while \output is active []



[43<./graphs/PHL_HPI.pdf>]
Overfull \vbox (6.0pt too high) has occurred while \output is active []



[44<./graphs/POL_HPI.pdf>]
Overfull \vbox (6.0pt too high) has occurred while \output is active []



[45<./graphs/PRT_HPI.pdf>]
Overfull \vbox (6.0pt too high) has occurred while \output is active []



[46<./graphs/ROU_HPI.pdf>]
Overfull \vbox (6.0pt too high) has occurred while \output is active []



[47<./graphs/RUS_HPI.pdf>]
Overfull \vbox (6.0pt too high) has occurred while \output is active []



[48<./graphs/SAU_HPI.pdf>]
Overfull \vbox (6.0pt too high) has occurred while \output is active []



[49<./graphs/SRB_HPI.pdf>]
Overfull \vbox (6.0pt too high) has occurred while \output is active []



[50<./graphs/SGP_HPI.pdf>]
Overfull \vbox (6.0pt too high) has occurred while \output is active []



[51<./graphs/SVK_HPI.pdf>]
Overfull \vbox (6.0pt too high) has occurred while \output is active []



[52<./graphs/SVN_HPI.pdf>]
Overfull \vbox (6.0pt too high) has occurred while \output is active []



[53<./graphs/ZAF_HPI.pdf>]
Overfull \vbox (6.0pt too high) has occurred while \output is active []



[54<./graphs/KOR_HPI.pdf>]
Overfull \vbox (6.0pt too high) has occurred while \output is active []



[55<./graphs/ESP_HPI.pdf>]
Overfull \vbox (6.0pt too high) has occurred while \output is active []



[56<./graphs/SWE_HPI.pdf>]
Overfull \vbox (6.0pt too high) has occurred while \output is active []



[57<./graphs/CHE_HPI.pdf>]
Overfull \vbox (6.0pt too high) has occurred while \output is active []



[58<./graphs/THA_HPI.pdf>]
Overfull \vbox (6.0pt too high) has occurred while \output is active []



[59<./graphs/TUR_HPI.pdf>]
Overfull \vbox (6.0pt too high) has occurred while \output is active []



[60<./graphs/ARE_HPI.pdf>]
Overfull \vbox (6.0pt too high) has occurred while \output is active []



[61<./graphs/GBR_HPI.pdf>]
Overfull \vbox (6.0pt too high) has occurred while \output is active []



[62<./graphs/USA_HPI.pdf>] (./HPI.bbl
LaTeX Font Info:    Trying to load font information for T1+pcr on input line 14
.
(C:/Users/lehbib/AppData/Local/Programs/MiKTeX/tex/latex/psnfss/t1pcr.fd
File: t1pcr.fd 2001/06/04 font definitions for T1/pcr.
))

[63] (./HPI.aux)
 ***********
LaTeX2e <2024-11-01>
L3 programming layer <2024-11-02>
 ***********
Package rerunfilecheck Info: File `HPI.out' has not changed.
(rerunfilecheck)             Checksum: 9D5C6A4C44F21736E022DA973A4A6411;5253.
)

Here is how much of LuaTeX's memory you used:
 21993 strings out of 475664
 244182,953878 words of node,token memory allocated
 473 words of node memory still in use:
   3 hlist, 1 vlist, 1 rule, 2 glue, 3 kern, 1 glyph, 6 attribute, 58 glue_spec,
 6 attribute_list, 2 write, 1 pdf_action nodes
   avail lists: 2:11037,3:1330,4:1614,5:1268,6:368,7:16122,8:79,9:4468,10:3,11:6
13
 43845 multiletter control sequences out of 65536+600000
 57 fonts using 3757735 bytes
 105i,12n,100p,463b,576s stack positions out of 10000i,1000n,20000p,200000b,200000s
{C:/Users/lehbib/AppData/Local/Programs/MiKTeX/fonts/enc/dvips/base/8r.enc}<C:/U
sers/lehbib/AppData/Local/Programs/MiKTeX/fonts/type1/urw/courier/ucrr8a.pfb><C:
/Users/lehbib/AppData/Local/Programs/MiKTeX/fonts/type1/urw/times/utmb8a.pfb><C:
/Users/lehbib/AppData/Local/Programs/MiKTeX/fonts/type1/urw/times/utmr8a.pfb><C:
/Users/lehbib/AppData/Local/Programs/MiKTeX/fonts/type1/urw/times/utmri8a.pfb>
Output written on HPI.pdf (64 pages, 5961859 bytes).

PDF statistics: 10159 PDF objects out of 10688 (max. 8388607)
 252 named destinations out of 1000 (max. 131072)
 496 words of extra memory for PDF output out of 10000 (max. 100000000)

