This is LuaHBTeX, Version 1.18.1 (MiKTeX 24.4) (format=lualatex 2024.12.5)  1 JUL 2025 02:13
 restricted system commands enabled.
**M3.tex
(./M3.tex
LaTeX2e <2024-11-01>
L3 programming layer <2024-11-02>
Lua module: luaotfload 2024-02-14 v3.28 Lua based OpenType font support
Lua module: lualibs 2023-07-13 v2.76 ConTeXt Lua standard libraries.
Lua module: lualibs-extended 2023-07-13 v2.76 ConTeXt Lua libraries -- extended 
collection.
luaotfload | conf : Root cache directory is "C:/Users/lehbib/AppData/Local/MiKTe
X/luatex-cache/generic/names".
luaotfload | init : Loading fontloader "fontloader-2023-12-28.lua" from kpse-res
olved path "C:/Users/lehbib/AppData/Local/Programs/MiKTeX/tex/luatex/luaotfload/
fontloader-2023-12-28.lua".
Lua-only attribute luaotfload@noligature = 1
luaotfload | init : Context OpenType loader version 3.134
Inserting `luaotfload.node_processor' in `pre_linebreak_filter'.
Inserting `luaotfload.node_processor' in `hpack_filter'.
Inserting `luaotfload.glyph_stream' in `glyph_stream_provider'.
Inserting `luaotfload.define_font' in `define_font'.
Lua-only attribute luaotfload_color_attribute = 2
luaotfload | conf : Root cache directory is "C:/Users/lehbib/AppData/Local/MiKTe
X/luatex-cache/generic/names".
Inserting `luaotfload.harf.strip_prefix' in `find_opentype_file'.
Inserting `luaotfload.harf.strip_prefix' in `find_truetype_file'.
Removing  `luaotfload.glyph_stream' from `glyph_stream_provider'.
Inserting `luaotfload.harf.glyphstream' in `glyph_stream_provider'.
Inserting `luaotfload.harf.finalize_vlist' in `post_linebreak_filter'.
Inserting `luaotfload.harf.finalize_hlist' in `hpack_filter'.
Inserting `luaotfload.cleanup_files' in `wrapup_run'.
Inserting `luaotfload.harf.finalize_unicode' in `finish_pdffile'.
Inserting `luaotfload.glyphinfo' in `glyph_info'.
Lua-only attribute luaotfload.letterspace_done = 3
Inserting `luaotfload.aux.set_sscale_dimens' in `luaotfload.patch_font'.
Inserting `luaotfload.aux.set_font_index' in `luaotfload.patch_font'.
Inserting `luaotfload.aux.patch_cambria_domh' in `luaotfload.patch_font'.
Inserting `luaotfload.aux.fixup_fontdata' in `luaotfload.patch_font_unsafe'.
Inserting `luaotfload.aux.set_capheight' in `luaotfload.patch_font'.
Inserting `luaotfload.aux.set_xheight' in `luaotfload.patch_font'.
Inserting `luaotfload.rewrite_fontname' in `luaotfload.patch_font'.
Inserting `tracingstacklevels' in `input_level_string'. (C:/Users/lehbib/AppDat
a/Local/Programs/MiKTeX/tex/latex/base/article.cls
Document Class: article 2024/06/29 v1.4n Standard LaTeX document class
(C:/Users/lehbib/AppData/Local/Programs/MiKTeX/tex/latex/base/size12.clo
File: size12.clo 2024/06/29 v1.4n Standard LaTeX file (size option)
luaotfload | db : Font names database loaded from C:/Users/lehbib/AppData/Local/
MiKTeX/luatex-cache/generic/names/luaotfload-names.luc.gz)
\c@part=\count194
\c@section=\count195
\c@subsection=\count196
\c@subsubsection=\count197
\c@paragraph=\count198
\c@subparagraph=\count199
\c@figure=\count266
\c@table=\count267
\abovecaptionskip=\skip49
\belowcaptionskip=\skip50
\bibindent=\dimen140
) (C:/Users/lehbib/AppData/Local/Programs/MiKTeX/tex/latex/base/inputenc.sty
Package: inputenc 2024/02/08 v1.3d Input encoding file
\inpenc@prehook=\toks17
\inpenc@posthook=\toks18

Package inputenc Warning: inputenc package ignored with utf8 based engines.

) (C:/Users/lehbib/AppData/Local/Programs/MiKTeX/tex/latex/base/fontenc.sty
Package: fontenc 2021/04/29 v2.0v Standard LaTeX package
LaTeX Font Info:    Trying to load font information for T1+lmr on input line 11
6.
(C:/Users/lehbib/AppData/Local/Programs/MiKTeX/tex/latex/lm/t1lmr.fd
File: t1lmr.fd 2015/05/01 v1.6.1 Font defs for Latin Modern
)) (C:/Users/lehbib/AppData/Local/Programs/MiKTeX/tex/latex/graphics/graphicx.s
ty
Package: graphicx 2021/09/16 v1.2d Enhanced LaTeX Graphics (DPC,SPQR)
(C:/Users/lehbib/AppData/Local/Programs/MiKTeX/tex/latex/graphics/keyval.sty
Package: keyval 2022/05/29 v1.15 key=value parser (DPC)
\KV@toks@=\toks19
) (C:/Users/lehbib/AppData/Local/Programs/MiKTeX/tex/latex/graphics/graphics.st
y
Package: graphics 2024/08/06 v1.4g Standard LaTeX Graphics (DPC,SPQR)
(C:/Users/lehbib/AppData/Local/Programs/MiKTeX/tex/latex/graphics/trig.sty
Package: trig 2023/12/02 v1.11 sin cos tan (DPC)
)
(C:/Users/lehbib/AppData/Local/Programs/MiKTeX/tex/latex/graphics-cfg/graphics.
cfg
File: graphics.cfg 2016/06/04 v1.11 sample graphics configuration
)
Package graphics Info: Driver file: luatex.def on input line 106.

(C:/Users/lehbib/AppData/Local/Programs/MiKTeX/tex/latex/graphics-def/luatex.de
f
File: luatex.def 2024/04/13 v1.2e Graphics/color driver for luatex
))
\Gin@req@height=\dimen141
\Gin@req@width=\dimen142
) (C:/Users/lehbib/AppData/Local/Programs/MiKTeX/tex/latex/booktabs/booktabs.st
y
Package: booktabs 2020/01/12 v1.61803398 Publication quality tables
\heavyrulewidth=\dimen143
\lightrulewidth=\dimen144
\cmidrulewidth=\dimen145
\belowrulesep=\dimen146
\belowbottomsep=\dimen147
\aboverulesep=\dimen148
\abovetopsep=\dimen149
\cmidrulesep=\dimen150
\cmidrulekern=\dimen151
\defaultaddspace=\dimen152
\@cmidla=\count268
\@cmidlb=\count269
\@aboverulesep=\dimen153
\@belowrulesep=\dimen154
\@thisruleclass=\count270
\@lastruleclass=\count271
\@thisrulewidth=\dimen155
) (C:/Users/lehbib/AppData/Local/Programs/MiKTeX/tex/latex/geometry/geometry.st
y
Package: geometry 2020/01/02 v5.9 Page Geometry
(C:/Users/lehbib/AppData/Local/Programs/MiKTeX/tex/generic/iftex/ifvtex.sty
Package: ifvtex 2019/10/25 v1.7 ifvtex legacy package. Use iftex instead.
(C:/Users/lehbib/AppData/Local/Programs/MiKTeX/tex/generic/iftex/iftex.sty
Package: iftex 2022/02/03 v1.0f TeX engine tests
))
\Gm@cnth=\count272
\Gm@cntv=\count273
\c@Gm@tempcnt=\count274
\Gm@bindingoffset=\dimen156
\Gm@wd@mp=\dimen157
\Gm@odd@mp=\dimen158
\Gm@even@mp=\dimen159
\Gm@layoutwidth=\dimen160
\Gm@layoutheight=\dimen161
\Gm@layouthoffset=\dimen162
\Gm@layoutvoffset=\dimen163
\Gm@dimlist=\toks20
(C:/Users/lehbib/AppData/Local/Programs/MiKTeX/tex/latex/geometry/geometry.cfg))
(C:/Users/lehbib/AppData/Local/Programs/MiKTeX/tex/latex/caption/caption.sty
Package: caption 2023/08/05 v3.6o Customizing captions (AR)
(C:/Users/lehbib/AppData/Local/Programs/MiKTeX/tex/latex/caption/caption3.sty
Package: caption3 2023/07/31 v2.4d caption3 kernel (AR)
\caption@tempdima=\dimen164
\captionmargin=\dimen165
\caption@leftmargin=\dimen166
\caption@rightmargin=\dimen167
\caption@width=\dimen168
\caption@indent=\dimen169
\caption@parindent=\dimen170
\caption@hangindent=\dimen171
Package caption Info: Standard document class detected.
)
\c@caption@flags=\count275
\c@continuedfloat=\count276
) (C:/Users/lehbib/AppData/Local/Programs/MiKTeX/tex/latex/float/float.sty
Package: float 2001/11/08 v1.3d Float enhancements (AL)
\c@float@type=\count277
\float@exts=\toks21
\float@box=\box52
\@float@everytoks=\toks22
\@floatcapt=\box53
) (C:/Users/lehbib/AppData/Local/Programs/MiKTeX/tex/latex/natbib/natbib.sty
Package: natbib 2010/09/13 8.31b (PWD, AO)
\bibhang=\skip51
\bibsep=\skip52
LaTeX Info: Redefining \cite on input line 694.
\c@NAT@ctr=\count278
) (C:/Users/lehbib/AppData/Local/Programs/MiKTeX/tex/latex/xcolor/xcolor.sty
Package: xcolor 2024/09/29 v3.02 LaTeX color extensions (UK)

(C:/Users/lehbib/AppData/Local/Programs/MiKTeX/tex/latex/graphics-cfg/color.cfg
File: color.cfg 2016/01/02 v1.6 sample color configuration
)
Package xcolor Info: Driver file: luatex.def on input line 274.

(C:/Users/lehbib/AppData/Local/Programs/MiKTeX/tex/latex/graphics/mathcolor.ltx
)
Package xcolor Info: Model `cmy' substituted by `cmy0' on input line 1349.
Package xcolor Info: Model `hsb' substituted by `rgb' on input line 1353.
Package xcolor Info: Model `RGB' extended on input line 1365.
Package xcolor Info: Model `HTML' substituted by `rgb' on input line 1367.
Package xcolor Info: Model `Hsb' substituted by `hsb' on input line 1368.
Package xcolor Info: Model `tHsb' substituted by `hsb' on input line 1369.
Package xcolor Info: Model `HSB' substituted by `hsb' on input line 1370.
Package xcolor Info: Model `Gray' substituted by `gray' on input line 1371.
Package xcolor Info: Model `wave' substituted by `hsb' on input line 1372.
) (C:/Users/lehbib/AppData/Local/Programs/MiKTeX/tex/latex/colortbl/colortbl.st
y
Package: colortbl 2024/07/06 v1.0i Color table columns (DPC)
(C:/Users/lehbib/AppData/Local/Programs/MiKTeX/tex/latex/tools/array.sty
Package: array 2024/10/17 v2.6g Tabular extension package (FMi)
\col@sep=\dimen172
\ar@mcellbox=\box54
\extrarowheight=\dimen173
\NC@list=\toks23
\extratabsurround=\skip53
\backup@length=\skip54
\ar@cellbox=\box55
)
\everycr=\toks24
\minrowclearance=\skip55
\rownum=\count279
) (C:/Users/lehbib/AppData/Local/Programs/MiKTeX/tex/latex/graphics/rotating.st
y
Package: rotating 2016/08/11 v2.16d rotated objects in LaTeX
(C:/Users/lehbib/AppData/Local/Programs/MiKTeX/tex/latex/base/ifthen.sty
Package: ifthen 2024/03/16 v1.1e Standard LaTeX ifthen package (DPC)
)
\c@r@tfl@t=\count280
\rotFPtop=\skip56
\rotFPbot=\skip57
\rot@float@box=\box56
\rot@mess@toks=\toks25
) (C:/Users/lehbib/AppData/Local/Programs/MiKTeX/tex/latex/tools/tabularx.sty
Package: tabularx 2023/12/11 v2.12a `tabularx' package (DPC)
\TX@col@width=\dimen174
\TX@old@table=\dimen175
\TX@old@col=\dimen176
\TX@target=\dimen177
\TX@delta=\dimen178
\TX@cols=\count281
\TX@ftn=\toks26
)
(C:/Users/lehbib/AppData/Local/Programs/MiKTeX/tex/latex/pdflscape/pdflscape.st
y
Package: pdflscape 2022-10-27 v0.13 Display of landscape pages in PDF

(C:/Users/lehbib/AppData/Local/Programs/MiKTeX/tex/latex/pdflscape/pdflscape-no
metadata.sty
Package: pdflscape-nometadata 2022-10-28 v0.13 Display of landscape pages in PD
F (HO)
(C:/Users/lehbib/AppData/Local/Programs/MiKTeX/tex/latex/graphics/lscape.sty
Package: lscape 2020/05/28 v3.02 Landscape Pages (DPC)
)
Package pdflscape Info: Auto-detected driver: pdftex on input line 81.
))
(C:/Users/lehbib/AppData/Local/Programs/MiKTeX/tex/latex/adjustbox/adjustbox.st
y
Package: adjustbox 2022/10/17 v1.3a Adjusting TeX boxes (trim, clip, ...)
(C:/Users/lehbib/AppData/Local/Programs/MiKTeX/tex/latex/xkeyval/xkeyval.sty
Package: xkeyval 2022/06/16 v2.9 package option processing (HA)
(C:/Users/lehbib/AppData/Local/Programs/MiKTeX/tex/generic/xkeyval/xkeyval.tex
(C:/Users/lehbib/AppData/Local/Programs/MiKTeX/tex/generic/xkeyval/xkvutils.tex
\XKV@toks=\toks27
\XKV@tempa@toks=\toks28
)
\XKV@depth=\count282
File: xkeyval.tex 2014/12/03 v2.7a key=value parser (HA)
)) (C:/Users/lehbib/AppData/Local/Programs/MiKTeX/tex/latex/adjustbox/adjcalc.s
ty
Package: adjcalc 2012/05/16 v1.1 Provides advanced setlength with multiple back
-ends (calc, etex, pgfmath)
)
(C:/Users/lehbib/AppData/Local/Programs/MiKTeX/tex/latex/adjustbox/trimclip.sty
Package: trimclip 2020/08/19 v1.2 Trim and clip general TeX material

(C:/Users/lehbib/AppData/Local/Programs/MiKTeX/tex/latex/collectbox/collectbox.
sty
Package: collectbox 2022/10/17 v0.4c Collect macro arguments as boxes
\collectedbox=\box57
)
\tc@llx=\dimen179
\tc@lly=\dimen180
\tc@urx=\dimen181
\tc@ury=\dimen182
(C:/Users/lehbib/AppData/Local/Programs/MiKTeX/tex/latex/adjustbox/tc-pgf.def
File: tc-pgf.def 2019/01/04 v2.2 trimclip fall-back clipping driver using PGF

(C:/Users/lehbib/AppData/Local/Programs/MiKTeX/tex/latex/pgf/basiclayer/pgf.sty

(C:/Users/lehbib/AppData/Local/Programs/MiKTeX/tex/latex/pgf/utilities/pgfrcs.s
ty
(C:/Users/lehbib/AppData/Local/Programs/MiKTeX/tex/generic/pgf/utilities/pgfuti
l-common.tex
\pgfutil@everybye=\toks29
\pgfutil@tempdima=\dimen183
\pgfutil@tempdimb=\dimen184
)
(C:/Users/lehbib/AppData/Local/Programs/MiKTeX/tex/generic/pgf/utilities/pgfuti
l-latex.def
\pgfutil@abb=\box58
)
(C:/Users/lehbib/AppData/Local/Programs/MiKTeX/tex/generic/pgf/utilities/pgfrcs
.code.tex
(C:/Users/lehbib/AppData/Local/Programs/MiKTeX/tex/generic/pgf/pgf.revision.tex
)
Package: pgfrcs 2023-01-15 v3.1.10 (3.1.10)
))
Package: pgf 2023-01-15 v3.1.10 (3.1.10)

(C:/Users/lehbib/AppData/Local/Programs/MiKTeX/tex/latex/pgf/basiclayer/pgfcore
.sty
(C:/Users/lehbib/AppData/Local/Programs/MiKTeX/tex/latex/pgf/systemlayer/pgfsys
.sty
(C:/Users/lehbib/AppData/Local/Programs/MiKTeX/tex/generic/pgf/systemlayer/pgfs
ys.code.tex
Package: pgfsys 2023-01-15 v3.1.10 (3.1.10)

(C:/Users/lehbib/AppData/Local/Programs/MiKTeX/tex/generic/pgf/utilities/pgfkey
s.code.tex
\pgfkeys@pathtoks=\toks30
\pgfkeys@temptoks=\toks31

(C:/Users/lehbib/AppData/Local/Programs/MiKTeX/tex/generic/pgf/utilities/pgfkey
slibraryfiltered.code.tex
\pgfkeys@tmptoks=\toks32
))
\pgf@x=\dimen185
\pgf@y=\dimen186
\pgf@xa=\dimen187
\pgf@ya=\dimen188
\pgf@xb=\dimen189
\pgf@yb=\dimen190
\pgf@xc=\dimen191
\pgf@yc=\dimen192
\pgf@xd=\dimen193
\pgf@yd=\dimen194
\w@pgf@writea=\write3
\r@pgf@reada=\read2
\c@pgf@counta=\count283
\c@pgf@countb=\count284
\c@pgf@countc=\count285
\c@pgf@countd=\count286
\t@pgf@toka=\toks33
\t@pgf@tokb=\toks34
\t@pgf@tokc=\toks35
\pgf@sys@id@count=\count287

(C:/Users/lehbib/AppData/Local/Programs/MiKTeX/tex/generic/pgf/systemlayer/pgf.
cfg
File: pgf.cfg 2023-01-15 v3.1.10 (3.1.10)
)
Driver file for pgf: pgfsys-luatex.def

(C:/Users/lehbib/AppData/Local/Programs/MiKTeX/tex/generic/pgf/systemlayer/pgfs
ys-luatex.def
File: pgfsys-luatex.def 2023-01-15 v3.1.10 (3.1.10)

(C:/Users/lehbib/AppData/Local/Programs/MiKTeX/tex/generic/pgf/systemlayer/pgfs
ys-common-pdf.def
File: pgfsys-common-pdf.def 2023-01-15 v3.1.10 (3.1.10)
)))
(C:/Users/lehbib/AppData/Local/Programs/MiKTeX/tex/generic/pgf/systemlayer/pgfs
yssoftpath.code.tex
File: pgfsyssoftpath.code.tex 2023-01-15 v3.1.10 (3.1.10)
\pgfsyssoftpath@smallbuffer@items=\count288
\pgfsyssoftpath@bigbuffer@items=\count289
)
(C:/Users/lehbib/AppData/Local/Programs/MiKTeX/tex/generic/pgf/systemlayer/pgfs
ysprotocol.code.tex
File: pgfsysprotocol.code.tex 2023-01-15 v3.1.10 (3.1.10)
))
(C:/Users/lehbib/AppData/Local/Programs/MiKTeX/tex/generic/pgf/basiclayer/pgfco
re.code.tex
Package: pgfcore 2023-01-15 v3.1.10 (3.1.10)

(C:/Users/lehbib/AppData/Local/Programs/MiKTeX/tex/generic/pgf/math/pgfmath.cod
e.tex
(C:/Users/lehbib/AppData/Local/Programs/MiKTeX/tex/generic/pgf/math/pgfmathutil
.code.tex)
(C:/Users/lehbib/AppData/Local/Programs/MiKTeX/tex/generic/pgf/math/pgfmathpars
er.code.tex
\pgfmath@dimen=\dimen195
\pgfmath@count=\count290
\pgfmath@box=\box59
\pgfmath@toks=\toks36
\pgfmath@stack@operand=\toks37
\pgfmath@stack@operation=\toks38
)
(C:/Users/lehbib/AppData/Local/Programs/MiKTeX/tex/generic/pgf/math/pgfmathfunc
tions.code.tex)
(C:/Users/lehbib/AppData/Local/Programs/MiKTeX/tex/generic/pgf/math/pgfmathfunc
tions.basic.code.tex)
(C:/Users/lehbib/AppData/Local/Programs/MiKTeX/tex/generic/pgf/math/pgfmathfunc
tions.trigonometric.code.tex)
(C:/Users/lehbib/AppData/Local/Programs/MiKTeX/tex/generic/pgf/math/pgfmathfunc
tions.random.code.tex)
(C:/Users/lehbib/AppData/Local/Programs/MiKTeX/tex/generic/pgf/math/pgfmathfunc
tions.comparison.code.tex)
(C:/Users/lehbib/AppData/Local/Programs/MiKTeX/tex/generic/pgf/math/pgfmathfunc
tions.base.code.tex)
(C:/Users/lehbib/AppData/Local/Programs/MiKTeX/tex/generic/pgf/math/pgfmathfunc
tions.round.code.tex)
(C:/Users/lehbib/AppData/Local/Programs/MiKTeX/tex/generic/pgf/math/pgfmathfunc
tions.misc.code.tex)
(C:/Users/lehbib/AppData/Local/Programs/MiKTeX/tex/generic/pgf/math/pgfmathfunc
tions.integerarithmetics.code.tex)
(C:/Users/lehbib/AppData/Local/Programs/MiKTeX/tex/generic/pgf/math/pgfmathcalc
.code.tex)
(C:/Users/lehbib/AppData/Local/Programs/MiKTeX/tex/generic/pgf/math/pgfmathfloa
t.code.tex
\c@pgfmathroundto@lastzeros=\count291
))
(C:/Users/lehbib/AppData/Local/Programs/MiKTeX/tex/generic/pgf/math/pgfint.code
.tex)
(C:/Users/lehbib/AppData/Local/Programs/MiKTeX/tex/generic/pgf/basiclayer/pgfco
repoints.code.tex
File: pgfcorepoints.code.tex 2023-01-15 v3.1.10 (3.1.10)
\pgf@picminx=\dimen196
\pgf@picmaxx=\dimen197
\pgf@picminy=\dimen198
\pgf@picmaxy=\dimen199
\pgf@pathminx=\dimen256
\pgf@pathmaxx=\dimen257
\pgf@pathminy=\dimen258
\pgf@pathmaxy=\dimen259
\pgf@xx=\dimen260
\pgf@xy=\dimen261
\pgf@yx=\dimen262
\pgf@yy=\dimen263
\pgf@zx=\dimen264
\pgf@zy=\dimen265
)
(C:/Users/lehbib/AppData/Local/Programs/MiKTeX/tex/generic/pgf/basiclayer/pgfco
repathconstruct.code.tex
File: pgfcorepathconstruct.code.tex 2023-01-15 v3.1.10 (3.1.10)
\pgf@path@lastx=\dimen266
\pgf@path@lasty=\dimen267
)
(C:/Users/lehbib/AppData/Local/Programs/MiKTeX/tex/generic/pgf/basiclayer/pgfco
repathusage.code.tex
File: pgfcorepathusage.code.tex 2023-01-15 v3.1.10 (3.1.10)
\pgf@shorten@end@additional=\dimen268
\pgf@shorten@start@additional=\dimen269
)
(C:/Users/lehbib/AppData/Local/Programs/MiKTeX/tex/generic/pgf/basiclayer/pgfco
rescopes.code.tex
File: pgfcorescopes.code.tex 2023-01-15 v3.1.10 (3.1.10)
\pgfpic=\box60
\pgf@hbox=\box61
\pgf@layerbox@main=\box62
\pgf@picture@serial@count=\count292
)
(C:/Users/lehbib/AppData/Local/Programs/MiKTeX/tex/generic/pgf/basiclayer/pgfco
regraphicstate.code.tex
File: pgfcoregraphicstate.code.tex 2023-01-15 v3.1.10 (3.1.10)
\pgflinewidth=\dimen270
)
(C:/Users/lehbib/AppData/Local/Programs/MiKTeX/tex/generic/pgf/basiclayer/pgfco
retransformations.code.tex
File: pgfcoretransformations.code.tex 2023-01-15 v3.1.10 (3.1.10)
\pgf@pt@x=\dimen271
\pgf@pt@y=\dimen272
\pgf@pt@temp=\dimen273
)
(C:/Users/lehbib/AppData/Local/Programs/MiKTeX/tex/generic/pgf/basiclayer/pgfco
requick.code.tex
File: pgfcorequick.code.tex 2023-01-15 v3.1.10 (3.1.10)
)
(C:/Users/lehbib/AppData/Local/Programs/MiKTeX/tex/generic/pgf/basiclayer/pgfco
reobjects.code.tex
File: pgfcoreobjects.code.tex 2023-01-15 v3.1.10 (3.1.10)
)
(C:/Users/lehbib/AppData/Local/Programs/MiKTeX/tex/generic/pgf/basiclayer/pgfco
repathprocessing.code.tex
File: pgfcorepathprocessing.code.tex 2023-01-15 v3.1.10 (3.1.10)
)
(C:/Users/lehbib/AppData/Local/Programs/MiKTeX/tex/generic/pgf/basiclayer/pgfco
rearrows.code.tex
File: pgfcorearrows.code.tex 2023-01-15 v3.1.10 (3.1.10)
\pgfarrowsep=\dimen274
)
(C:/Users/lehbib/AppData/Local/Programs/MiKTeX/tex/generic/pgf/basiclayer/pgfco
reshade.code.tex
File: pgfcoreshade.code.tex 2023-01-15 v3.1.10 (3.1.10)
\pgf@max=\dimen275
\pgf@sys@shading@range@num=\count293
\pgf@shadingcount=\count294
)
(C:/Users/lehbib/AppData/Local/Programs/MiKTeX/tex/generic/pgf/basiclayer/pgfco
reimage.code.tex
File: pgfcoreimage.code.tex 2023-01-15 v3.1.10 (3.1.10)
)
(C:/Users/lehbib/AppData/Local/Programs/MiKTeX/tex/generic/pgf/basiclayer/pgfco
reexternal.code.tex
File: pgfcoreexternal.code.tex 2023-01-15 v3.1.10 (3.1.10)
\pgfexternal@startupbox=\box63
)
(C:/Users/lehbib/AppData/Local/Programs/MiKTeX/tex/generic/pgf/basiclayer/pgfco
relayers.code.tex
File: pgfcorelayers.code.tex 2023-01-15 v3.1.10 (3.1.10)
)
(C:/Users/lehbib/AppData/Local/Programs/MiKTeX/tex/generic/pgf/basiclayer/pgfco
retransparency.code.tex
File: pgfcoretransparency.code.tex 2023-01-15 v3.1.10 (3.1.10)
)
(C:/Users/lehbib/AppData/Local/Programs/MiKTeX/tex/generic/pgf/basiclayer/pgfco
repatterns.code.tex
File: pgfcorepatterns.code.tex 2023-01-15 v3.1.10 (3.1.10)
)
(C:/Users/lehbib/AppData/Local/Programs/MiKTeX/tex/generic/pgf/basiclayer/pgfco
rerdf.code.tex
File: pgfcorerdf.code.tex 2023-01-15 v3.1.10 (3.1.10)
)))
(C:/Users/lehbib/AppData/Local/Programs/MiKTeX/tex/generic/pgf/modules/pgfmodul
eshapes.code.tex
File: pgfmoduleshapes.code.tex 2023-01-15 v3.1.10 (3.1.10)
\pgfnodeparttextbox=\box64
)
(C:/Users/lehbib/AppData/Local/Programs/MiKTeX/tex/generic/pgf/modules/pgfmodul
eplot.code.tex
File: pgfmoduleplot.code.tex 2023-01-15 v3.1.10 (3.1.10)
)
(C:/Users/lehbib/AppData/Local/Programs/MiKTeX/tex/latex/pgf/compatibility/pgfc
omp-version-0-65.sty
Package: pgfcomp-version-0-65 2023-01-15 v3.1.10 (3.1.10)
\pgf@nodesepstart=\dimen276
\pgf@nodesepend=\dimen277
)
(C:/Users/lehbib/AppData/Local/Programs/MiKTeX/tex/latex/pgf/compatibility/pgfc
omp-version-1-18.sty
Package: pgfcomp-version-1-18 2023-01-15 v3.1.10 (3.1.10)
)))
Package trimclip Info: No clipping driver 'tc-luatex.def' available.
(trimclip)             Using fall-back PGF driver.
)
\adjbox@Width=\dimen278
\adjbox@Height=\dimen279
\adjbox@Depth=\dimen280
\adjbox@Totalheight=\dimen281
\adjbox@pwidth=\dimen282
\adjbox@pheight=\dimen283
\adjbox@pdepth=\dimen284
\adjbox@ptotalheight=\dimen285

(C:/Users/lehbib/AppData/Local/Programs/MiKTeX/tex/latex/ifoddpage/ifoddpage.st
y
Package: ifoddpage 2022/10/18 v1.2 Conditionals for odd/even page detection
\c@checkoddpage=\count295
) (C:/Users/lehbib/AppData/Local/Programs/MiKTeX/tex/latex/varwidth/varwidth.st
y
Package: varwidth 2009/03/30 ver 0.92;  Variable-width minipages
\@vwid@box=\box65
\sift@deathcycles=\count296
\@vwid@loff=\dimen286
\@vwid@roff=\dimen287
)) (C:/Users/lehbib/AppData/Local/Programs/MiKTeX/tex/latex/psnfss/times.sty
Package: times 2020/03/25 PSNFSS-v9.3 (SPQR) 
) (C:/Users/lehbib/AppData/Local/Programs/MiKTeX/tex/latex/fancyhdr/fancyhdr.st
y
Package: fancyhdr 2024/11/20 v4.4 Extensive control of page headers and footers

\f@nch@headwidth=\skip58
\f@nch@O@elh=\skip59
\f@nch@O@erh=\skip60
\f@nch@O@olh=\skip61
\f@nch@O@orh=\skip62
\f@nch@O@elf=\skip63
\f@nch@O@erf=\skip64
\f@nch@O@olf=\skip65
\f@nch@O@orf=\skip66
) (C:/Users/lehbib/AppData/Local/Programs/MiKTeX/tex/latex/hyperref/hyperref.st
y
Package: hyperref 2024-11-05 v7.01l Hypertext links for LaTeX

(C:/Users/lehbib/AppData/Local/Programs/MiKTeX/tex/latex/kvsetkeys/kvsetkeys.st
y
Package: kvsetkeys 2022-10-05 v1.19 Key value parser (HO)
)
(C:/Users/lehbib/AppData/Local/Programs/MiKTeX/tex/generic/kvdefinekeys/kvdefin
ekeys.sty
Package: kvdefinekeys 2019-12-19 v1.6 Define keys (HO)
)
(C:/Users/lehbib/AppData/Local/Programs/MiKTeX/tex/generic/pdfescape/pdfescape.
sty
Package: pdfescape 2019/12/09 v1.15 Implements pdfTeX's escape features (HO)
(C:/Users/lehbib/AppData/Local/Programs/MiKTeX/tex/generic/ltxcmds/ltxcmds.sty
Package: ltxcmds 2023-12-04 v1.26 LaTeX kernel commands for general use (HO)
)
(C:/Users/lehbib/AppData/Local/Programs/MiKTeX/tex/generic/pdftexcmds/pdftexcmd
s.sty
Package: pdftexcmds 2020-06-27 v0.33 Utility functions of pdfTeX for LuaTeX (HO
)

(C:/Users/lehbib/AppData/Local/Programs/MiKTeX/tex/generic/infwarerr/infwarerr.
sty
Package: infwarerr 2019/12/03 v1.5 Providing info/warning/error messages (HO)
)
Package pdftexcmds Info: \pdf@primitive is available.
Package pdftexcmds Info: \pdf@ifprimitive is available.
Package pdftexcmds Info: \pdfdraftmode found.
\pdftexcmds@toks=\toks39
)) (C:/Users/lehbib/AppData/Local/Programs/MiKTeX/tex/latex/hycolor/hycolor.sty
Package: hycolor 2020-01-27 v1.10 Color options for hyperref/bookmark (HO)
) (C:/Users/lehbib/AppData/Local/Programs/MiKTeX/tex/latex/hyperref/nameref.sty
Package: nameref 2023-11-26 v2.56 Cross-referencing by name of section
(C:/Users/lehbib/AppData/Local/Programs/MiKTeX/tex/latex/refcount/refcount.sty
Package: refcount 2019/12/15 v3.6 Data extraction from label references (HO)
)
(C:/Users/lehbib/AppData/Local/Programs/MiKTeX/tex/generic/gettitlestring/getti
tlestring.sty
Package: gettitlestring 2019/12/15 v1.6 Cleanup title references (HO)

(C:/Users/lehbib/AppData/Local/Programs/MiKTeX/tex/latex/kvoptions/kvoptions.st
y
Package: kvoptions 2022-06-15 v3.15 Key value format for package options (HO)
))
\c@section@level=\count297
) (C:/Users/lehbib/AppData/Local/Programs/MiKTeX/tex/latex/etoolbox/etoolbox.st
y
Package: etoolbox 2020/10/05 v2.5k e-TeX tools for LaTeX (JAW)
\etb@tempcnta=\count298
)
(C:/Users/lehbib/AppData/Local/Programs/MiKTeX/tex/generic/stringenc/stringenc.
sty
Package: stringenc 2019/11/29 v1.12 Convert strings between diff. encodings (HO
)
)
\@linkdim=\dimen288
\Hy@linkcounter=\count299
\Hy@pagecounter=\count300
(C:/Users/lehbib/AppData/Local/Programs/MiKTeX/tex/latex/hyperref/pd1enc.def
File: pd1enc.def 2024-11-05 v7.01l Hyperref: PDFDocEncoding definition (HO)
) (C:/Users/lehbib/AppData/Local/Programs/MiKTeX/tex/generic/intcalc/intcalc.st
y
Package: intcalc 2019/12/15 v1.3 Expandable calculations with integers (HO)
)
\Hy@SavedSpaceFactor=\count301
(C:/Users/lehbib/AppData/Local/Programs/MiKTeX/tex/latex/hyperref/puenc.def
File: puenc.def 2024-11-05 v7.01l Hyperref: PDF Unicode definition (HO)
)
Package hyperref Info: Option `colorlinks' set `true' on input line 4040.
Package hyperref Info: Hyper figures OFF on input line 4157.
Package hyperref Info: Link nesting OFF on input line 4162.
Package hyperref Info: Hyper index ON on input line 4165.
Package hyperref Info: Plain pages OFF on input line 4172.
Package hyperref Info: Backreferencing OFF on input line 4177.
Package hyperref Info: Implicit mode ON; LaTeX internals redefined.
Package hyperref Info: Bookmarks ON on input line 4424.
\c@Hy@tempcnt=\count302
(C:/Users/lehbib/AppData/Local/Programs/MiKTeX/tex/latex/url/url.sty
\Urlmuskip=\muskip17
Package: url 2013/09/16  ver 3.4  Verb mode for urls, etc.
)
LaTeX Info: Redefining \url on input line 4763.
\XeTeXLinkMargin=\dimen289
(C:/Users/lehbib/AppData/Local/Programs/MiKTeX/tex/generic/bitset/bitset.sty
Package: bitset 2019/12/09 v1.3 Handle bit-vector datatype (HO)

(C:/Users/lehbib/AppData/Local/Programs/MiKTeX/tex/generic/bigintcalc/bigintcal
c.sty
Package: bigintcalc 2019/12/15 v1.5 Expandable calculations on big integers (HO
)
))
\Fld@menulength=\count303
\Field@Width=\dimen290
\Fld@charsize=\dimen291
Package hyperref Info: Hyper figures OFF on input line 6042.
Package hyperref Info: Link nesting OFF on input line 6047.
Package hyperref Info: Hyper index ON on input line 6050.
Package hyperref Info: backreferencing OFF on input line 6057.
Package hyperref Info: Link coloring ON on input line 6060.
Package hyperref Info: Link coloring with OCG OFF on input line 6067.
Package hyperref Info: PDF/A mode OFF on input line 6072.
(C:/Users/lehbib/AppData/Local/Programs/MiKTeX/tex/latex/base/atbegshi-ltx.sty
Package: atbegshi-ltx 2021/01/10 v1.0c Emulation of the original atbegshi
package with kernel methods
)
\Hy@abspage=\count304
\c@Item=\count305
\c@Hfootnote=\count306
)
Package hyperref Info: Driver (autodetected): hluatex.
(C:/Users/lehbib/AppData/Local/Programs/MiKTeX/tex/latex/hyperref/hluatex.def
File: hluatex.def 2024-11-05 v7.01l Hyperref driver for luaTeX

(C:/Users/lehbib/AppData/Local/Programs/MiKTeX/tex/latex/base/atveryend-ltx.sty
Package: atveryend-ltx 2020/08/19 v1.0a Emulation of the original atveryend pac
kage
with kernel methods
)
\Fld@listcount=\count307
\c@bookmark@seq@number=\count308

(C:/Users/lehbib/AppData/Local/Programs/MiKTeX/tex/latex/rerunfilecheck/rerunfi
lecheck.sty
Package: rerunfilecheck 2022-07-10 v1.10 Rerun checks for auxiliary files (HO)

(C:/Users/lehbib/AppData/Local/Programs/MiKTeX/tex/generic/uniquecounter/unique
counter.sty
Package: uniquecounter 2019/12/15 v1.4 Provide unlimited unique counter (HO)
)
Package uniquecounter Info: New unique counter `rerunfilecheck' on input line 2
85.
)
\Hy@SectionHShift=\skip67
)
LaTeX Font Info:    Trying to load font information for T1+ptm on input line 34
.
(C:/Users/lehbib/AppData/Local/Programs/MiKTeX/tex/latex/psnfss/t1ptm.fd
File: t1ptm.fd 2001/06/04 font definitions for T1/ptm.
)
(C:/Users/lehbib/AppData/Local/Programs/MiKTeX/tex/latex/l3backend/l3backend-lu
atex.def
File: l3backend-luatex.def 2024-05-08 L3 backend support: PDF output (LuaTeX)
\l__color_backend_stack_int=\count309
Inserting `l3color' in `luaotfload.parse_color'.
\l__pdf_internal_box=\box66
) (./M3.aux)
\openout1 = M3.aux

LaTeX Font Info:    Checking defaults for OML/cmm/m/it on input line 34.
LaTeX Font Info:    ... okay on input line 34.
LaTeX Font Info:    Checking defaults for OMS/cmsy/m/n on input line 34.
LaTeX Font Info:    ... okay on input line 34.
LaTeX Font Info:    Checking defaults for OT1/cmr/m/n on input line 34.
LaTeX Font Info:    ... okay on input line 34.
LaTeX Font Info:    Checking defaults for T1/cmr/m/n on input line 34.
LaTeX Font Info:    ... okay on input line 34.
LaTeX Font Info:    Checking defaults for TS1/cmr/m/n on input line 34.
LaTeX Font Info:    ... okay on input line 34.
LaTeX Font Info:    Checking defaults for TU/lmr/m/n on input line 34.
LaTeX Font Info:    ... okay on input line 34.
LaTeX Font Info:    Checking defaults for OMX/cmex/m/n on input line 34.
LaTeX Font Info:    ... okay on input line 34.
LaTeX Font Info:    Checking defaults for U/cmr/m/n on input line 34.
LaTeX Font Info:    ... okay on input line 34.
LaTeX Font Info:    Checking defaults for PD1/pdf/m/n on input line 34.
LaTeX Font Info:    ... okay on input line 34.
LaTeX Font Info:    Checking defaults for PU/pdf/m/n on input line 34.
LaTeX Font Info:    ... okay on input line 34.

(C:/Users/lehbib/AppData/Local/Programs/MiKTeX/tex/context/base/mkii/supp-pdf.m
kii
[Loading MPS to PDF converter (version 2006.09.02).]
\scratchcounter=\count310
\scratchdimen=\dimen292
\scratchbox=\box67
\nofMPsegments=\count311
\nofMParguments=\count312
\everyMPshowfont=\toks40
\MPscratchCnt=\count313
\MPscratchDim=\dimen293
\MPnumerator=\count314
\makeMPintoPDFobject=\count315
\everyMPtoPDFconversion=\toks41
)
(C:/Users/lehbib/AppData/Local/Programs/MiKTeX/tex/latex/epstopdf-pkg/epstopdf-
base.sty
Package: epstopdf-base 2020-01-24 v2.11 Base part for package epstopdf
Package epstopdf-base Info: Redefining graphics rule for `.eps' on input line 4
85.

(C:/Users/lehbib/AppData/Local/Programs/MiKTeX/tex/latex/00miktex/epstopdf-sys.
cfg
File: epstopdf-sys.cfg 2021/03/18 v2.0 Configuration of epstopdf for MiKTeX
))
*geometry* driver: auto-detecting
*geometry* detected driver: luatex
*geometry* verbose mode - [ preamble ] result:
* driver: luatex
* paper: custom
* layout: <same size as paper>
* layoutoffset:(h,v)=(0.0pt,0.0pt)
* modes: landscape 
* h-part:(L,W,R)=(36.135pt, 1084.05pt, 36.135pt)
* v-part:(T,H,B)=(36.135pt, 722.7pt, 36.135pt)
* \paperwidth=1156.31999pt
* \paperheight=794.96999pt
* \textwidth=1084.05pt
* \textheight=722.7pt
* \oddsidemargin=-36.135pt
* \evensidemargin=-36.135pt
* \topmargin=-55.36243pt
* \headheight=12.0pt
* \headsep=7.22743pt
* \topskip=12.0pt
* \footskip=30.0pt
* \marginparwidth=144.0pt
* \marginparsep=10.0pt
* \columnsep=10.0pt
* \skip\footins=10.8pt plus 4.0pt minus 2.0pt
* \hoffset=0.0pt
* \voffset=0.0pt
* \mag=1000
* \@twocolumnfalse
* \@twosidefalse
* \@mparswitchfalse
* \@reversemarginfalse
* (1in=72.27pt=25.4mm, 1cm=28.453pt)

Package caption Info: Begin \AtBeginDocument code.
Package caption Info: float package is loaded.
Package caption Info: hyperref package is loaded.
Package caption Info: rotating package is loaded.
Package caption Info: End \AtBeginDocument code.
Package hyperref Info: Link coloring ON on input line 34.
(./M3.out) (./M3.out)
\@outlinefile=\write4

\openout4 = M3.out
LaTeX Font Info:    External font `cmex10' loaded for size
(Font)              <14.4> on input line 38.
LaTeX Font Info:    External font `cmex10' loaded for size
(Font)              <7> on input line 38.

LaTeX Warning: No \author given.



[1

{C:/Users/lehbib/AppData/Local/MiKTeX/fonts/map/pdftex/pdftex.map}]

Package hyperref Warning: Option `colorlinks' has already been used,
(hyperref)                setting the option has no effect on input line 42.

(./M3.toc


warning  (pdf backend): ignoring duplicate destination with the name 'page.1'
[1

]

[2])
\tf@toc=\write5

\openout5 = M3.toc
LaTeX Font Info:    External font `cmex10' loaded for size
(Font)              <10.95> on input line 60.
LaTeX Font Info:    External font `cmex10' loaded for size
(Font)              <8> on input line 60.
LaTeX Font Info:    External font `cmex10' loaded for size
(Font)              <6> on input line 60.

warning  (file graphs/ALB_M3.pdf) (pdf inclusion): PDF inclusion: found PDF vers
ion '1.6', but at most version '1.5' allowed
<graphs/ALB_M3.pdf, id=454, 542.025pt x 325.215pt>
File: graphs/ALB_M3.pdf Graphic file (type pdf)
<use graphs/ALB_M3.pdf>
Package luatex.def Info: graphs/ALB_M3.pdf  used on input line 70.
(luatex.def)             Requested size: 722.76163pt x 433.65697pt.

warning  (file graphs/ARG_M3.pdf) (pdf inclusion): PDF inclusion: found PDF vers
ion '1.6', but at most version '1.5' allowed
<graphs/ARG_M3.pdf, id=463, 542.025pt x 325.215pt>
File: graphs/ARG_M3.pdf Graphic file (type pdf)
<use graphs/ARG_M3.pdf>
Package luatex.def Info: graphs/ARG_M3.pdf  used on input line 99.
(luatex.def)             Requested size: 722.76163pt x 433.65697pt.

warning  (file graphs/AUS_M3.pdf) (pdf inclusion): PDF inclusion: found PDF vers
ion '1.6', but at most version '1.5' allowed
<graphs/AUS_M3.pdf, id=470, 542.025pt x 325.215pt>
File: graphs/AUS_M3.pdf Graphic file (type pdf)
<use graphs/AUS_M3.pdf>
Package luatex.def Info: graphs/AUS_M3.pdf  used on input line 127.
(luatex.def)             Requested size: 722.76163pt x 433.65697pt.

warning  (file graphs/AZE_M3.pdf) (pdf inclusion): PDF inclusion: found PDF vers
ion '1.6', but at most version '1.5' allowed
<graphs/AZE_M3.pdf, id=473, 542.025pt x 325.215pt>
File: graphs/AZE_M3.pdf Graphic file (type pdf)
<use graphs/AZE_M3.pdf>
Package luatex.def Info: graphs/AZE_M3.pdf  used on input line 153.
(luatex.def)             Requested size: 722.76163pt x 433.65697pt.

warning  (file graphs/BHS_M3.pdf) (pdf inclusion): PDF inclusion: found PDF vers
ion '1.6', but at most version '1.5' allowed
<graphs/BHS_M3.pdf, id=476, 542.025pt x 325.215pt>
File: graphs/BHS_M3.pdf Graphic file (type pdf)
<use graphs/BHS_M3.pdf>
Package luatex.def Info: graphs/BHS_M3.pdf  used on input line 179.
(luatex.def)             Requested size: 722.76163pt x 433.65697pt.

warning  (file graphs/BRB_M3.pdf) (pdf inclusion): PDF inclusion: found PDF vers
ion '1.6', but at most version '1.5' allowed
<graphs/BRB_M3.pdf, id=479, 542.025pt x 325.215pt>
File: graphs/BRB_M3.pdf Graphic file (type pdf)
<use graphs/BRB_M3.pdf>
Package luatex.def Info: graphs/BRB_M3.pdf  used on input line 205.
(luatex.def)             Requested size: 722.76163pt x 433.65697pt.

warning  (file graphs/BEL_M3.pdf) (pdf inclusion): PDF inclusion: found PDF vers
ion '1.6', but at most version '1.5' allowed
<graphs/BEL_M3.pdf, id=486, 542.025pt x 325.215pt>
File: graphs/BEL_M3.pdf Graphic file (type pdf)
<use graphs/BEL_M3.pdf>
Package luatex.def Info: graphs/BEL_M3.pdf  used on input line 233.
(luatex.def)             Requested size: 722.76163pt x 433.65697pt.

warning  (file graphs/BLZ_M3.pdf) (pdf inclusion): PDF inclusion: found PDF vers
ion '1.6', but at most version '1.5' allowed
<graphs/BLZ_M3.pdf, id=489, 542.025pt x 325.215pt>
File: graphs/BLZ_M3.pdf Graphic file (type pdf)
<use graphs/BLZ_M3.pdf>
Package luatex.def Info: graphs/BLZ_M3.pdf  used on input line 259.
(luatex.def)             Requested size: 722.76163pt x 433.65697pt.

warning  (file graphs/BOL_M3.pdf) (pdf inclusion): PDF inclusion: found PDF vers
ion '1.6', but at most version '1.5' allowed
<graphs/BOL_M3.pdf, id=492, 542.025pt x 325.215pt>
File: graphs/BOL_M3.pdf Graphic file (type pdf)
<use graphs/BOL_M3.pdf>
Package luatex.def Info: graphs/BOL_M3.pdf  used on input line 285.
(luatex.def)             Requested size: 722.76163pt x 433.65697pt.

warning  (file graphs/BRA_M3.pdf) (pdf inclusion): PDF inclusion: found PDF vers
ion '1.6', but at most version '1.5' allowed
<graphs/BRA_M3.pdf, id=495, 542.025pt x 325.215pt>
File: graphs/BRA_M3.pdf Graphic file (type pdf)
<use graphs/BRA_M3.pdf>
Package luatex.def Info: graphs/BRA_M3.pdf  used on input line 311.
(luatex.def)             Requested size: 722.76163pt x 433.65697pt.

warning  (file graphs/BGR_M3.pdf) (pdf inclusion): PDF inclusion: found PDF vers
ion '1.6', but at most version '1.5' allowed
<graphs/BGR_M3.pdf, id=498, 542.025pt x 325.215pt>
File: graphs/BGR_M3.pdf Graphic file (type pdf)
<use graphs/BGR_M3.pdf>
Package luatex.def Info: graphs/BGR_M3.pdf  used on input line 337.
(luatex.def)             Requested size: 722.76163pt x 433.65697pt.

warning  (file graphs/CAN_M3.pdf) (pdf inclusion): PDF inclusion: found PDF vers
ion '1.6', but at most version '1.5' allowed
<graphs/CAN_M3.pdf, id=503, 542.025pt x 325.215pt>
File: graphs/CAN_M3.pdf Graphic file (type pdf)
<use graphs/CAN_M3.pdf>
Package luatex.def Info: graphs/CAN_M3.pdf  used on input line 364.
(luatex.def)             Requested size: 722.76163pt x 433.65697pt.

warning  (file graphs/CHL_M3.pdf) (pdf inclusion): PDF inclusion: found PDF vers
ion '1.6', but at most version '1.5' allowed
<graphs/CHL_M3.pdf, id=506, 542.025pt x 325.215pt>
File: graphs/CHL_M3.pdf Graphic file (type pdf)
<use graphs/CHL_M3.pdf>
Package luatex.def Info: graphs/CHL_M3.pdf  used on input line 390.
(luatex.def)             Requested size: 722.76163pt x 433.65697pt.

warning  (file graphs/CHN_M3.pdf) (pdf inclusion): PDF inclusion: found PDF vers
ion '1.6', but at most version '1.5' allowed
<graphs/CHN_M3.pdf, id=509, 542.025pt x 325.215pt>
File: graphs/CHN_M3.pdf Graphic file (type pdf)
<use graphs/CHN_M3.pdf>
Package luatex.def Info: graphs/CHN_M3.pdf  used on input line 416.
(luatex.def)             Requested size: 722.76163pt x 433.65697pt.

warning  (file graphs/COL_M3.pdf) (pdf inclusion): PDF inclusion: found PDF vers
ion '1.6', but at most version '1.5' allowed
<graphs/COL_M3.pdf, id=512, 542.025pt x 325.215pt>
File: graphs/COL_M3.pdf Graphic file (type pdf)
<use graphs/COL_M3.pdf>
Package luatex.def Info: graphs/COL_M3.pdf  used on input line 442.
(luatex.def)             Requested size: 722.76163pt x 433.65697pt.

warning  (file graphs/CRI_M3.pdf) (pdf inclusion): PDF inclusion: found PDF vers
ion '1.6', but at most version '1.5' allowed
<graphs/CRI_M3.pdf, id=515, 542.025pt x 325.215pt>
File: graphs/CRI_M3.pdf Graphic file (type pdf)
<use graphs/CRI_M3.pdf>
Package luatex.def Info: graphs/CRI_M3.pdf  used on input line 468.
(luatex.def)             Requested size: 722.76163pt x 433.65697pt.

warning  (file graphs/CZE_M3.pdf) (pdf inclusion): PDF inclusion: found PDF vers
ion '1.6', but at most version '1.5' allowed
<graphs/CZE_M3.pdf, id=518, 542.025pt x 325.215pt>
File: graphs/CZE_M3.pdf Graphic file (type pdf)
<use graphs/CZE_M3.pdf>
Package luatex.def Info: graphs/CZE_M3.pdf  used on input line 494.
(luatex.def)             Requested size: 722.76163pt x 433.65697pt.

warning  (file graphs/DNK_M3.pdf) (pdf inclusion): PDF inclusion: found PDF vers
ion '1.6', but at most version '1.5' allowed
<graphs/DNK_M3.pdf, id=521, 542.025pt x 325.215pt>
File: graphs/DNK_M3.pdf Graphic file (type pdf)
<use graphs/DNK_M3.pdf>
Package luatex.def Info: graphs/DNK_M3.pdf  used on input line 520.
(luatex.def)             Requested size: 722.76163pt x 433.65697pt.

warning  (file graphs/DMA_M3.pdf) (pdf inclusion): PDF inclusion: found PDF vers
ion '1.6', but at most version '1.5' allowed
<graphs/DMA_M3.pdf, id=524, 542.025pt x 325.215pt>
File: graphs/DMA_M3.pdf Graphic file (type pdf)
<use graphs/DMA_M3.pdf>
Package luatex.def Info: graphs/DMA_M3.pdf  used on input line 546.
(luatex.def)             Requested size: 722.76163pt x 433.65697pt.

warning  (file graphs/DOM_M3.pdf) (pdf inclusion): PDF inclusion: found PDF vers
ion '1.6', but at most version '1.5' allowed
<graphs/DOM_M3.pdf, id=527, 542.025pt x 325.215pt>
File: graphs/DOM_M3.pdf Graphic file (type pdf)
<use graphs/DOM_M3.pdf>
Package luatex.def Info: graphs/DOM_M3.pdf  used on input line 572.
(luatex.def)             Requested size: 722.76163pt x 433.65697pt.

warning  (file graphs/FJI_M3.pdf) (pdf inclusion): PDF inclusion: found PDF vers
ion '1.6', but at most version '1.5' allowed
<graphs/FJI_M3.pdf, id=530, 542.025pt x 325.215pt>
File: graphs/FJI_M3.pdf Graphic file (type pdf)
<use graphs/FJI_M3.pdf>
Package luatex.def Info: graphs/FJI_M3.pdf  used on input line 598.
(luatex.def)             Requested size: 722.76163pt x 433.65697pt.

warning  (file graphs/FRA_M3.pdf) (pdf inclusion): PDF inclusion: found PDF vers
ion '1.6', but at most version '1.5' allowed
<graphs/FRA_M3.pdf, id=533, 542.025pt x 325.215pt>
File: graphs/FRA_M3.pdf Graphic file (type pdf)
<use graphs/FRA_M3.pdf>
Package luatex.def Info: graphs/FRA_M3.pdf  used on input line 624.
(luatex.def)             Requested size: 722.76163pt x 433.65697pt.

warning  (file graphs/GEO_M3.pdf) (pdf inclusion): PDF inclusion: found PDF vers
ion '1.6', but at most version '1.5' allowed
<graphs/GEO_M3.pdf, id=536, 542.025pt x 325.215pt>
File: graphs/GEO_M3.pdf Graphic file (type pdf)
<use graphs/GEO_M3.pdf>
Package luatex.def Info: graphs/GEO_M3.pdf  used on input line 650.
(luatex.def)             Requested size: 722.76163pt x 433.65697pt.

warning  (file graphs/GRC_M3.pdf) (pdf inclusion): PDF inclusion: found PDF vers
ion '1.6', but at most version '1.5' allowed
<graphs/GRC_M3.pdf, id=539, 542.025pt x 325.215pt>
File: graphs/GRC_M3.pdf Graphic file (type pdf)
<use graphs/GRC_M3.pdf>
Package luatex.def Info: graphs/GRC_M3.pdf  used on input line 676.
(luatex.def)             Requested size: 722.76163pt x 433.65697pt.

warning  (file graphs/GRD_M3.pdf) (pdf inclusion): PDF inclusion: found PDF vers
ion '1.6', but at most version '1.5' allowed
<graphs/GRD_M3.pdf, id=542, 542.025pt x 325.215pt>
File: graphs/GRD_M3.pdf Graphic file (type pdf)
<use graphs/GRD_M3.pdf>
Package luatex.def Info: graphs/GRD_M3.pdf  used on input line 702.
(luatex.def)             Requested size: 722.76163pt x 433.65697pt.

warning  (file graphs/GTM_M3.pdf) (pdf inclusion): PDF inclusion: found PDF vers
ion '1.6', but at most version '1.5' allowed
<graphs/GTM_M3.pdf, id=545, 542.025pt x 325.215pt>
File: graphs/GTM_M3.pdf Graphic file (type pdf)
<use graphs/GTM_M3.pdf>
Package luatex.def Info: graphs/GTM_M3.pdf  used on input line 728.
(luatex.def)             Requested size: 722.76163pt x 433.65697pt.

warning  (file graphs/GUY_M3.pdf) (pdf inclusion): PDF inclusion: found PDF vers
ion '1.6', but at most version '1.5' allowed
<graphs/GUY_M3.pdf, id=548, 542.025pt x 325.215pt>
File: graphs/GUY_M3.pdf Graphic file (type pdf)
<use graphs/GUY_M3.pdf>
Package luatex.def Info: graphs/GUY_M3.pdf  used on input line 754.
(luatex.def)             Requested size: 722.76163pt x 433.65697pt.

warning  (file graphs/HTI_M3.pdf) (pdf inclusion): PDF inclusion: found PDF vers
ion '1.6', but at most version '1.5' allowed
<graphs/HTI_M3.pdf, id=551, 542.025pt x 325.215pt>
File: graphs/HTI_M3.pdf Graphic file (type pdf)
<use graphs/HTI_M3.pdf>
Package luatex.def Info: graphs/HTI_M3.pdf  used on input line 780.
(luatex.def)             Requested size: 722.76163pt x 433.65697pt.

warning  (file graphs/HND_M3.pdf) (pdf inclusion): PDF inclusion: found PDF vers
ion '1.6', but at most version '1.5' allowed
<graphs/HND_M3.pdf, id=554, 542.025pt x 325.215pt>
File: graphs/HND_M3.pdf Graphic file (type pdf)
<use graphs/HND_M3.pdf>
Package luatex.def Info: graphs/HND_M3.pdf  used on input line 806.
(luatex.def)             Requested size: 722.76163pt x 433.65697pt.

warning  (file graphs/HUN_M3.pdf) (pdf inclusion): PDF inclusion: found PDF vers
ion '1.6', but at most version '1.5' allowed
<graphs/HUN_M3.pdf, id=557, 542.025pt x 325.215pt>
File: graphs/HUN_M3.pdf Graphic file (type pdf)
<use graphs/HUN_M3.pdf>
Package luatex.def Info: graphs/HUN_M3.pdf  used on input line 832.
(luatex.def)             Requested size: 722.76163pt x 433.65697pt.

warning  (file graphs/ISL_M3.pdf) (pdf inclusion): PDF inclusion: found PDF vers
ion '1.6', but at most version '1.5' allowed
<graphs/ISL_M3.pdf, id=560, 542.025pt x 325.215pt>
File: graphs/ISL_M3.pdf Graphic file (type pdf)
<use graphs/ISL_M3.pdf>
Package luatex.def Info: graphs/ISL_M3.pdf  used on input line 858.
(luatex.def)             Requested size: 722.76163pt x 433.65697pt.

warning  (file graphs/IND_M3.pdf) (pdf inclusion): PDF inclusion: found PDF vers
ion '1.6', but at most version '1.5' allowed
<graphs/IND_M3.pdf, id=565, 542.025pt x 325.215pt>
File: graphs/IND_M3.pdf Graphic file (type pdf)
<use graphs/IND_M3.pdf>
Package luatex.def Info: graphs/IND_M3.pdf  used on input line 885.
(luatex.def)             Requested size: 722.76163pt x 433.65697pt.

warning  (file graphs/IDN_M3.pdf) (pdf inclusion): PDF inclusion: found PDF vers
ion '1.6', but at most version '1.5' allowed
<graphs/IDN_M3.pdf, id=568, 542.025pt x 325.215pt>
File: graphs/IDN_M3.pdf Graphic file (type pdf)
<use graphs/IDN_M3.pdf>
Package luatex.def Info: graphs/IDN_M3.pdf  used on input line 911.
(luatex.def)             Requested size: 722.76163pt x 433.65697pt.

warning  (file graphs/ITA_M3.pdf) (pdf inclusion): PDF inclusion: found PDF vers
ion '1.6', but at most version '1.5' allowed
<graphs/ITA_M3.pdf, id=571, 542.025pt x 325.215pt>
File: graphs/ITA_M3.pdf Graphic file (type pdf)
<use graphs/ITA_M3.pdf>
Package luatex.def Info: graphs/ITA_M3.pdf  used on input line 937.
(luatex.def)             Requested size: 722.76163pt x 433.65697pt.

warning  (file graphs/JAM_M3.pdf) (pdf inclusion): PDF inclusion: found PDF vers
ion '1.6', but at most version '1.5' allowed
<graphs/JAM_M3.pdf, id=574, 542.025pt x 325.215pt>
File: graphs/JAM_M3.pdf Graphic file (type pdf)
<use graphs/JAM_M3.pdf>
Package luatex.def Info: graphs/JAM_M3.pdf  used on input line 963.
(luatex.def)             Requested size: 722.76163pt x 433.65697pt.

warning  (file graphs/KAZ_M3.pdf) (pdf inclusion): PDF inclusion: found PDF vers
ion '1.6', but at most version '1.5' allowed
<graphs/KAZ_M3.pdf, id=577, 542.025pt x 325.215pt>
File: graphs/KAZ_M3.pdf Graphic file (type pdf)
<use graphs/KAZ_M3.pdf>
Package luatex.def Info: graphs/KAZ_M3.pdf  used on input line 989.
(luatex.def)             Requested size: 722.76163pt x 433.65697pt.

warning  (file graphs/MYS_M3.pdf) (pdf inclusion): PDF inclusion: found PDF vers
ion '1.6', but at most version '1.5' allowed
<graphs/MYS_M3.pdf, id=580, 542.025pt x 325.215pt>
File: graphs/MYS_M3.pdf Graphic file (type pdf)
<use graphs/MYS_M3.pdf>
Package luatex.def Info: graphs/MYS_M3.pdf  used on input line 1015.
(luatex.def)             Requested size: 722.76163pt x 433.65697pt.

warning  (file graphs/MEX_M3.pdf) (pdf inclusion): PDF inclusion: found PDF vers
ion '1.6', but at most version '1.5' allowed
<graphs/MEX_M3.pdf, id=585, 542.025pt x 325.215pt>
File: graphs/MEX_M3.pdf Graphic file (type pdf)
<use graphs/MEX_M3.pdf>
Package luatex.def Info: graphs/MEX_M3.pdf  used on input line 1042.
(luatex.def)             Requested size: 722.76163pt x 433.65697pt.

warning  (file graphs/MAR_M3.pdf) (pdf inclusion): PDF inclusion: found PDF vers
ion '1.6', but at most version '1.5' allowed
<graphs/MAR_M3.pdf, id=587, 542.025pt x 325.215pt>
File: graphs/MAR_M3.pdf Graphic file (type pdf)
<use graphs/MAR_M3.pdf>
Package luatex.def Info: graphs/MAR_M3.pdf  used on input line 1068.
(luatex.def)             Requested size: 722.76163pt x 433.65697pt.

warning  (file graphs/NLD_M3.pdf) (pdf inclusion): PDF inclusion: found PDF vers
ion '1.6', but at most version '1.5' allowed
<graphs/NLD_M3.pdf, id=590, 542.025pt x 325.215pt>
File: graphs/NLD_M3.pdf Graphic file (type pdf)
<use graphs/NLD_M3.pdf>
Package luatex.def Info: graphs/NLD_M3.pdf  used on input line 1094.
(luatex.def)             Requested size: 722.76163pt x 433.65697pt.

warning  (file graphs/NZL_M3.pdf) (pdf inclusion): PDF inclusion: found PDF vers
ion '1.6', but at most version '1.5' allowed
<graphs/NZL_M3.pdf, id=593, 542.025pt x 325.215pt>
File: graphs/NZL_M3.pdf Graphic file (type pdf)
<use graphs/NZL_M3.pdf>
Package luatex.def Info: graphs/NZL_M3.pdf  used on input line 1120.
(luatex.def)             Requested size: 722.76163pt x 433.65697pt.

warning  (file graphs/NIC_M3.pdf) (pdf inclusion): PDF inclusion: found PDF vers
ion '1.6', but at most version '1.5' allowed
<graphs/NIC_M3.pdf, id=596, 542.025pt x 325.215pt>
File: graphs/NIC_M3.pdf Graphic file (type pdf)
<use graphs/NIC_M3.pdf>
Package luatex.def Info: graphs/NIC_M3.pdf  used on input line 1146.
(luatex.def)             Requested size: 722.76163pt x 433.65697pt.

warning  (file graphs/NOR_M3.pdf) (pdf inclusion): PDF inclusion: found PDF vers
ion '1.6', but at most version '1.5' allowed
<graphs/NOR_M3.pdf, id=599, 542.025pt x 325.215pt>
File: graphs/NOR_M3.pdf Graphic file (type pdf)
<use graphs/NOR_M3.pdf>
Package luatex.def Info: graphs/NOR_M3.pdf  used on input line 1172.
(luatex.def)             Requested size: 722.76163pt x 433.65697pt.

warning  (file graphs/PAK_M3.pdf) (pdf inclusion): PDF inclusion: found PDF vers
ion '1.6', but at most version '1.5' allowed
<graphs/PAK_M3.pdf, id=602, 542.025pt x 325.215pt>
File: graphs/PAK_M3.pdf Graphic file (type pdf)
<use graphs/PAK_M3.pdf>
Package luatex.def Info: graphs/PAK_M3.pdf  used on input line 1198.
(luatex.def)             Requested size: 722.76163pt x 433.65697pt.

warning  (file graphs/PAN_M3.pdf) (pdf inclusion): PDF inclusion: found PDF vers
ion '1.6', but at most version '1.5' allowed
<graphs/PAN_M3.pdf, id=605, 542.025pt x 325.215pt>
File: graphs/PAN_M3.pdf Graphic file (type pdf)
<use graphs/PAN_M3.pdf>
Package luatex.def Info: graphs/PAN_M3.pdf  used on input line 1224.
(luatex.def)             Requested size: 722.76163pt x 433.65697pt.

warning  (file graphs/PNG_M3.pdf) (pdf inclusion): PDF inclusion: found PDF vers
ion '1.6', but at most version '1.5' allowed
<graphs/PNG_M3.pdf, id=608, 542.025pt x 325.215pt>
File: graphs/PNG_M3.pdf Graphic file (type pdf)
<use graphs/PNG_M3.pdf>
Package luatex.def Info: graphs/PNG_M3.pdf  used on input line 1250.
(luatex.def)             Requested size: 722.76163pt x 433.65697pt.

warning  (file graphs/PRY_M3.pdf) (pdf inclusion): PDF inclusion: found PDF vers
ion '1.6', but at most version '1.5' allowed
<graphs/PRY_M3.pdf, id=611, 542.025pt x 325.215pt>
File: graphs/PRY_M3.pdf Graphic file (type pdf)
<use graphs/PRY_M3.pdf>
Package luatex.def Info: graphs/PRY_M3.pdf  used on input line 1276.
(luatex.def)             Requested size: 722.76163pt x 433.65697pt.

warning  (file graphs/PER_M3.pdf) (pdf inclusion): PDF inclusion: found PDF vers
ion '1.6', but at most version '1.5' allowed
<graphs/PER_M3.pdf, id=614, 542.025pt x 325.215pt>
File: graphs/PER_M3.pdf Graphic file (type pdf)
<use graphs/PER_M3.pdf>
Package luatex.def Info: graphs/PER_M3.pdf  used on input line 1302.
(luatex.def)             Requested size: 722.76163pt x 433.65697pt.

warning  (file graphs/PHL_M3.pdf) (pdf inclusion): PDF inclusion: found PDF vers
ion '1.6', but at most version '1.5' allowed
<graphs/PHL_M3.pdf, id=617, 542.025pt x 325.215pt>
File: graphs/PHL_M3.pdf Graphic file (type pdf)
<use graphs/PHL_M3.pdf>
Package luatex.def Info: graphs/PHL_M3.pdf  used on input line 1328.
(luatex.def)             Requested size: 722.76163pt x 433.65697pt.

warning  (file graphs/POL_M3.pdf) (pdf inclusion): PDF inclusion: found PDF vers
ion '1.6', but at most version '1.5' allowed
<graphs/POL_M3.pdf, id=620, 542.025pt x 325.215pt>
File: graphs/POL_M3.pdf Graphic file (type pdf)
<use graphs/POL_M3.pdf>
Package luatex.def Info: graphs/POL_M3.pdf  used on input line 1354.
(luatex.def)             Requested size: 722.76163pt x 433.65697pt.

warning  (file graphs/ROU_M3.pdf) (pdf inclusion): PDF inclusion: found PDF vers
ion '1.6', but at most version '1.5' allowed
<graphs/ROU_M3.pdf, id=623, 542.025pt x 325.215pt>
File: graphs/ROU_M3.pdf Graphic file (type pdf)
<use graphs/ROU_M3.pdf>
Package luatex.def Info: graphs/ROU_M3.pdf  used on input line 1380.
(luatex.def)             Requested size: 722.76163pt x 433.65697pt.

warning  (file graphs/RUS_M3.pdf) (pdf inclusion): PDF inclusion: found PDF vers
ion '1.6', but at most version '1.5' allowed
<graphs/RUS_M3.pdf, id=626, 542.025pt x 325.215pt>
File: graphs/RUS_M3.pdf Graphic file (type pdf)
<use graphs/RUS_M3.pdf>
Package luatex.def Info: graphs/RUS_M3.pdf  used on input line 1406.
(luatex.def)             Requested size: 722.76163pt x 433.65697pt.

warning  (file graphs/SGP_M3.pdf) (pdf inclusion): PDF inclusion: found PDF vers
ion '1.6', but at most version '1.5' allowed
<graphs/SGP_M3.pdf, id=629, 542.025pt x 325.215pt>
File: graphs/SGP_M3.pdf Graphic file (type pdf)
<use graphs/SGP_M3.pdf>
Package luatex.def Info: graphs/SGP_M3.pdf  used on input line 1432.
(luatex.def)             Requested size: 722.76163pt x 433.65697pt.

warning  (file graphs/ZAF_M3.pdf) (pdf inclusion): PDF inclusion: found PDF vers
ion '1.6', but at most version '1.5' allowed
<graphs/ZAF_M3.pdf, id=634, 542.025pt x 325.215pt>
File: graphs/ZAF_M3.pdf Graphic file (type pdf)
<use graphs/ZAF_M3.pdf>
Package luatex.def Info: graphs/ZAF_M3.pdf  used on input line 1459.
(luatex.def)             Requested size: 722.76163pt x 433.65697pt.

warning  (file graphs/KOR_M3.pdf) (pdf inclusion): PDF inclusion: found PDF vers
ion '1.6', but at most version '1.5' allowed
<graphs/KOR_M3.pdf, id=637, 542.025pt x 325.215pt>
File: graphs/KOR_M3.pdf Graphic file (type pdf)
<use graphs/KOR_M3.pdf>
Package luatex.def Info: graphs/KOR_M3.pdf  used on input line 1485.
(luatex.def)             Requested size: 722.76163pt x 433.65697pt.

warning  (file graphs/ESP_M3.pdf) (pdf inclusion): PDF inclusion: found PDF vers
ion '1.6', but at most version '1.5' allowed
<graphs/ESP_M3.pdf, id=640, 542.025pt x 325.215pt>
File: graphs/ESP_M3.pdf Graphic file (type pdf)
<use graphs/ESP_M3.pdf>
Package luatex.def Info: graphs/ESP_M3.pdf  used on input line 1511.
(luatex.def)             Requested size: 722.76163pt x 433.65697pt.

warning  (file graphs/SUR_M3.pdf) (pdf inclusion): PDF inclusion: found PDF vers
ion '1.6', but at most version '1.5' allowed
<graphs/SUR_M3.pdf, id=643, 542.025pt x 325.215pt>
File: graphs/SUR_M3.pdf Graphic file (type pdf)
<use graphs/SUR_M3.pdf>
Package luatex.def Info: graphs/SUR_M3.pdf  used on input line 1537.
(luatex.def)             Requested size: 722.76163pt x 433.65697pt.

warning  (file graphs/SWE_M3.pdf) (pdf inclusion): PDF inclusion: found PDF vers
ion '1.6', but at most version '1.5' allowed
<graphs/SWE_M3.pdf, id=649, 542.025pt x 325.215pt>
File: graphs/SWE_M3.pdf Graphic file (type pdf)
<use graphs/SWE_M3.pdf>
Package luatex.def Info: graphs/SWE_M3.pdf  used on input line 1565.
(luatex.def)             Requested size: 722.76163pt x 433.65697pt.

warning  (file graphs/CHE_M3.pdf) (pdf inclusion): PDF inclusion: found PDF vers
ion '1.6', but at most version '1.5' allowed
<graphs/CHE_M3.pdf, id=652, 542.025pt x 325.215pt>
File: graphs/CHE_M3.pdf Graphic file (type pdf)
<use graphs/CHE_M3.pdf>
Package luatex.def Info: graphs/CHE_M3.pdf  used on input line 1591.
(luatex.def)             Requested size: 722.76163pt x 433.65697pt.

warning  (file graphs/TTO_M3.pdf) (pdf inclusion): PDF inclusion: found PDF vers
ion '1.6', but at most version '1.5' allowed
<graphs/TTO_M3.pdf, id=655, 542.025pt x 325.215pt>
File: graphs/TTO_M3.pdf Graphic file (type pdf)
<use graphs/TTO_M3.pdf>
Package luatex.def Info: graphs/TTO_M3.pdf  used on input line 1617.
(luatex.def)             Requested size: 722.76163pt x 433.65697pt.

warning  (file graphs/TUR_M3.pdf) (pdf inclusion): PDF inclusion: found PDF vers
ion '1.6', but at most version '1.5' allowed
<graphs/TUR_M3.pdf, id=660, 542.025pt x 325.215pt>
File: graphs/TUR_M3.pdf Graphic file (type pdf)
<use graphs/TUR_M3.pdf>
Package luatex.def Info: graphs/TUR_M3.pdf  used on input line 1644.
(luatex.def)             Requested size: 722.76163pt x 433.65697pt.

warning  (file graphs/TKM_M3.pdf) (pdf inclusion): PDF inclusion: found PDF vers
ion '1.6', but at most version '1.5' allowed
<graphs/TKM_M3.pdf, id=663, 542.025pt x 325.215pt>
File: graphs/TKM_M3.pdf Graphic file (type pdf)
<use graphs/TKM_M3.pdf>
Package luatex.def Info: graphs/TKM_M3.pdf  used on input line 1670.
(luatex.def)             Requested size: 722.76163pt x 433.65697pt.

warning  (file graphs/GBR_M3.pdf) (pdf inclusion): PDF inclusion: found PDF vers
ion '1.6', but at most version '1.5' allowed
<graphs/GBR_M3.pdf, id=666, 542.025pt x 325.215pt>
File: graphs/GBR_M3.pdf Graphic file (type pdf)
<use graphs/GBR_M3.pdf>
Package luatex.def Info: graphs/GBR_M3.pdf  used on input line 1696.
(luatex.def)             Requested size: 722.76163pt x 433.65697pt.

warning  (file graphs/USA_M3.pdf) (pdf inclusion): PDF inclusion: found PDF vers
ion '1.6', but at most version '1.5' allowed
<graphs/USA_M3.pdf, id=671, 542.025pt x 325.215pt>
File: graphs/USA_M3.pdf Graphic file (type pdf)
<use graphs/USA_M3.pdf>
Package luatex.def Info: graphs/USA_M3.pdf  used on input line 1723.
(luatex.def)             Requested size: 722.76163pt x 433.65697pt.

warning  (file graphs/URY_M3.pdf) (pdf inclusion): PDF inclusion: found PDF vers
ion '1.6', but at most version '1.5' allowed
<graphs/URY_M3.pdf, id=674, 542.025pt x 325.215pt>
File: graphs/URY_M3.pdf Graphic file (type pdf)
<use graphs/URY_M3.pdf>
Package luatex.def Info: graphs/URY_M3.pdf  used on input line 1749.
(luatex.def)             Requested size: 722.76163pt x 433.65697pt.

warning  (file graphs/ATG_M3.pdf) (pdf inclusion): PDF inclusion: found PDF vers
ion '1.6', but at most version '1.5' allowed
<graphs/ATG_M3.pdf, id=677, 542.025pt x 325.215pt>
File: graphs/ATG_M3.pdf Graphic file (type pdf)
<use graphs/ATG_M3.pdf>
Package luatex.def Info: graphs/ATG_M3.pdf  used on input line 1775.
(luatex.def)             Requested size: 722.76163pt x 433.65697pt.

warning  (file graphs/KNA_M3.pdf) (pdf inclusion): PDF inclusion: found PDF vers
ion '1.6', but at most version '1.5' allowed
<graphs/KNA_M3.pdf, id=680, 542.025pt x 325.215pt>
File: graphs/KNA_M3.pdf Graphic file (type pdf)
<use graphs/KNA_M3.pdf>
Package luatex.def Info: graphs/KNA_M3.pdf  used on input line 1801.
(luatex.def)             Requested size: 722.76163pt x 433.65697pt.

warning  (file graphs/LCA_M3.pdf) (pdf inclusion): PDF inclusion: found PDF vers
ion '1.6', but at most version '1.5' allowed
<graphs/LCA_M3.pdf, id=683, 542.025pt x 325.215pt>
File: graphs/LCA_M3.pdf Graphic file (type pdf)
<use graphs/LCA_M3.pdf>
Package luatex.def Info: graphs/LCA_M3.pdf  used on input line 1827.
(luatex.def)             Requested size: 722.76163pt x 433.65697pt.

warning  (file graphs/VCT_M3.pdf) (pdf inclusion): PDF inclusion: found PDF vers
ion '1.6', but at most version '1.5' allowed
<graphs/VCT_M3.pdf, id=686, 542.025pt x 325.215pt>
File: graphs/VCT_M3.pdf Graphic file (type pdf)
<use graphs/VCT_M3.pdf>
Package luatex.def Info: graphs/VCT_M3.pdf  used on input line 1853.
(luatex.def)             Requested size: 722.76163pt x 433.65697pt.

warning  (file graphs/SLB_M3.pdf) (pdf inclusion): PDF inclusion: found PDF vers
ion '1.6', but at most version '1.5' allowed
<graphs/SLB_M3.pdf, id=689, 542.025pt x 325.215pt>
File: graphs/SLB_M3.pdf Graphic file (type pdf)
<use graphs/SLB_M3.pdf>
Package luatex.def Info: graphs/SLB_M3.pdf  used on input line 1879.
(luatex.def)             Requested size: 722.76163pt x 433.65697pt.


[3]
Overfull \vbox (6.0pt too high) has occurred while \output is active []



[4<./graphs/ALB_M3.pdf>]
Overfull \vbox (6.0pt too high) has occurred while \output is active []



[5<./graphs/ARG_M3.pdf>]
Overfull \vbox (6.0pt too high) has occurred while \output is active []



[6<./graphs/AUS_M3.pdf>]
Overfull \vbox (6.0pt too high) has occurred while \output is active []



[7<./graphs/AZE_M3.pdf>]
Overfull \vbox (6.0pt too high) has occurred while \output is active []



[8<./graphs/BHS_M3.pdf>]
Overfull \vbox (6.0pt too high) has occurred while \output is active []



[9<./graphs/BRB_M3.pdf>]
Overfull \vbox (6.0pt too high) has occurred while \output is active []



[10<./graphs/BEL_M3.pdf>]
Overfull \vbox (6.0pt too high) has occurred while \output is active []



[11<./graphs/BLZ_M3.pdf>]
Overfull \vbox (6.0pt too high) has occurred while \output is active []



[12<./graphs/BOL_M3.pdf>]
Overfull \vbox (6.0pt too high) has occurred while \output is active []



[13<./graphs/BRA_M3.pdf>]
Overfull \vbox (6.0pt too high) has occurred while \output is active []



[14<./graphs/BGR_M3.pdf>]
Overfull \vbox (6.0pt too high) has occurred while \output is active []



[15<./graphs/CAN_M3.pdf>]
Overfull \vbox (6.0pt too high) has occurred while \output is active []



[16<./graphs/CHL_M3.pdf>]
Overfull \vbox (6.0pt too high) has occurred while \output is active []



[17<./graphs/CHN_M3.pdf>]
Overfull \vbox (6.0pt too high) has occurred while \output is active []



[18<./graphs/COL_M3.pdf>]
Overfull \vbox (6.0pt too high) has occurred while \output is active []



[19<./graphs/CRI_M3.pdf>]
Overfull \vbox (6.0pt too high) has occurred while \output is active []



[20<./graphs/CZE_M3.pdf>]
Overfull \vbox (6.0pt too high) has occurred while \output is active []



[21<./graphs/DNK_M3.pdf>]
Overfull \vbox (6.0pt too high) has occurred while \output is active []



[22<./graphs/DMA_M3.pdf>]
Overfull \vbox (6.0pt too high) has occurred while \output is active []



[23<./graphs/DOM_M3.pdf>]
Overfull \vbox (6.0pt too high) has occurred while \output is active []



[24<./graphs/FJI_M3.pdf>]
Overfull \vbox (6.0pt too high) has occurred while \output is active []



[25<./graphs/FRA_M3.pdf>]
Overfull \vbox (6.0pt too high) has occurred while \output is active []



[26<./graphs/GEO_M3.pdf>]
Overfull \vbox (6.0pt too high) has occurred while \output is active []



[27<./graphs/GRC_M3.pdf>]
Overfull \vbox (6.0pt too high) has occurred while \output is active []



[28<./graphs/GRD_M3.pdf>]
Overfull \vbox (6.0pt too high) has occurred while \output is active []



[29<./graphs/GTM_M3.pdf>]
Overfull \vbox (6.0pt too high) has occurred while \output is active []



[30<./graphs/GUY_M3.pdf>]
Overfull \vbox (6.0pt too high) has occurred while \output is active []



[31<./graphs/HTI_M3.pdf>]
Overfull \vbox (6.0pt too high) has occurred while \output is active []



[32<./graphs/HND_M3.pdf>]
Overfull \vbox (6.0pt too high) has occurred while \output is active []



[33<./graphs/HUN_M3.pdf>]
Overfull \vbox (6.0pt too high) has occurred while \output is active []



[34<./graphs/ISL_M3.pdf>]
Overfull \vbox (6.0pt too high) has occurred while \output is active []



[35<./graphs/IND_M3.pdf>]
Overfull \vbox (6.0pt too high) has occurred while \output is active []



[36<./graphs/IDN_M3.pdf>]
Overfull \vbox (6.0pt too high) has occurred while \output is active []



[37<./graphs/ITA_M3.pdf>]
Overfull \vbox (6.0pt too high) has occurred while \output is active []



[38<./graphs/JAM_M3.pdf>]
Overfull \vbox (6.0pt too high) has occurred while \output is active []



[39<./graphs/KAZ_M3.pdf>]
Overfull \vbox (6.0pt too high) has occurred while \output is active []



[40<./graphs/MYS_M3.pdf>]
Overfull \vbox (6.0pt too high) has occurred while \output is active []



[41<./graphs/MEX_M3.pdf>]
Overfull \vbox (6.0pt too high) has occurred while \output is active []



[42<./graphs/MAR_M3.pdf>]
Overfull \vbox (6.0pt too high) has occurred while \output is active []



[43<./graphs/NLD_M3.pdf>]
Overfull \vbox (6.0pt too high) has occurred while \output is active []



[44<./graphs/NZL_M3.pdf>]
Overfull \vbox (6.0pt too high) has occurred while \output is active []



[45<./graphs/NIC_M3.pdf>]
Overfull \vbox (6.0pt too high) has occurred while \output is active []



[46<./graphs/NOR_M3.pdf>]
Overfull \vbox (6.0pt too high) has occurred while \output is active []



[47<./graphs/PAK_M3.pdf>]
Overfull \vbox (6.0pt too high) has occurred while \output is active []



[48<./graphs/PAN_M3.pdf>]
Overfull \vbox (6.0pt too high) has occurred while \output is active []



[49<./graphs/PNG_M3.pdf>]
Overfull \vbox (6.0pt too high) has occurred while \output is active []



[50<./graphs/PRY_M3.pdf>]
Overfull \vbox (6.0pt too high) has occurred while \output is active []



[51<./graphs/PER_M3.pdf>]
Overfull \vbox (6.0pt too high) has occurred while \output is active []



[52<./graphs/PHL_M3.pdf>]
Overfull \vbox (6.0pt too high) has occurred while \output is active []



[53<./graphs/POL_M3.pdf>]
Overfull \vbox (6.0pt too high) has occurred while \output is active []



[54<./graphs/ROU_M3.pdf>]
Overfull \vbox (6.0pt too high) has occurred while \output is active []



[55<./graphs/RUS_M3.pdf>]
Overfull \vbox (6.0pt too high) has occurred while \output is active []



[56<./graphs/SGP_M3.pdf>]
Overfull \vbox (6.0pt too high) has occurred while \output is active []



[57<./graphs/ZAF_M3.pdf>]
Overfull \vbox (6.0pt too high) has occurred while \output is active []



[58<./graphs/KOR_M3.pdf>]
Overfull \vbox (6.0pt too high) has occurred while \output is active []



[59<./graphs/ESP_M3.pdf>]
Overfull \vbox (6.0pt too high) has occurred while \output is active []



[60<./graphs/SUR_M3.pdf>]
Overfull \vbox (6.0pt too high) has occurred while \output is active []



[61<./graphs/SWE_M3.pdf>]
Overfull \vbox (6.0pt too high) has occurred while \output is active []



[62<./graphs/CHE_M3.pdf>]
Overfull \vbox (6.0pt too high) has occurred while \output is active []



[63<./graphs/TTO_M3.pdf>]
Overfull \vbox (6.0pt too high) has occurred while \output is active []



[64<./graphs/TUR_M3.pdf>]
Overfull \vbox (6.0pt too high) has occurred while \output is active []



[65<./graphs/TKM_M3.pdf>]
Overfull \vbox (6.0pt too high) has occurred while \output is active []



[66<./graphs/GBR_M3.pdf>]
Overfull \vbox (6.0pt too high) has occurred while \output is active []



[67<./graphs/USA_M3.pdf>]
Overfull \vbox (6.0pt too high) has occurred while \output is active []



[68<./graphs/URY_M3.pdf>]
Overfull \vbox (6.0pt too high) has occurred while \output is active []



[69<./graphs/ATG_M3.pdf>]
Overfull \vbox (6.0pt too high) has occurred while \output is active []



[70<./graphs/KNA_M3.pdf>]
Overfull \vbox (6.0pt too high) has occurred while \output is active []



[71<./graphs/LCA_M3.pdf>]
Overfull \vbox (6.0pt too high) has occurred while \output is active []



[72<./graphs/VCT_M3.pdf>]
Overfull \vbox (6.0pt too high) has occurred while \output is active []



[73<./graphs/SLB_M3.pdf>] (./M3.bbl
LaTeX Font Info:    Trying to load font information for T1+pcr on input line 11
.
(C:/Users/lehbib/AppData/Local/Programs/MiKTeX/tex/latex/psnfss/t1pcr.fd
File: t1pcr.fd 2001/06/04 font definitions for T1/pcr.
))

[74
Missing character: There is no  (U+2014) in font ptmri8t!
Missing character: There is no  (U+2019) in font ptmr8t!
] (./M3.aux)
 ***********
LaTeX2e <2024-11-01>
L3 programming layer <2024-11-02>
 ***********
Package rerunfilecheck Info: File `M3.out' has not changed.
(rerunfilecheck)             Checksum: D2587518E36EE555D2598D4C8183D235;6644.
)

Here is how much of LuaTeX's memory you used:
 22194 strings out of 475664
 244184,953878 words of node,token memory allocated
 483 words of node memory still in use:
   3 hlist, 1 vlist, 1 rule, 2 glue, 3 kern, 1 glyph, 7 attribute, 58 glue_spec,
 7 attribute_list, 2 write, 2 pdf_action nodes
   avail lists: 2:12767,3:1661,4:1842,5:1423,6:449,7:17085,8:109,9:5090,10:5,11:
457
 43960 multiletter control sequences out of 65536+600000
 57 fonts using 3757735 bytes
 105i,12n,100p,462b,576s stack positions out of 10000i,1000n,20000p,200000b,200000s
{C:/Users/lehbib/AppData/Local/Programs/MiKTeX/fonts/enc/dvips/base/8r.enc}<C:/U
sers/lehbib/AppData/Local/Programs/MiKTeX/fonts/type1/urw/courier/ucrr8a.pfb><C:
/Users/lehbib/AppData/Local/Programs/MiKTeX/fonts/type1/urw/times/utmb8a.pfb><C:
/Users/lehbib/AppData/Local/Programs/MiKTeX/fonts/type1/urw/times/utmr8a.pfb><C:
/Users/lehbib/AppData/Local/Programs/MiKTeX/fonts/type1/urw/times/utmri8a.pfb>
Output written on M3.pdf (75 pages, 5765237 bytes).

PDF statistics: 6160 PDF objects out of 6186 (max. 8388607)
 305 named destinations out of 1000 (max. 131072)
 584 words of extra memory for PDF output out of 10000 (max. 100000000)

