This is LuaHBTeX, Version 1.18.1 (MiKTeX 24.4) (format=lualatex 2024.12.5)  1 JUL 2025 02:29
 restricted system commands enabled.
**NLD.tex
(./NLD.tex
LaTeX2e <2024-11-01>
L3 programming layer <2024-11-02>
Lua module: luaotfload 2024-02-14 v3.28 Lua based OpenType font support
Lua module: lualibs 2023-07-13 v2.76 ConTeXt Lua standard libraries.
Lua module: lualibs-extended 2023-07-13 v2.76 ConTeXt Lua libraries -- extended 
collection.
luaotfload | conf : Root cache directory is "C:/Users/lehbib/AppData/Local/MiKTe
X/luatex-cache/generic/names".
luaotfload | init : Loading fontloader "fontloader-2023-12-28.lua" from kpse-res
olved path "C:/Users/lehbib/AppData/Local/Programs/MiKTeX/tex/luatex/luaotfload/
fontloader-2023-12-28.lua".
Lua-only attribute luaotfload@noligature = 1
luaotfload | init : Context OpenType loader version 3.134
Inserting `luaotfload.node_processor' in `pre_linebreak_filter'.
Inserting `luaotfload.node_processor' in `hpack_filter'.
Inserting `luaotfload.glyph_stream' in `glyph_stream_provider'.
Inserting `luaotfload.define_font' in `define_font'.
Lua-only attribute luaotfload_color_attribute = 2
luaotfload | conf : Root cache directory is "C:/Users/lehbib/AppData/Local/MiKTe
X/luatex-cache/generic/names".
Inserting `luaotfload.harf.strip_prefix' in `find_opentype_file'.
Inserting `luaotfload.harf.strip_prefix' in `find_truetype_file'.
Removing  `luaotfload.glyph_stream' from `glyph_stream_provider'.
Inserting `luaotfload.harf.glyphstream' in `glyph_stream_provider'.
Inserting `luaotfload.harf.finalize_vlist' in `post_linebreak_filter'.
Inserting `luaotfload.harf.finalize_hlist' in `hpack_filter'.
Inserting `luaotfload.cleanup_files' in `wrapup_run'.
Inserting `luaotfload.harf.finalize_unicode' in `finish_pdffile'.
Inserting `luaotfload.glyphinfo' in `glyph_info'.
Lua-only attribute luaotfload.letterspace_done = 3
Inserting `luaotfload.aux.set_sscale_dimens' in `luaotfload.patch_font'.
Inserting `luaotfload.aux.set_font_index' in `luaotfload.patch_font'.
Inserting `luaotfload.aux.patch_cambria_domh' in `luaotfload.patch_font'.
Inserting `luaotfload.aux.fixup_fontdata' in `luaotfload.patch_font_unsafe'.
Inserting `luaotfload.aux.set_capheight' in `luaotfload.patch_font'.
Inserting `luaotfload.aux.set_xheight' in `luaotfload.patch_font'.
Inserting `luaotfload.rewrite_fontname' in `luaotfload.patch_font'.
Inserting `tracingstacklevels' in `input_level_string'. (C:/Users/lehbib/AppDat
a/Local/Programs/MiKTeX/tex/latex/base/article.cls
Document Class: article 2024/06/29 v1.4n Standard LaTeX document class
(C:/Users/lehbib/AppData/Local/Programs/MiKTeX/tex/latex/base/size12.clo
File: size12.clo 2024/06/29 v1.4n Standard LaTeX file (size option)
luaotfload | db : Font names database loaded from C:/Users/lehbib/AppData/Local/
MiKTeX/luatex-cache/generic/names/luaotfload-names.luc.gz)
\c@part=\count194
\c@section=\count195
\c@subsection=\count196
\c@subsubsection=\count197
\c@paragraph=\count198
\c@subparagraph=\count199
\c@figure=\count266
\c@table=\count267
\abovecaptionskip=\skip49
\belowcaptionskip=\skip50
\bibindent=\dimen140
) (C:/Users/lehbib/AppData/Local/Programs/MiKTeX/tex/latex/base/inputenc.sty
Package: inputenc 2024/02/08 v1.3d Input encoding file
\inpenc@prehook=\toks17
\inpenc@posthook=\toks18

Package inputenc Warning: inputenc package ignored with utf8 based engines.

) (C:/Users/lehbib/AppData/Local/Programs/MiKTeX/tex/latex/base/fontenc.sty
Package: fontenc 2021/04/29 v2.0v Standard LaTeX package
LaTeX Font Info:    Trying to load font information for T1+lmr on input line 11
6.
(C:/Users/lehbib/AppData/Local/Programs/MiKTeX/tex/latex/lm/t1lmr.fd
File: t1lmr.fd 2015/05/01 v1.6.1 Font defs for Latin Modern
)) (C:/Users/lehbib/AppData/Local/Programs/MiKTeX/tex/latex/graphics/graphicx.s
ty
Package: graphicx 2021/09/16 v1.2d Enhanced LaTeX Graphics (DPC,SPQR)
(C:/Users/lehbib/AppData/Local/Programs/MiKTeX/tex/latex/graphics/keyval.sty
Package: keyval 2022/05/29 v1.15 key=value parser (DPC)
\KV@toks@=\toks19
) (C:/Users/lehbib/AppData/Local/Programs/MiKTeX/tex/latex/graphics/graphics.st
y
Package: graphics 2024/08/06 v1.4g Standard LaTeX Graphics (DPC,SPQR)
(C:/Users/lehbib/AppData/Local/Programs/MiKTeX/tex/latex/graphics/trig.sty
Package: trig 2023/12/02 v1.11 sin cos tan (DPC)
)
(C:/Users/lehbib/AppData/Local/Programs/MiKTeX/tex/latex/graphics-cfg/graphics.
cfg
File: graphics.cfg 2016/06/04 v1.11 sample graphics configuration
)
Package graphics Info: Driver file: luatex.def on input line 106.

(C:/Users/lehbib/AppData/Local/Programs/MiKTeX/tex/latex/graphics-def/luatex.de
f
File: luatex.def 2024/04/13 v1.2e Graphics/color driver for luatex
))
\Gin@req@height=\dimen141
\Gin@req@width=\dimen142
) (C:/Users/lehbib/AppData/Local/Programs/MiKTeX/tex/latex/booktabs/booktabs.st
y
Package: booktabs 2020/01/12 v1.61803398 Publication quality tables
\heavyrulewidth=\dimen143
\lightrulewidth=\dimen144
\cmidrulewidth=\dimen145
\belowrulesep=\dimen146
\belowbottomsep=\dimen147
\aboverulesep=\dimen148
\abovetopsep=\dimen149
\cmidrulesep=\dimen150
\cmidrulekern=\dimen151
\defaultaddspace=\dimen152
\@cmidla=\count268
\@cmidlb=\count269
\@aboverulesep=\dimen153
\@belowrulesep=\dimen154
\@thisruleclass=\count270
\@lastruleclass=\count271
\@thisrulewidth=\dimen155
) (C:/Users/lehbib/AppData/Local/Programs/MiKTeX/tex/latex/geometry/geometry.st
y
Package: geometry 2020/01/02 v5.9 Page Geometry
(C:/Users/lehbib/AppData/Local/Programs/MiKTeX/tex/generic/iftex/ifvtex.sty
Package: ifvtex 2019/10/25 v1.7 ifvtex legacy package. Use iftex instead.
(C:/Users/lehbib/AppData/Local/Programs/MiKTeX/tex/generic/iftex/iftex.sty
Package: iftex 2022/02/03 v1.0f TeX engine tests
))
\Gm@cnth=\count272
\Gm@cntv=\count273
\c@Gm@tempcnt=\count274
\Gm@bindingoffset=\dimen156
\Gm@wd@mp=\dimen157
\Gm@odd@mp=\dimen158
\Gm@even@mp=\dimen159
\Gm@layoutwidth=\dimen160
\Gm@layoutheight=\dimen161
\Gm@layouthoffset=\dimen162
\Gm@layoutvoffset=\dimen163
\Gm@dimlist=\toks20
(C:/Users/lehbib/AppData/Local/Programs/MiKTeX/tex/latex/geometry/geometry.cfg))
(C:/Users/lehbib/AppData/Local/Programs/MiKTeX/tex/latex/caption/caption.sty
Package: caption 2023/08/05 v3.6o Customizing captions (AR)
(C:/Users/lehbib/AppData/Local/Programs/MiKTeX/tex/latex/caption/caption3.sty
Package: caption3 2023/07/31 v2.4d caption3 kernel (AR)
\caption@tempdima=\dimen164
\captionmargin=\dimen165
\caption@leftmargin=\dimen166
\caption@rightmargin=\dimen167
\caption@width=\dimen168
\caption@indent=\dimen169
\caption@parindent=\dimen170
\caption@hangindent=\dimen171
Package caption Info: Standard document class detected.
)
\c@caption@flags=\count275
\c@continuedfloat=\count276
) (C:/Users/lehbib/AppData/Local/Programs/MiKTeX/tex/latex/float/float.sty
Package: float 2001/11/08 v1.3d Float enhancements (AL)
\c@float@type=\count277
\float@exts=\toks21
\float@box=\box52
\@float@everytoks=\toks22
\@floatcapt=\box53
) (C:/Users/lehbib/AppData/Local/Programs/MiKTeX/tex/latex/natbib/natbib.sty
Package: natbib 2010/09/13 8.31b (PWD, AO)
\bibhang=\skip51
\bibsep=\skip52
LaTeX Info: Redefining \cite on input line 694.
\c@NAT@ctr=\count278
) (C:/Users/lehbib/AppData/Local/Programs/MiKTeX/tex/latex/xcolor/xcolor.sty
Package: xcolor 2024/09/29 v3.02 LaTeX color extensions (UK)

(C:/Users/lehbib/AppData/Local/Programs/MiKTeX/tex/latex/graphics-cfg/color.cfg
File: color.cfg 2016/01/02 v1.6 sample color configuration
)
Package xcolor Info: Driver file: luatex.def on input line 274.

(C:/Users/lehbib/AppData/Local/Programs/MiKTeX/tex/latex/graphics/mathcolor.ltx
)
Package xcolor Info: Model `cmy' substituted by `cmy0' on input line 1349.
Package xcolor Info: Model `hsb' substituted by `rgb' on input line 1353.
Package xcolor Info: Model `RGB' extended on input line 1365.
Package xcolor Info: Model `HTML' substituted by `rgb' on input line 1367.
Package xcolor Info: Model `Hsb' substituted by `hsb' on input line 1368.
Package xcolor Info: Model `tHsb' substituted by `hsb' on input line 1369.
Package xcolor Info: Model `HSB' substituted by `hsb' on input line 1370.
Package xcolor Info: Model `Gray' substituted by `gray' on input line 1371.
Package xcolor Info: Model `wave' substituted by `hsb' on input line 1372.
) (C:/Users/lehbib/AppData/Local/Programs/MiKTeX/tex/latex/colortbl/colortbl.st
y
Package: colortbl 2024/07/06 v1.0i Color table columns (DPC)
(C:/Users/lehbib/AppData/Local/Programs/MiKTeX/tex/latex/tools/array.sty
Package: array 2024/10/17 v2.6g Tabular extension package (FMi)
\col@sep=\dimen172
\ar@mcellbox=\box54
\extrarowheight=\dimen173
\NC@list=\toks23
\extratabsurround=\skip53
\backup@length=\skip54
\ar@cellbox=\box55
)
\everycr=\toks24
\minrowclearance=\skip55
\rownum=\count279
) (C:/Users/lehbib/AppData/Local/Programs/MiKTeX/tex/latex/graphics/rotating.st
y
Package: rotating 2016/08/11 v2.16d rotated objects in LaTeX
(C:/Users/lehbib/AppData/Local/Programs/MiKTeX/tex/latex/base/ifthen.sty
Package: ifthen 2024/03/16 v1.1e Standard LaTeX ifthen package (DPC)
)
\c@r@tfl@t=\count280
\rotFPtop=\skip56
\rotFPbot=\skip57
\rot@float@box=\box56
\rot@mess@toks=\toks25
) (C:/Users/lehbib/AppData/Local/Programs/MiKTeX/tex/latex/tools/tabularx.sty
Package: tabularx 2023/12/11 v2.12a `tabularx' package (DPC)
\TX@col@width=\dimen174
\TX@old@table=\dimen175
\TX@old@col=\dimen176
\TX@target=\dimen177
\TX@delta=\dimen178
\TX@cols=\count281
\TX@ftn=\toks26
)
(C:/Users/lehbib/AppData/Local/Programs/MiKTeX/tex/latex/pdflscape/pdflscape.st
y
Package: pdflscape 2022-10-27 v0.13 Display of landscape pages in PDF

(C:/Users/lehbib/AppData/Local/Programs/MiKTeX/tex/latex/pdflscape/pdflscape-no
metadata.sty
Package: pdflscape-nometadata 2022-10-28 v0.13 Display of landscape pages in PD
F (HO)
(C:/Users/lehbib/AppData/Local/Programs/MiKTeX/tex/latex/graphics/lscape.sty
Package: lscape 2020/05/28 v3.02 Landscape Pages (DPC)
)
Package pdflscape Info: Auto-detected driver: pdftex on input line 81.
))
(C:/Users/lehbib/AppData/Local/Programs/MiKTeX/tex/latex/adjustbox/adjustbox.st
y
Package: adjustbox 2022/10/17 v1.3a Adjusting TeX boxes (trim, clip, ...)
(C:/Users/lehbib/AppData/Local/Programs/MiKTeX/tex/latex/xkeyval/xkeyval.sty
Package: xkeyval 2022/06/16 v2.9 package option processing (HA)
(C:/Users/lehbib/AppData/Local/Programs/MiKTeX/tex/generic/xkeyval/xkeyval.tex
(C:/Users/lehbib/AppData/Local/Programs/MiKTeX/tex/generic/xkeyval/xkvutils.tex
\XKV@toks=\toks27
\XKV@tempa@toks=\toks28
)
\XKV@depth=\count282
File: xkeyval.tex 2014/12/03 v2.7a key=value parser (HA)
)) (C:/Users/lehbib/AppData/Local/Programs/MiKTeX/tex/latex/adjustbox/adjcalc.s
ty
Package: adjcalc 2012/05/16 v1.1 Provides advanced setlength with multiple back
-ends (calc, etex, pgfmath)
)
(C:/Users/lehbib/AppData/Local/Programs/MiKTeX/tex/latex/adjustbox/trimclip.sty
Package: trimclip 2020/08/19 v1.2 Trim and clip general TeX material

(C:/Users/lehbib/AppData/Local/Programs/MiKTeX/tex/latex/collectbox/collectbox.
sty
Package: collectbox 2022/10/17 v0.4c Collect macro arguments as boxes
\collectedbox=\box57
)
\tc@llx=\dimen179
\tc@lly=\dimen180
\tc@urx=\dimen181
\tc@ury=\dimen182
(C:/Users/lehbib/AppData/Local/Programs/MiKTeX/tex/latex/adjustbox/tc-pgf.def
File: tc-pgf.def 2019/01/04 v2.2 trimclip fall-back clipping driver using PGF

(C:/Users/lehbib/AppData/Local/Programs/MiKTeX/tex/latex/pgf/basiclayer/pgf.sty

(C:/Users/lehbib/AppData/Local/Programs/MiKTeX/tex/latex/pgf/utilities/pgfrcs.s
ty
(C:/Users/lehbib/AppData/Local/Programs/MiKTeX/tex/generic/pgf/utilities/pgfuti
l-common.tex
\pgfutil@everybye=\toks29
\pgfutil@tempdima=\dimen183
\pgfutil@tempdimb=\dimen184
)
(C:/Users/lehbib/AppData/Local/Programs/MiKTeX/tex/generic/pgf/utilities/pgfuti
l-latex.def
\pgfutil@abb=\box58
)
(C:/Users/lehbib/AppData/Local/Programs/MiKTeX/tex/generic/pgf/utilities/pgfrcs
.code.tex
(C:/Users/lehbib/AppData/Local/Programs/MiKTeX/tex/generic/pgf/pgf.revision.tex
)
Package: pgfrcs 2023-01-15 v3.1.10 (3.1.10)
))
Package: pgf 2023-01-15 v3.1.10 (3.1.10)

(C:/Users/lehbib/AppData/Local/Programs/MiKTeX/tex/latex/pgf/basiclayer/pgfcore
.sty
(C:/Users/lehbib/AppData/Local/Programs/MiKTeX/tex/latex/pgf/systemlayer/pgfsys
.sty
(C:/Users/lehbib/AppData/Local/Programs/MiKTeX/tex/generic/pgf/systemlayer/pgfs
ys.code.tex
Package: pgfsys 2023-01-15 v3.1.10 (3.1.10)

(C:/Users/lehbib/AppData/Local/Programs/MiKTeX/tex/generic/pgf/utilities/pgfkey
s.code.tex
\pgfkeys@pathtoks=\toks30
\pgfkeys@temptoks=\toks31

(C:/Users/lehbib/AppData/Local/Programs/MiKTeX/tex/generic/pgf/utilities/pgfkey
slibraryfiltered.code.tex
\pgfkeys@tmptoks=\toks32
))
\pgf@x=\dimen185
\pgf@y=\dimen186
\pgf@xa=\dimen187
\pgf@ya=\dimen188
\pgf@xb=\dimen189
\pgf@yb=\dimen190
\pgf@xc=\dimen191
\pgf@yc=\dimen192
\pgf@xd=\dimen193
\pgf@yd=\dimen194
\w@pgf@writea=\write3
\r@pgf@reada=\read2
\c@pgf@counta=\count283
\c@pgf@countb=\count284
\c@pgf@countc=\count285
\c@pgf@countd=\count286
\t@pgf@toka=\toks33
\t@pgf@tokb=\toks34
\t@pgf@tokc=\toks35
\pgf@sys@id@count=\count287

(C:/Users/lehbib/AppData/Local/Programs/MiKTeX/tex/generic/pgf/systemlayer/pgf.
cfg
File: pgf.cfg 2023-01-15 v3.1.10 (3.1.10)
)
Driver file for pgf: pgfsys-luatex.def

(C:/Users/lehbib/AppData/Local/Programs/MiKTeX/tex/generic/pgf/systemlayer/pgfs
ys-luatex.def
File: pgfsys-luatex.def 2023-01-15 v3.1.10 (3.1.10)

(C:/Users/lehbib/AppData/Local/Programs/MiKTeX/tex/generic/pgf/systemlayer/pgfs
ys-common-pdf.def
File: pgfsys-common-pdf.def 2023-01-15 v3.1.10 (3.1.10)
)))
(C:/Users/lehbib/AppData/Local/Programs/MiKTeX/tex/generic/pgf/systemlayer/pgfs
yssoftpath.code.tex
File: pgfsyssoftpath.code.tex 2023-01-15 v3.1.10 (3.1.10)
\pgfsyssoftpath@smallbuffer@items=\count288
\pgfsyssoftpath@bigbuffer@items=\count289
)
(C:/Users/lehbib/AppData/Local/Programs/MiKTeX/tex/generic/pgf/systemlayer/pgfs
ysprotocol.code.tex
File: pgfsysprotocol.code.tex 2023-01-15 v3.1.10 (3.1.10)
))
(C:/Users/lehbib/AppData/Local/Programs/MiKTeX/tex/generic/pgf/basiclayer/pgfco
re.code.tex
Package: pgfcore 2023-01-15 v3.1.10 (3.1.10)

(C:/Users/lehbib/AppData/Local/Programs/MiKTeX/tex/generic/pgf/math/pgfmath.cod
e.tex
(C:/Users/lehbib/AppData/Local/Programs/MiKTeX/tex/generic/pgf/math/pgfmathutil
.code.tex)
(C:/Users/lehbib/AppData/Local/Programs/MiKTeX/tex/generic/pgf/math/pgfmathpars
er.code.tex
\pgfmath@dimen=\dimen195
\pgfmath@count=\count290
\pgfmath@box=\box59
\pgfmath@toks=\toks36
\pgfmath@stack@operand=\toks37
\pgfmath@stack@operation=\toks38
)
(C:/Users/lehbib/AppData/Local/Programs/MiKTeX/tex/generic/pgf/math/pgfmathfunc
tions.code.tex)
(C:/Users/lehbib/AppData/Local/Programs/MiKTeX/tex/generic/pgf/math/pgfmathfunc
tions.basic.code.tex)
(C:/Users/lehbib/AppData/Local/Programs/MiKTeX/tex/generic/pgf/math/pgfmathfunc
tions.trigonometric.code.tex)
(C:/Users/lehbib/AppData/Local/Programs/MiKTeX/tex/generic/pgf/math/pgfmathfunc
tions.random.code.tex)
(C:/Users/lehbib/AppData/Local/Programs/MiKTeX/tex/generic/pgf/math/pgfmathfunc
tions.comparison.code.tex)
(C:/Users/lehbib/AppData/Local/Programs/MiKTeX/tex/generic/pgf/math/pgfmathfunc
tions.base.code.tex)
(C:/Users/lehbib/AppData/Local/Programs/MiKTeX/tex/generic/pgf/math/pgfmathfunc
tions.round.code.tex)
(C:/Users/lehbib/AppData/Local/Programs/MiKTeX/tex/generic/pgf/math/pgfmathfunc
tions.misc.code.tex)
(C:/Users/lehbib/AppData/Local/Programs/MiKTeX/tex/generic/pgf/math/pgfmathfunc
tions.integerarithmetics.code.tex)
(C:/Users/lehbib/AppData/Local/Programs/MiKTeX/tex/generic/pgf/math/pgfmathcalc
.code.tex)
(C:/Users/lehbib/AppData/Local/Programs/MiKTeX/tex/generic/pgf/math/pgfmathfloa
t.code.tex
\c@pgfmathroundto@lastzeros=\count291
))
(C:/Users/lehbib/AppData/Local/Programs/MiKTeX/tex/generic/pgf/math/pgfint.code
.tex)
(C:/Users/lehbib/AppData/Local/Programs/MiKTeX/tex/generic/pgf/basiclayer/pgfco
repoints.code.tex
File: pgfcorepoints.code.tex 2023-01-15 v3.1.10 (3.1.10)
\pgf@picminx=\dimen196
\pgf@picmaxx=\dimen197
\pgf@picminy=\dimen198
\pgf@picmaxy=\dimen199
\pgf@pathminx=\dimen256
\pgf@pathmaxx=\dimen257
\pgf@pathminy=\dimen258
\pgf@pathmaxy=\dimen259
\pgf@xx=\dimen260
\pgf@xy=\dimen261
\pgf@yx=\dimen262
\pgf@yy=\dimen263
\pgf@zx=\dimen264
\pgf@zy=\dimen265
)
(C:/Users/lehbib/AppData/Local/Programs/MiKTeX/tex/generic/pgf/basiclayer/pgfco
repathconstruct.code.tex
File: pgfcorepathconstruct.code.tex 2023-01-15 v3.1.10 (3.1.10)
\pgf@path@lastx=\dimen266
\pgf@path@lasty=\dimen267
)
(C:/Users/lehbib/AppData/Local/Programs/MiKTeX/tex/generic/pgf/basiclayer/pgfco
repathusage.code.tex
File: pgfcorepathusage.code.tex 2023-01-15 v3.1.10 (3.1.10)
\pgf@shorten@end@additional=\dimen268
\pgf@shorten@start@additional=\dimen269
)
(C:/Users/lehbib/AppData/Local/Programs/MiKTeX/tex/generic/pgf/basiclayer/pgfco
rescopes.code.tex
File: pgfcorescopes.code.tex 2023-01-15 v3.1.10 (3.1.10)
\pgfpic=\box60
\pgf@hbox=\box61
\pgf@layerbox@main=\box62
\pgf@picture@serial@count=\count292
)
(C:/Users/lehbib/AppData/Local/Programs/MiKTeX/tex/generic/pgf/basiclayer/pgfco
regraphicstate.code.tex
File: pgfcoregraphicstate.code.tex 2023-01-15 v3.1.10 (3.1.10)
\pgflinewidth=\dimen270
)
(C:/Users/lehbib/AppData/Local/Programs/MiKTeX/tex/generic/pgf/basiclayer/pgfco
retransformations.code.tex
File: pgfcoretransformations.code.tex 2023-01-15 v3.1.10 (3.1.10)
\pgf@pt@x=\dimen271
\pgf@pt@y=\dimen272
\pgf@pt@temp=\dimen273
)
(C:/Users/lehbib/AppData/Local/Programs/MiKTeX/tex/generic/pgf/basiclayer/pgfco
requick.code.tex
File: pgfcorequick.code.tex 2023-01-15 v3.1.10 (3.1.10)
)
(C:/Users/lehbib/AppData/Local/Programs/MiKTeX/tex/generic/pgf/basiclayer/pgfco
reobjects.code.tex
File: pgfcoreobjects.code.tex 2023-01-15 v3.1.10 (3.1.10)
)
(C:/Users/lehbib/AppData/Local/Programs/MiKTeX/tex/generic/pgf/basiclayer/pgfco
repathprocessing.code.tex
File: pgfcorepathprocessing.code.tex 2023-01-15 v3.1.10 (3.1.10)
)
(C:/Users/lehbib/AppData/Local/Programs/MiKTeX/tex/generic/pgf/basiclayer/pgfco
rearrows.code.tex
File: pgfcorearrows.code.tex 2023-01-15 v3.1.10 (3.1.10)
\pgfarrowsep=\dimen274
)
(C:/Users/lehbib/AppData/Local/Programs/MiKTeX/tex/generic/pgf/basiclayer/pgfco
reshade.code.tex
File: pgfcoreshade.code.tex 2023-01-15 v3.1.10 (3.1.10)
\pgf@max=\dimen275
\pgf@sys@shading@range@num=\count293
\pgf@shadingcount=\count294
)
(C:/Users/lehbib/AppData/Local/Programs/MiKTeX/tex/generic/pgf/basiclayer/pgfco
reimage.code.tex
File: pgfcoreimage.code.tex 2023-01-15 v3.1.10 (3.1.10)
)
(C:/Users/lehbib/AppData/Local/Programs/MiKTeX/tex/generic/pgf/basiclayer/pgfco
reexternal.code.tex
File: pgfcoreexternal.code.tex 2023-01-15 v3.1.10 (3.1.10)
\pgfexternal@startupbox=\box63
)
(C:/Users/lehbib/AppData/Local/Programs/MiKTeX/tex/generic/pgf/basiclayer/pgfco
relayers.code.tex
File: pgfcorelayers.code.tex 2023-01-15 v3.1.10 (3.1.10)
)
(C:/Users/lehbib/AppData/Local/Programs/MiKTeX/tex/generic/pgf/basiclayer/pgfco
retransparency.code.tex
File: pgfcoretransparency.code.tex 2023-01-15 v3.1.10 (3.1.10)
)
(C:/Users/lehbib/AppData/Local/Programs/MiKTeX/tex/generic/pgf/basiclayer/pgfco
repatterns.code.tex
File: pgfcorepatterns.code.tex 2023-01-15 v3.1.10 (3.1.10)
)
(C:/Users/lehbib/AppData/Local/Programs/MiKTeX/tex/generic/pgf/basiclayer/pgfco
rerdf.code.tex
File: pgfcorerdf.code.tex 2023-01-15 v3.1.10 (3.1.10)
)))
(C:/Users/lehbib/AppData/Local/Programs/MiKTeX/tex/generic/pgf/modules/pgfmodul
eshapes.code.tex
File: pgfmoduleshapes.code.tex 2023-01-15 v3.1.10 (3.1.10)
\pgfnodeparttextbox=\box64
)
(C:/Users/lehbib/AppData/Local/Programs/MiKTeX/tex/generic/pgf/modules/pgfmodul
eplot.code.tex
File: pgfmoduleplot.code.tex 2023-01-15 v3.1.10 (3.1.10)
)
(C:/Users/lehbib/AppData/Local/Programs/MiKTeX/tex/latex/pgf/compatibility/pgfc
omp-version-0-65.sty
Package: pgfcomp-version-0-65 2023-01-15 v3.1.10 (3.1.10)
\pgf@nodesepstart=\dimen276
\pgf@nodesepend=\dimen277
)
(C:/Users/lehbib/AppData/Local/Programs/MiKTeX/tex/latex/pgf/compatibility/pgfc
omp-version-1-18.sty
Package: pgfcomp-version-1-18 2023-01-15 v3.1.10 (3.1.10)
)))
Package trimclip Info: No clipping driver 'tc-luatex.def' available.
(trimclip)             Using fall-back PGF driver.
)
\adjbox@Width=\dimen278
\adjbox@Height=\dimen279
\adjbox@Depth=\dimen280
\adjbox@Totalheight=\dimen281
\adjbox@pwidth=\dimen282
\adjbox@pheight=\dimen283
\adjbox@pdepth=\dimen284
\adjbox@ptotalheight=\dimen285

(C:/Users/lehbib/AppData/Local/Programs/MiKTeX/tex/latex/ifoddpage/ifoddpage.st
y
Package: ifoddpage 2022/10/18 v1.2 Conditionals for odd/even page detection
\c@checkoddpage=\count295
) (C:/Users/lehbib/AppData/Local/Programs/MiKTeX/tex/latex/varwidth/varwidth.st
y
Package: varwidth 2009/03/30 ver 0.92;  Variable-width minipages
\@vwid@box=\box65
\sift@deathcycles=\count296
\@vwid@loff=\dimen286
\@vwid@roff=\dimen287
)) (C:/Users/lehbib/AppData/Local/Programs/MiKTeX/tex/latex/psnfss/times.sty
Package: times 2020/03/25 PSNFSS-v9.3 (SPQR) 
) (C:/Users/lehbib/AppData/Local/Programs/MiKTeX/tex/latex/fancyhdr/fancyhdr.st
y
Package: fancyhdr 2024/11/20 v4.4 Extensive control of page headers and footers

\f@nch@headwidth=\skip58
\f@nch@O@elh=\skip59
\f@nch@O@erh=\skip60
\f@nch@O@olh=\skip61
\f@nch@O@orh=\skip62
\f@nch@O@elf=\skip63
\f@nch@O@erf=\skip64
\f@nch@O@olf=\skip65
\f@nch@O@orf=\skip66
) (C:/Users/lehbib/AppData/Local/Programs/MiKTeX/tex/latex/hyperref/hyperref.st
y
Package: hyperref 2024-11-05 v7.01l Hypertext links for LaTeX

(C:/Users/lehbib/AppData/Local/Programs/MiKTeX/tex/latex/kvsetkeys/kvsetkeys.st
y
Package: kvsetkeys 2022-10-05 v1.19 Key value parser (HO)
)
(C:/Users/lehbib/AppData/Local/Programs/MiKTeX/tex/generic/kvdefinekeys/kvdefin
ekeys.sty
Package: kvdefinekeys 2019-12-19 v1.6 Define keys (HO)
)
(C:/Users/lehbib/AppData/Local/Programs/MiKTeX/tex/generic/pdfescape/pdfescape.
sty
Package: pdfescape 2019/12/09 v1.15 Implements pdfTeX's escape features (HO)
(C:/Users/lehbib/AppData/Local/Programs/MiKTeX/tex/generic/ltxcmds/ltxcmds.sty
Package: ltxcmds 2023-12-04 v1.26 LaTeX kernel commands for general use (HO)
)
(C:/Users/lehbib/AppData/Local/Programs/MiKTeX/tex/generic/pdftexcmds/pdftexcmd
s.sty
Package: pdftexcmds 2020-06-27 v0.33 Utility functions of pdfTeX for LuaTeX (HO
)

(C:/Users/lehbib/AppData/Local/Programs/MiKTeX/tex/generic/infwarerr/infwarerr.
sty
Package: infwarerr 2019/12/03 v1.5 Providing info/warning/error messages (HO)
)
Package pdftexcmds Info: \pdf@primitive is available.
Package pdftexcmds Info: \pdf@ifprimitive is available.
Package pdftexcmds Info: \pdfdraftmode found.
\pdftexcmds@toks=\toks39
)) (C:/Users/lehbib/AppData/Local/Programs/MiKTeX/tex/latex/hycolor/hycolor.sty
Package: hycolor 2020-01-27 v1.10 Color options for hyperref/bookmark (HO)
) (C:/Users/lehbib/AppData/Local/Programs/MiKTeX/tex/latex/hyperref/nameref.sty
Package: nameref 2023-11-26 v2.56 Cross-referencing by name of section
(C:/Users/lehbib/AppData/Local/Programs/MiKTeX/tex/latex/refcount/refcount.sty
Package: refcount 2019/12/15 v3.6 Data extraction from label references (HO)
)
(C:/Users/lehbib/AppData/Local/Programs/MiKTeX/tex/generic/gettitlestring/getti
tlestring.sty
Package: gettitlestring 2019/12/15 v1.6 Cleanup title references (HO)

(C:/Users/lehbib/AppData/Local/Programs/MiKTeX/tex/latex/kvoptions/kvoptions.st
y
Package: kvoptions 2022-06-15 v3.15 Key value format for package options (HO)
))
\c@section@level=\count297
) (C:/Users/lehbib/AppData/Local/Programs/MiKTeX/tex/latex/etoolbox/etoolbox.st
y
Package: etoolbox 2020/10/05 v2.5k e-TeX tools for LaTeX (JAW)
\etb@tempcnta=\count298
)
(C:/Users/lehbib/AppData/Local/Programs/MiKTeX/tex/generic/stringenc/stringenc.
sty
Package: stringenc 2019/11/29 v1.12 Convert strings between diff. encodings (HO
)
)
\@linkdim=\dimen288
\Hy@linkcounter=\count299
\Hy@pagecounter=\count300
(C:/Users/lehbib/AppData/Local/Programs/MiKTeX/tex/latex/hyperref/pd1enc.def
File: pd1enc.def 2024-11-05 v7.01l Hyperref: PDFDocEncoding definition (HO)
) (C:/Users/lehbib/AppData/Local/Programs/MiKTeX/tex/generic/intcalc/intcalc.st
y
Package: intcalc 2019/12/15 v1.3 Expandable calculations with integers (HO)
)
\Hy@SavedSpaceFactor=\count301
(C:/Users/lehbib/AppData/Local/Programs/MiKTeX/tex/latex/hyperref/puenc.def
File: puenc.def 2024-11-05 v7.01l Hyperref: PDF Unicode definition (HO)
)
Package hyperref Info: Option `colorlinks' set `true' on input line 4040.
Package hyperref Info: Hyper figures OFF on input line 4157.
Package hyperref Info: Link nesting OFF on input line 4162.
Package hyperref Info: Hyper index ON on input line 4165.
Package hyperref Info: Plain pages OFF on input line 4172.
Package hyperref Info: Backreferencing OFF on input line 4177.
Package hyperref Info: Implicit mode ON; LaTeX internals redefined.
Package hyperref Info: Bookmarks ON on input line 4424.
\c@Hy@tempcnt=\count302
(C:/Users/lehbib/AppData/Local/Programs/MiKTeX/tex/latex/url/url.sty
\Urlmuskip=\muskip17
Package: url 2013/09/16  ver 3.4  Verb mode for urls, etc.
)
LaTeX Info: Redefining \url on input line 4763.
\XeTeXLinkMargin=\dimen289
(C:/Users/lehbib/AppData/Local/Programs/MiKTeX/tex/generic/bitset/bitset.sty
Package: bitset 2019/12/09 v1.3 Handle bit-vector datatype (HO)

(C:/Users/lehbib/AppData/Local/Programs/MiKTeX/tex/generic/bigintcalc/bigintcal
c.sty
Package: bigintcalc 2019/12/15 v1.5 Expandable calculations on big integers (HO
)
))
\Fld@menulength=\count303
\Field@Width=\dimen290
\Fld@charsize=\dimen291
Package hyperref Info: Hyper figures OFF on input line 6042.
Package hyperref Info: Link nesting OFF on input line 6047.
Package hyperref Info: Hyper index ON on input line 6050.
Package hyperref Info: backreferencing OFF on input line 6057.
Package hyperref Info: Link coloring ON on input line 6060.
Package hyperref Info: Link coloring with OCG OFF on input line 6067.
Package hyperref Info: PDF/A mode OFF on input line 6072.
(C:/Users/lehbib/AppData/Local/Programs/MiKTeX/tex/latex/base/atbegshi-ltx.sty
Package: atbegshi-ltx 2021/01/10 v1.0c Emulation of the original atbegshi
package with kernel methods
)
\Hy@abspage=\count304
\c@Item=\count305
\c@Hfootnote=\count306
)
Package hyperref Info: Driver (autodetected): hluatex.
(C:/Users/lehbib/AppData/Local/Programs/MiKTeX/tex/latex/hyperref/hluatex.def
File: hluatex.def 2024-11-05 v7.01l Hyperref driver for luaTeX

(C:/Users/lehbib/AppData/Local/Programs/MiKTeX/tex/latex/base/atveryend-ltx.sty
Package: atveryend-ltx 2020/08/19 v1.0a Emulation of the original atveryend pac
kage
with kernel methods
)
\Fld@listcount=\count307
\c@bookmark@seq@number=\count308

(C:/Users/lehbib/AppData/Local/Programs/MiKTeX/tex/latex/rerunfilecheck/rerunfi
lecheck.sty
Package: rerunfilecheck 2022-07-10 v1.10 Rerun checks for auxiliary files (HO)

(C:/Users/lehbib/AppData/Local/Programs/MiKTeX/tex/generic/uniquecounter/unique
counter.sty
Package: uniquecounter 2019/12/15 v1.4 Provide unlimited unique counter (HO)
)
Package uniquecounter Info: New unique counter `rerunfilecheck' on input line 2
85.
)
\Hy@SectionHShift=\skip67
)
LaTeX Font Info:    Trying to load font information for T1+ptm on input line 34
.
(C:/Users/lehbib/AppData/Local/Programs/MiKTeX/tex/latex/psnfss/t1ptm.fd
File: t1ptm.fd 2001/06/04 font definitions for T1/ptm.
)
(C:/Users/lehbib/AppData/Local/Programs/MiKTeX/tex/latex/l3backend/l3backend-lu
atex.def
File: l3backend-luatex.def 2024-05-08 L3 backend support: PDF output (LuaTeX)
\l__color_backend_stack_int=\count309
Inserting `l3color' in `luaotfload.parse_color'.
\l__pdf_internal_box=\box66
) (./NLD.aux)
\openout1 = NLD.aux

LaTeX Font Info:    Checking defaults for OML/cmm/m/it on input line 34.
LaTeX Font Info:    ... okay on input line 34.
LaTeX Font Info:    Checking defaults for OMS/cmsy/m/n on input line 34.
LaTeX Font Info:    ... okay on input line 34.
LaTeX Font Info:    Checking defaults for OT1/cmr/m/n on input line 34.
LaTeX Font Info:    ... okay on input line 34.
LaTeX Font Info:    Checking defaults for T1/cmr/m/n on input line 34.
LaTeX Font Info:    ... okay on input line 34.
LaTeX Font Info:    Checking defaults for TS1/cmr/m/n on input line 34.
LaTeX Font Info:    ... okay on input line 34.
LaTeX Font Info:    Checking defaults for TU/lmr/m/n on input line 34.
LaTeX Font Info:    ... okay on input line 34.
LaTeX Font Info:    Checking defaults for OMX/cmex/m/n on input line 34.
LaTeX Font Info:    ... okay on input line 34.
LaTeX Font Info:    Checking defaults for U/cmr/m/n on input line 34.
LaTeX Font Info:    ... okay on input line 34.
LaTeX Font Info:    Checking defaults for PD1/pdf/m/n on input line 34.
LaTeX Font Info:    ... okay on input line 34.
LaTeX Font Info:    Checking defaults for PU/pdf/m/n on input line 34.
LaTeX Font Info:    ... okay on input line 34.

(C:/Users/lehbib/AppData/Local/Programs/MiKTeX/tex/context/base/mkii/supp-pdf.m
kii
[Loading MPS to PDF converter (version 2006.09.02).]
\scratchcounter=\count310
\scratchdimen=\dimen292
\scratchbox=\box67
\nofMPsegments=\count311
\nofMParguments=\count312
\everyMPshowfont=\toks40
\MPscratchCnt=\count313
\MPscratchDim=\dimen293
\MPnumerator=\count314
\makeMPintoPDFobject=\count315
\everyMPtoPDFconversion=\toks41
)
(C:/Users/lehbib/AppData/Local/Programs/MiKTeX/tex/latex/epstopdf-pkg/epstopdf-
base.sty
Package: epstopdf-base 2020-01-24 v2.11 Base part for package epstopdf
Package epstopdf-base Info: Redefining graphics rule for `.eps' on input line 4
85.

(C:/Users/lehbib/AppData/Local/Programs/MiKTeX/tex/latex/00miktex/epstopdf-sys.
cfg
File: epstopdf-sys.cfg 2021/03/18 v2.0 Configuration of epstopdf for MiKTeX
))
*geometry* driver: auto-detecting
*geometry* detected driver: luatex
*geometry* verbose mode - [ preamble ] result:
* driver: luatex
* paper: a4paper
* layout: <same size as paper>
* layoutoffset:(h,v)=(0.0pt,0.0pt)
* modes: landscape 
* h-part:(L,W,R)=(36.135pt, 772.77686pt, 36.135pt)
* v-part:(T,H,B)=(36.135pt, 525.23788pt, 36.135pt)
* \paperwidth=845.04684pt
* \paperheight=597.50787pt
* \textwidth=772.77686pt
* \textheight=525.23788pt
* \oddsidemargin=-36.135pt
* \evensidemargin=-36.135pt
* \topmargin=-55.36243pt
* \headheight=12.0pt
* \headsep=7.22743pt
* \topskip=12.0pt
* \footskip=30.0pt
* \marginparwidth=144.0pt
* \marginparsep=10.0pt
* \columnsep=10.0pt
* \skip\footins=10.8pt plus 4.0pt minus 2.0pt
* \hoffset=0.0pt
* \voffset=0.0pt
* \mag=1000
* \@twocolumnfalse
* \@twosidefalse
* \@mparswitchfalse
* \@reversemarginfalse
* (1in=72.27pt=25.4mm, 1cm=28.453pt)

Package caption Info: Begin \AtBeginDocument code.
Package caption Info: float package is loaded.
Package caption Info: hyperref package is loaded.
Package caption Info: rotating package is loaded.
Package caption Info: End \AtBeginDocument code.
Package hyperref Info: Link coloring ON on input line 34.
(./NLD.out) (./NLD.out)
\@outlinefile=\write4

\openout4 = NLD.out
LaTeX Font Info:    External font `cmex10' loaded for size
(Font)              <14.4> on input line 38.
LaTeX Font Info:    External font `cmex10' loaded for size
(Font)              <7> on input line 38.

LaTeX Warning: No \author given.



[1

{C:/Users/lehbib/AppData/Local/MiKTeX/fonts/map/pdftex/pdftex.map}]

Package hyperref Warning: Option `colorlinks' has already been used,
(hyperref)                setting the option has no effect on input line 42.

(./NLD.toc


warning  (pdf backend): ignoring duplicate destination with the name 'page.1'
[1

])
\tf@toc=\write5

\openout5 = NLD.toc


[2]
warning  (file graphs/NLD_heatmap.pdf) (pdf inclusion): PDF inclusion: found PDF
 version '1.6', but at most version '1.5' allowed
<graphs/NLD_heatmap.pdf, id=253, 867.24pt x 578.16pt>
File: graphs/NLD_heatmap.pdf Graphic file (type pdf)
<use graphs/NLD_heatmap.pdf>
Package luatex.def Info: graphs/NLD_heatmap.pdf  used on input line 56.
(luatex.def)             Requested size: 630.2878pt x 420.19185pt.
LaTeX Font Info:    External font `cmex10' loaded for size
(Font)              <10.95> on input line 71.
LaTeX Font Info:    External font `cmex10' loaded for size
(Font)              <8> on input line 71.
LaTeX Font Info:    External font `cmex10' loaded for size
(Font)              <6> on input line 71.

warning  (file graphs/NLD_CA_GDP.pdf) (pdf inclusion): PDF inclusion: found PDF 
version '1.6', but at most version '1.5' allowed
<graphs/NLD_CA_GDP.pdf, id=264, 542.025pt x 325.215pt>
File: graphs/NLD_CA_GDP.pdf Graphic file (type pdf)
<use graphs/NLD_CA_GDP.pdf>
Package luatex.def Info: graphs/NLD_CA_GDP.pdf  used on input line 85.
(luatex.def)             Requested size: 525.28392pt x 315.17035pt.

warning  (file graphs/NLD_CPI.pdf) (pdf inclusion): PDF inclusion: found PDF ver
sion '1.6', but at most version '1.5' allowed
<graphs/NLD_CPI.pdf, id=275, 542.025pt x 325.215pt>
File: graphs/NLD_CPI.pdf Graphic file (type pdf)
<use graphs/NLD_CPI.pdf>
Package luatex.def Info: graphs/NLD_CPI.pdf  used on input line 115.
(luatex.def)             Requested size: 525.28392pt x 315.17035pt.

warning  (file graphs/NLD_HPI.pdf) (pdf inclusion): PDF inclusion: found PDF ver
sion '1.6', but at most version '1.5' allowed
<graphs/NLD_HPI.pdf, id=280, 542.025pt x 325.215pt>
File: graphs/NLD_HPI.pdf Graphic file (type pdf)
<use graphs/NLD_HPI.pdf>
Package luatex.def Info: graphs/NLD_HPI.pdf  used on input line 142.
(luatex.def)             Requested size: 525.28392pt x 315.17035pt.

warning  (file graphs/NLD_M0.pdf) (pdf inclusion): PDF inclusion: found PDF vers
ion '1.6', but at most version '1.5' allowed
<graphs/NLD_M0.pdf, id=283, 542.025pt x 325.215pt>
File: graphs/NLD_M0.pdf Graphic file (type pdf)
<use graphs/NLD_M0.pdf>
Package luatex.def Info: graphs/NLD_M0.pdf  used on input line 168.
(luatex.def)             Requested size: 525.28392pt x 315.17035pt.

warning  (file graphs/NLD_M1.pdf) (pdf inclusion): PDF inclusion: found PDF vers
ion '1.6', but at most version '1.5' allowed
<graphs/NLD_M1.pdf, id=286, 542.025pt x 325.215pt>
File: graphs/NLD_M1.pdf Graphic file (type pdf)
<use graphs/NLD_M1.pdf>
Package luatex.def Info: graphs/NLD_M1.pdf  used on input line 194.
(luatex.def)             Requested size: 525.28392pt x 315.17035pt.

warning  (file graphs/NLD_M2.pdf) (pdf inclusion): PDF inclusion: found PDF vers
ion '1.6', but at most version '1.5' allowed
<graphs/NLD_M2.pdf, id=289, 542.025pt x 325.215pt>
File: graphs/NLD_M2.pdf Graphic file (type pdf)
<use graphs/NLD_M2.pdf>
Package luatex.def Info: graphs/NLD_M2.pdf  used on input line 220.
(luatex.def)             Requested size: 525.28392pt x 315.17035pt.

warning  (file graphs/NLD_M3.pdf) (pdf inclusion): PDF inclusion: found PDF vers
ion '1.6', but at most version '1.5' allowed
<graphs/NLD_M3.pdf, id=292, 542.025pt x 325.215pt>
File: graphs/NLD_M3.pdf Graphic file (type pdf)
<use graphs/NLD_M3.pdf>
Package luatex.def Info: graphs/NLD_M3.pdf  used on input line 246.
(luatex.def)             Requested size: 525.28392pt x 315.17035pt.

warning  (file graphs/NLD_REER.pdf) (pdf inclusion): PDF inclusion: found PDF ve
rsion '1.6', but at most version '1.5' allowed
<graphs/NLD_REER.pdf, id=303, 542.025pt x 325.215pt>
File: graphs/NLD_REER.pdf Graphic file (type pdf)
<use graphs/NLD_REER.pdf>
Package luatex.def Info: graphs/NLD_REER.pdf  used on input line 276.
(luatex.def)             Requested size: 525.28392pt x 315.17035pt.

warning  (file graphs/NLD_USDfx.pdf) (pdf inclusion): PDF inclusion: found PDF v
ersion '1.6', but at most version '1.5' allowed
<graphs/NLD_USDfx.pdf, id=320, 542.025pt x 325.215pt>
File: graphs/NLD_USDfx.pdf Graphic file (type pdf)
<use graphs/NLD_USDfx.pdf>
Package luatex.def Info: graphs/NLD_USDfx.pdf  used on input line 309.
(luatex.def)             Requested size: 525.28392pt x 315.17035pt.

warning  (file graphs/NLD_cbrate.pdf) (pdf inclusion): PDF inclusion: found PDF 
version '1.6', but at most version '1.5' allowed
<graphs/NLD_cbrate.pdf, id=331, 542.025pt x 325.215pt>
File: graphs/NLD_cbrate.pdf Graphic file (type pdf)
<use graphs/NLD_cbrate.pdf>
Package luatex.def Info: graphs/NLD_cbrate.pdf  used on input line 339.
(luatex.def)             Requested size: 525.28392pt x 315.17035pt.

warning  (file graphs/NLD_cons.pdf) (pdf inclusion): PDF inclusion: found PDF ve
rsion '1.6', but at most version '1.5' allowed
<graphs/NLD_cons.pdf, id=336, 542.025pt x 325.215pt>
File: graphs/NLD_cons.pdf Graphic file (type pdf)
<use graphs/NLD_cons.pdf>
Package luatex.def Info: graphs/NLD_cons.pdf  used on input line 366.
(luatex.def)             Requested size: 525.28392pt x 315.17035pt.

warning  (file graphs/NLD_cons_GDP.pdf) (pdf inclusion): PDF inclusion: found PD
F version '1.6', but at most version '1.5' allowed
<graphs/NLD_cons_GDP.pdf, id=347, 542.025pt x 325.215pt>
File: graphs/NLD_cons_GDP.pdf Graphic file (type pdf)
<use graphs/NLD_cons_GDP.pdf>
Package luatex.def Info: graphs/NLD_cons_GDP.pdf  used on input line 396.
(luatex.def)             Requested size: 525.28392pt x 315.17035pt.

warning  (file graphs/NLD_exports.pdf) (pdf inclusion): PDF inclusion: found PDF
 version '1.6', but at most version '1.5' allowed
<graphs/NLD_exports.pdf, id=358, 542.025pt x 325.215pt>
File: graphs/NLD_exports.pdf Graphic file (type pdf)
<use graphs/NLD_exports.pdf>
Package luatex.def Info: graphs/NLD_exports.pdf  used on input line 426.
(luatex.def)             Requested size: 525.28392pt x 315.17035pt.

warning  (file graphs/NLD_exports_GDP.pdf) (pdf inclusion): PDF inclusion: found
 PDF version '1.6', but at most version '1.5' allowed
<graphs/NLD_exports_GDP.pdf, id=375, 542.025pt x 325.215pt>
File: graphs/NLD_exports_GDP.pdf Graphic file (type pdf)
<use graphs/NLD_exports_GDP.pdf>
Package luatex.def Info: graphs/NLD_exports_GDP.pdf  used on input line 459.
(luatex.def)             Requested size: 525.28392pt x 315.17035pt.

warning  (file graphs/NLD_finv.pdf) (pdf inclusion): PDF inclusion: found PDF ve
rsion '1.6', but at most version '1.5' allowed
<graphs/NLD_finv.pdf, id=380, 542.025pt x 325.215pt>
File: graphs/NLD_finv.pdf Graphic file (type pdf)
<use graphs/NLD_finv.pdf>
Package luatex.def Info: graphs/NLD_finv.pdf  used on input line 486.
(luatex.def)             Requested size: 525.28392pt x 315.17035pt.

warning  (file graphs/NLD_finv_GDP.pdf) (pdf inclusion): PDF inclusion: found PD
F version '1.6', but at most version '1.5' allowed
<graphs/NLD_finv_GDP.pdf, id=391, 542.025pt x 325.215pt>
File: graphs/NLD_finv_GDP.pdf Graphic file (type pdf)
<use graphs/NLD_finv_GDP.pdf>
Package luatex.def Info: graphs/NLD_finv_GDP.pdf  used on input line 516.
(luatex.def)             Requested size: 525.28392pt x 315.17035pt.

warning  (file graphs/NLD_govdebt_GDP.pdf) (pdf inclusion): PDF inclusion: found
 PDF version '1.6', but at most version '1.5' allowed
<graphs/NLD_govdebt_GDP.pdf, id=398, 542.025pt x 325.215pt>
File: graphs/NLD_govdebt_GDP.pdf Graphic file (type pdf)
<use graphs/NLD_govdebt_GDP.pdf>
Package luatex.def Info: graphs/NLD_govdebt_GDP.pdf  used on input line 544.
(luatex.def)             Requested size: 525.28392pt x 315.17035pt.

warning  (file graphs/NLD_govdef_GDP.pdf) (pdf inclusion): PDF inclusion: found 
PDF version '1.6', but at most version '1.5' allowed
<graphs/NLD_govdef_GDP.pdf, id=427, 542.025pt x 325.215pt>
File: graphs/NLD_govdef_GDP.pdf Graphic file (type pdf)
<use graphs/NLD_govdef_GDP.pdf>
Package luatex.def Info: graphs/NLD_govdef_GDP.pdf  used on input line 583.
(luatex.def)             Requested size: 525.28392pt x 315.17035pt.

warning  (file graphs/NLD_govexp.pdf) (pdf inclusion): PDF inclusion: found PDF 
version '1.6', but at most version '1.5' allowed
<graphs/NLD_govexp.pdf, id=430, 542.025pt x 325.215pt>
File: graphs/NLD_govexp.pdf Graphic file (type pdf)
<use graphs/NLD_govexp.pdf>
Package luatex.def Info: graphs/NLD_govexp.pdf  used on input line 609.
(luatex.def)             Requested size: 525.28392pt x 315.17035pt.

warning  (file graphs/NLD_govexp_GDP.pdf) (pdf inclusion): PDF inclusion: found 
PDF version '1.6', but at most version '1.5' allowed
<graphs/NLD_govexp_GDP.pdf, id=459, 542.025pt x 325.215pt>
File: graphs/NLD_govexp_GDP.pdf Graphic file (type pdf)
<use graphs/NLD_govexp_GDP.pdf>
Package luatex.def Info: graphs/NLD_govexp_GDP.pdf  used on input line 648.
(luatex.def)             Requested size: 525.28392pt x 315.17035pt.

warning  (file graphs/NLD_govrev.pdf) (pdf inclusion): PDF inclusion: found PDF 
version '1.6', but at most version '1.5' allowed
<graphs/NLD_govrev.pdf, id=462, 542.025pt x 325.215pt>
File: graphs/NLD_govrev.pdf Graphic file (type pdf)
<use graphs/NLD_govrev.pdf>
Package luatex.def Info: graphs/NLD_govrev.pdf  used on input line 674.
(luatex.def)             Requested size: 525.28392pt x 315.17035pt.

warning  (file graphs/NLD_govrev_GDP.pdf) (pdf inclusion): PDF inclusion: found 
PDF version '1.6', but at most version '1.5' allowed
<graphs/NLD_govrev_GDP.pdf, id=483, 542.025pt x 325.215pt>
File: graphs/NLD_govrev_GDP.pdf Graphic file (type pdf)
<use graphs/NLD_govrev_GDP.pdf>
Package luatex.def Info: graphs/NLD_govrev_GDP.pdf  used on input line 709.
(luatex.def)             Requested size: 525.28392pt x 315.17035pt.

warning  (file graphs/NLD_govtax.pdf) (pdf inclusion): PDF inclusion: found PDF 
version '1.6', but at most version '1.5' allowed
<graphs/NLD_govtax.pdf, id=488, 542.025pt x 325.215pt>
File: graphs/NLD_govtax.pdf Graphic file (type pdf)
<use graphs/NLD_govtax.pdf>
Package luatex.def Info: graphs/NLD_govtax.pdf  used on input line 736.
(luatex.def)             Requested size: 525.28392pt x 315.17035pt.

warning  (file graphs/NLD_govtax_GDP.pdf) (pdf inclusion): PDF inclusion: found 
PDF version '1.6', but at most version '1.5' allowed
<graphs/NLD_govtax_GDP.pdf, id=497, 542.025pt x 325.215pt>
File: graphs/NLD_govtax_GDP.pdf Graphic file (type pdf)
<use graphs/NLD_govtax_GDP.pdf>
Package luatex.def Info: graphs/NLD_govtax_GDP.pdf  used on input line 765.
(luatex.def)             Requested size: 525.28392pt x 315.17035pt.

warning  (file graphs/NLD_imports.pdf) (pdf inclusion): PDF inclusion: found PDF
 version '1.6', but at most version '1.5' allowed
<graphs/NLD_imports.pdf, id=508, 542.025pt x 325.215pt>
File: graphs/NLD_imports.pdf Graphic file (type pdf)
<use graphs/NLD_imports.pdf>
Package luatex.def Info: graphs/NLD_imports.pdf  used on input line 795.
(luatex.def)             Requested size: 525.28392pt x 315.17035pt.

warning  (file graphs/NLD_imports_GDP.pdf) (pdf inclusion): PDF inclusion: found
 PDF version '1.6', but at most version '1.5' allowed
<graphs/NLD_imports_GDP.pdf, id=525, 542.025pt x 325.215pt>
File: graphs/NLD_imports_GDP.pdf Graphic file (type pdf)
<use graphs/NLD_imports_GDP.pdf>
Package luatex.def Info: graphs/NLD_imports_GDP.pdf  used on input line 828.
(luatex.def)             Requested size: 525.28392pt x 315.17035pt.

warning  (file graphs/NLD_infl.pdf) (pdf inclusion): PDF inclusion: found PDF ve
rsion '1.6', but at most version '1.5' allowed
<graphs/NLD_infl.pdf, id=538, 542.025pt x 325.215pt>
File: graphs/NLD_infl.pdf Graphic file (type pdf)
<use graphs/NLD_infl.pdf>
Package luatex.def Info: graphs/NLD_infl.pdf  used on input line 859.
(luatex.def)             Requested size: 525.28392pt x 315.17035pt.

warning  (file graphs/NLD_inv.pdf) (pdf inclusion): PDF inclusion: found PDF ver
sion '1.6', but at most version '1.5' allowed
<graphs/NLD_inv.pdf, id=547, 542.025pt x 325.215pt>
File: graphs/NLD_inv.pdf Graphic file (type pdf)
<use graphs/NLD_inv.pdf>
Package luatex.def Info: graphs/NLD_inv.pdf  used on input line 888.
(luatex.def)             Requested size: 525.28392pt x 315.17035pt.

warning  (file graphs/NLD_inv_GDP.pdf) (pdf inclusion): PDF inclusion: found PDF
 version '1.6', but at most version '1.5' allowed
<graphs/NLD_inv_GDP.pdf, id=556, 542.025pt x 325.215pt>
File: graphs/NLD_inv_GDP.pdf Graphic file (type pdf)
<use graphs/NLD_inv_GDP.pdf>
Package luatex.def Info: graphs/NLD_inv_GDP.pdf  used on input line 917.
(luatex.def)             Requested size: 525.28392pt x 315.17035pt.

warning  (file graphs/NLD_ltrate.pdf) (pdf inclusion): PDF inclusion: found PDF 
version '1.6', but at most version '1.5' allowed
<graphs/NLD_ltrate.pdf, id=577, 542.025pt x 325.215pt>
File: graphs/NLD_ltrate.pdf Graphic file (type pdf)
<use graphs/NLD_ltrate.pdf>
Package luatex.def Info: graphs/NLD_ltrate.pdf  used on input line 952.
(luatex.def)             Requested size: 525.28392pt x 315.17035pt.

warning  (file graphs/NLD_nGDP.pdf) (pdf inclusion): PDF inclusion: found PDF ve
rsion '1.6', but at most version '1.5' allowed
<graphs/NLD_nGDP.pdf, id=598, 542.025pt x 325.215pt>
File: graphs/NLD_nGDP.pdf Graphic file (type pdf)
<use graphs/NLD_nGDP.pdf>
Package luatex.def Info: graphs/NLD_nGDP.pdf  used on input line 987.
(luatex.def)             Requested size: 525.28392pt x 315.17035pt.

warning  (file graphs/NLD_pop.pdf) (pdf inclusion): PDF inclusion: found PDF ver
sion '1.6', but at most version '1.5' allowed
<graphs/NLD_pop.pdf, id=615, 542.025pt x 325.215pt>
File: graphs/NLD_pop.pdf Graphic file (type pdf)
<use graphs/NLD_pop.pdf>
Package luatex.def Info: graphs/NLD_pop.pdf  used on input line 1020.
(luatex.def)             Requested size: 525.28392pt x 315.17035pt.

warning  (file graphs/NLD_rGDP.pdf) (pdf inclusion): PDF inclusion: found PDF ve
rsion '1.6', but at most version '1.5' allowed
<graphs/NLD_rGDP.pdf, id=632, 542.025pt x 325.215pt>
File: graphs/NLD_rGDP.pdf Graphic file (type pdf)
<use graphs/NLD_rGDP.pdf>
Package luatex.def Info: graphs/NLD_rGDP.pdf  used on input line 1053.
(luatex.def)             Requested size: 525.28392pt x 315.17035pt.

warning  (file graphs/NLD_rcons.pdf) (pdf inclusion): PDF inclusion: found PDF v
ersion '1.6', but at most version '1.5' allowed
<graphs/NLD_rcons.pdf, id=639, 542.025pt x 325.215pt>
File: graphs/NLD_rcons.pdf Graphic file (type pdf)
<use graphs/NLD_rcons.pdf>
Package luatex.def Info: graphs/NLD_rcons.pdf  used on input line 1081.
(luatex.def)             Requested size: 525.28392pt x 315.17035pt.

warning  (file graphs/NLD_strate.pdf) (pdf inclusion): PDF inclusion: found PDF 
version '1.6', but at most version '1.5' allowed
<graphs/NLD_strate.pdf, id=648, 542.025pt x 325.215pt>
File: graphs/NLD_strate.pdf Graphic file (type pdf)
<use graphs/NLD_strate.pdf>
Package luatex.def Info: graphs/NLD_strate.pdf  used on input line 1110.
(luatex.def)             Requested size: 525.28392pt x 315.17035pt.

warning  (file graphs/NLD_unemp.pdf) (pdf inclusion): PDF inclusion: found PDF v
ersion '1.6', but at most version '1.5' allowed
<graphs/NLD_unemp.pdf, id=661, 542.025pt x 325.215pt>
File: graphs/NLD_unemp.pdf Graphic file (type pdf)
<use graphs/NLD_unemp.pdf>
Package luatex.def Info: graphs/NLD_unemp.pdf  used on input line 1141.
(luatex.def)             Requested size: 525.28392pt x 315.17035pt.


[3

<./graphs/NLD_heatmap.pdf>]
Overfull \vbox (6.0pt too high) has occurred while \output is active []



[4<./graphs/NLD_CA_GDP.pdf>]
Overfull \vbox (6.0pt too high) has occurred while \output is active []



[5<./graphs/NLD_CPI.pdf>]
Overfull \vbox (6.0pt too high) has occurred while \output is active []



[6<./graphs/NLD_HPI.pdf>]
Overfull \vbox (6.0pt too high) has occurred while \output is active []



[7<./graphs/NLD_M0.pdf>]
Overfull \vbox (6.0pt too high) has occurred while \output is active []



[8<./graphs/NLD_M1.pdf>]
Overfull \vbox (6.0pt too high) has occurred while \output is active []



[9<./graphs/NLD_M2.pdf>]
Overfull \vbox (6.0pt too high) has occurred while \output is active []



[10<./graphs/NLD_M3.pdf>]
Overfull \vbox (6.0pt too high) has occurred while \output is active []



[11<./graphs/NLD_REER.pdf>]
Overfull \vbox (6.0pt too high) has occurred while \output is active []



[12<./graphs/NLD_USDfx.pdf>]
Overfull \vbox (6.0pt too high) has occurred while \output is active []



[13<./graphs/NLD_cbrate.pdf>]
Overfull \vbox (6.0pt too high) has occurred while \output is active []



[14<./graphs/NLD_cons.pdf>]
Overfull \vbox (6.0pt too high) has occurred while \output is active []



[15<./graphs/NLD_cons_GDP.pdf>]
Overfull \vbox (6.0pt too high) has occurred while \output is active []



[16<./graphs/NLD_exports.pdf>]
Overfull \vbox (6.0pt too high) has occurred while \output is active []



[17<./graphs/NLD_exports_GDP.pdf>]
Overfull \vbox (6.0pt too high) has occurred while \output is active []



[18<./graphs/NLD_finv.pdf>]
Overfull \vbox (6.0pt too high) has occurred while \output is active []



[19<./graphs/NLD_finv_GDP.pdf>]
Overfull \vbox (6.0pt too high) has occurred while \output is active []



[20<./graphs/NLD_govdebt_GDP.pdf>]
Overfull \vbox (6.0pt too high) has occurred while \output is active []



[21<./graphs/NLD_govdef_GDP.pdf>]
Overfull \vbox (6.0pt too high) has occurred while \output is active []



[22<./graphs/NLD_govexp.pdf>]
Overfull \vbox (6.0pt too high) has occurred while \output is active []



[23
Missing character: There is no – (U+2013) in font ptmr8t!
Missing character: There is no – (U+2013) in font ptmr8t!
<./graphs/NLD_govexp_GDP.pdf>]
Overfull \vbox (6.0pt too high) has occurred while \output is active []



[24<./graphs/NLD_govrev.pdf>]
Overfull \vbox (6.0pt too high) has occurred while \output is active []



[25<./graphs/NLD_govrev_GDP.pdf>]
Overfull \vbox (6.0pt too high) has occurred while \output is active []



[26<./graphs/NLD_govtax.pdf>]
Overfull \vbox (6.0pt too high) has occurred while \output is active []



[27<./graphs/NLD_govtax_GDP.pdf>]
Overfull \vbox (6.0pt too high) has occurred while \output is active []



[28<./graphs/NLD_imports.pdf>]
Overfull \vbox (6.0pt too high) has occurred while \output is active []



[29<./graphs/NLD_imports_GDP.pdf>]
Overfull \vbox (6.0pt too high) has occurred while \output is active []



[30<./graphs/NLD_infl.pdf>]
Overfull \vbox (6.0pt too high) has occurred while \output is active []



[31<./graphs/NLD_inv.pdf>]
Overfull \vbox (6.0pt too high) has occurred while \output is active []



[32<./graphs/NLD_inv_GDP.pdf>]
Overfull \vbox (6.0pt too high) has occurred while \output is active []



[33<./graphs/NLD_ltrate.pdf>]
Overfull \vbox (6.0pt too high) has occurred while \output is active []



[34<./graphs/NLD_nGDP.pdf>]
Overfull \vbox (6.0pt too high) has occurred while \output is active []



[35<./graphs/NLD_pop.pdf>]
Overfull \vbox (6.0pt too high) has occurred while \output is active []



[36<./graphs/NLD_rGDP.pdf>]
Overfull \vbox (6.0pt too high) has occurred while \output is active []



[37<./graphs/NLD_rcons.pdf>]
Overfull \vbox (6.0pt too high) has occurred while \output is active []



[38<./graphs/NLD_strate.pdf>]
Overfull \vbox (6.0pt too high) has occurred while \output is active []



[39<./graphs/NLD_unemp.pdf>] (./NLD.bbl

[40])

[41
Missing character: There is no ‘ (U+2018) in font ptmr8t!
Missing character: There is no ’ (U+2019) in font ptmr8t!
Missing character: There is no ‘ (U+2018) in font ptmri8t!
Missing character: There is no ’ (U+2019) in font ptmri8t!
Missing character: There is no – (U+2013) in font ptmr8t!
] (./NLD.aux)
 ***********
LaTeX2e <2024-11-01>
L3 programming layer <2024-11-02>
 ***********
Package rerunfilecheck Info: File `NLD.out' has not changed.
(rerunfilecheck)             Checksum: A8457AA7F2DA6EE848A7D3F5FBB9012A;5611.
)

Here is how much of LuaTeX's memory you used:
 21728 strings out of 475664
 305238,953878 words of node,token memory allocated
 463 words of node memory still in use:
   3 hlist, 1 vlist, 1 rule, 2 glue, 3 kern, 1 glyph, 5 attribute, 58 glue_spec,
 5 attribute_list, 2 write nodes
   avail lists: 2:12255,3:1142,4:2436,5:2168,6:498,7:25337,8:1,9:5202,10:6,11:10
43
 43716 multiletter control sequences out of 65536+600000
 55 fonts using 3596855 bytes
 105i,12n,100p,463b,576s stack positions out of 10000i,1000n,20000p,200000b,200000s
{C:/Users/lehbib/AppData/Local/Programs/MiKTeX/fonts/enc/dvips/base/8r.enc}<C:/U
sers/lehbib/AppData/Local/Programs/MiKTeX/fonts/type1/urw/times/utmb8a.pfb><C:/U
sers/lehbib/AppData/Local/Programs/MiKTeX/fonts/type1/urw/times/utmr8a.pfb><C:/U
sers/lehbib/AppData/Local/Programs/MiKTeX/fonts/type1/urw/times/utmri8a.pfb>
Output written on NLD.pdf (42 pages, 8196544 bytes).

PDF statistics: 26303 PDF objects out of 26593 (max. 8388607)
 189 named destinations out of 1000 (max. 131072)
 320 words of extra memory for PDF output out of 10000 (max. 100000000)

