\BOOKMARK [1][-]{section*.3}{\376\377\000A\000l\000b\000a\000n\000i\000a}{}% 1
\BOOKMARK [1][-]{section*.6}{\376\377\000A\000l\000g\000e\000r\000i\000a}{}% 2
\BOOKMARK [1][-]{section*.9}{\376\377\000A\000n\000g\000o\000l\000a}{}% 3
\BOOKMARK [1][-]{section*.12}{\376\377\000A\000r\000g\000e\000n\000t\000i\000n\000a}{}% 4
\BOOKMARK [1][-]{section*.15}{\376\377\000A\000r\000m\000e\000n\000i\000a}{}% 5
\BOOKMARK [1][-]{section*.18}{\376\377\000A\000u\000s\000t\000r\000a\000l\000i\000a}{}% 6
\BOOKMARK [1][-]{section*.21}{\376\377\000A\000u\000s\000t\000r\000i\000a}{}% 7
\BOOKMARK [1][-]{section*.24}{\376\377\000A\000z\000e\000r\000b\000a\000i\000j\000a\000n}{}% 8
\BOOKMARK [1][-]{section*.27}{\376\377\000B\000a\000h\000a\000m\000a\000s}{}% 9
\BOOKMARK [1][-]{section*.30}{\376\377\000B\000a\000h\000r\000a\000i\000n}{}% 10
\BOOKMARK [1][-]{section*.33}{\376\377\000B\000a\000n\000g\000l\000a\000d\000e\000s\000h}{}% 11
\BOOKMARK [1][-]{section*.36}{\376\377\000B\000a\000r\000b\000a\000d\000o\000s}{}% 12
\BOOKMARK [1][-]{section*.39}{\376\377\000B\000e\000l\000g\000i\000u\000m}{}% 13
\BOOKMARK [1][-]{section*.42}{\376\377\000B\000e\000l\000i\000z\000e}{}% 14
\BOOKMARK [1][-]{section*.45}{\376\377\000B\000h\000u\000t\000a\000n}{}% 15
\BOOKMARK [1][-]{section*.48}{\376\377\000B\000o\000l\000i\000v\000i\000a}{}% 16
\BOOKMARK [1][-]{section*.51}{\376\377\000B\000r\000a\000z\000i\000l}{}% 17
\BOOKMARK [1][-]{section*.54}{\376\377\000B\000u\000l\000g\000a\000r\000i\000a}{}% 18
\BOOKMARK [1][-]{section*.57}{\376\377\000C\000a\000n\000a\000d\000a}{}% 19
\BOOKMARK [1][-]{section*.60}{\376\377\000C\000a\000p\000e\000\040\000V\000e\000r\000d\000e}{}% 20
\BOOKMARK [1][-]{section*.63}{\376\377\000C\000h\000i\000l\000e}{}% 21
\BOOKMARK [1][-]{section*.66}{\376\377\000C\000h\000i\000n\000a}{}% 22
\BOOKMARK [1][-]{section*.69}{\376\377\000C\000o\000l\000o\000m\000b\000i\000a}{}% 23
\BOOKMARK [1][-]{section*.72}{\376\377\000C\000o\000s\000t\000a\000\040\000R\000i\000c\000a}{}% 24
\BOOKMARK [1][-]{section*.75}{\376\377\000C\000r\000o\000a\000t\000i\000a}{}% 25
\BOOKMARK [1][-]{section*.78}{\376\377\000C\000y\000p\000r\000u\000s}{}% 26
\BOOKMARK [1][-]{section*.81}{\376\377\000C\000z\000e\000c\000h\000\040\000R\000e\000p\000u\000b\000l\000i\000c}{}% 27
\BOOKMARK [1][-]{section*.84}{\376\377\000C\000z\000e\000c\000h\000o\000s\000l\000o\000v\000a\000k\000i\000a}{}% 28
\BOOKMARK [1][-]{section*.87}{\376\377\000D\000e\000n\000m\000a\000r\000k}{}% 29
\BOOKMARK [1][-]{section*.90}{\376\377\000D\000o\000m\000i\000n\000i\000c\000a}{}% 30
\BOOKMARK [1][-]{section*.93}{\376\377\000D\000o\000m\000i\000n\000i\000c\000a\000n\000\040\000R\000e\000p\000u\000b\000l\000i\000c}{}% 31
\BOOKMARK [1][-]{section*.96}{\376\377\000E\000c\000u\000a\000d\000o\000r}{}% 32
\BOOKMARK [1][-]{section*.99}{\376\377\000E\000g\000y\000p\000t}{}% 33
\BOOKMARK [1][-]{section*.102}{\376\377\000E\000l\000\040\000S\000a\000l\000v\000a\000d\000o\000r}{}% 34
\BOOKMARK [1][-]{section*.105}{\376\377\000E\000s\000t\000o\000n\000i\000a}{}% 35
\BOOKMARK [1][-]{section*.108}{\376\377\000E\000s\000w\000a\000t\000i\000n\000i}{}% 36
\BOOKMARK [1][-]{section*.111}{\376\377\000E\000t\000h\000i\000o\000p\000i\000a}{}% 37
\BOOKMARK [1][-]{section*.114}{\376\377\000F\000i\000j\000i}{}% 38
\BOOKMARK [1][-]{section*.117}{\376\377\000F\000i\000n\000l\000a\000n\000d}{}% 39
\BOOKMARK [1][-]{section*.120}{\376\377\000F\000r\000a\000n\000c\000e}{}% 40
\BOOKMARK [1][-]{section*.123}{\376\377\000G\000a\000m\000b\000i\000a}{}% 41
\BOOKMARK [1][-]{section*.126}{\376\377\000G\000e\000o\000r\000g\000i\000a}{}% 42
\BOOKMARK [1][-]{section*.129}{\376\377\000G\000e\000r\000m\000a\000n\000y}{}% 43
\BOOKMARK [1][-]{section*.132}{\376\377\000G\000h\000a\000n\000a}{}% 44
\BOOKMARK [1][-]{section*.135}{\376\377\000G\000r\000e\000e\000c\000e}{}% 45
\BOOKMARK [1][-]{section*.138}{\376\377\000G\000r\000e\000n\000a\000d\000a}{}% 46
\BOOKMARK [1][-]{section*.141}{\376\377\000G\000u\000a\000t\000e\000m\000a\000l\000a}{}% 47
\BOOKMARK [1][-]{section*.144}{\376\377\000G\000u\000i\000n\000e\000a}{}% 48
\BOOKMARK [1][-]{section*.147}{\376\377\000G\000u\000y\000a\000n\000a}{}% 49
\BOOKMARK [1][-]{section*.150}{\376\377\000H\000a\000i\000t\000i}{}% 50
\BOOKMARK [1][-]{section*.153}{\376\377\000H\000o\000n\000d\000u\000r\000a\000s}{}% 51
\BOOKMARK [1][-]{section*.156}{\376\377\000H\000o\000n\000g\000\040\000K\000o\000n\000g}{}% 52
\BOOKMARK [1][-]{section*.159}{\376\377\000H\000u\000n\000g\000a\000r\000y}{}% 53
\BOOKMARK [1][-]{section*.162}{\376\377\000I\000c\000e\000l\000a\000n\000d}{}% 54
\BOOKMARK [1][-]{section*.165}{\376\377\000I\000n\000d\000i\000a}{}% 55
\BOOKMARK [1][-]{section*.168}{\376\377\000I\000n\000d\000o\000n\000e\000s\000i\000a}{}% 56
\BOOKMARK [1][-]{section*.171}{\376\377\000I\000r\000a\000q}{}% 57
\BOOKMARK [1][-]{section*.174}{\376\377\000I\000r\000e\000l\000a\000n\000d}{}% 58
\BOOKMARK [1][-]{section*.177}{\376\377\000I\000s\000r\000a\000e\000l}{}% 59
\BOOKMARK [1][-]{section*.180}{\376\377\000I\000t\000a\000l\000y}{}% 60
\BOOKMARK [1][-]{section*.183}{\376\377\000I\000v\000o\000r\000y\000\040\000C\000o\000a\000s\000t}{}% 61
\BOOKMARK [1][-]{section*.186}{\376\377\000J\000a\000m\000a\000i\000c\000a}{}% 62
\BOOKMARK [1][-]{section*.189}{\376\377\000J\000a\000p\000a\000n}{}% 63
\BOOKMARK [1][-]{section*.192}{\376\377\000K\000a\000z\000a\000k\000h\000s\000t\000a\000n}{}% 64
\BOOKMARK [1][-]{section*.195}{\376\377\000K\000e\000n\000y\000a}{}% 65
\BOOKMARK [1][-]{section*.198}{\376\377\000K\000y\000r\000g\000y\000z\000s\000t\000a\000n}{}% 66
\BOOKMARK [1][-]{section*.201}{\376\377\000L\000a\000o\000s}{}% 67
\BOOKMARK [1][-]{section*.204}{\376\377\000L\000a\000t\000v\000i\000a}{}% 68
\BOOKMARK [1][-]{section*.207}{\376\377\000L\000e\000b\000a\000n\000o\000n}{}% 69
\BOOKMARK [1][-]{section*.210}{\376\377\000L\000e\000s\000o\000t\000h\000o}{}% 70
\BOOKMARK [1][-]{section*.213}{\376\377\000L\000i\000b\000y\000a}{}% 71
\BOOKMARK [1][-]{section*.216}{\376\377\000L\000i\000t\000h\000u\000a\000n\000i\000a}{}% 72
\BOOKMARK [1][-]{section*.219}{\376\377\000L\000u\000x\000e\000m\000b\000o\000u\000r\000g}{}% 73
\BOOKMARK [1][-]{section*.222}{\376\377\000M\000a\000d\000a\000g\000a\000s\000c\000a\000r}{}% 74
\BOOKMARK [1][-]{section*.225}{\376\377\000M\000a\000l\000a\000w\000i}{}% 75
\BOOKMARK [1][-]{section*.228}{\376\377\000M\000a\000l\000a\000y\000s\000i\000a}{}% 76
\BOOKMARK [1][-]{section*.231}{\376\377\000M\000a\000l\000d\000i\000v\000e\000s}{}% 77
\BOOKMARK [1][-]{section*.234}{\376\377\000M\000a\000l\000t\000a}{}% 78
\BOOKMARK [1][-]{section*.237}{\376\377\000M\000a\000u\000r\000i\000t\000a\000n\000i\000a}{}% 79
\BOOKMARK [1][-]{section*.240}{\376\377\000M\000a\000u\000r\000i\000t\000i\000u\000s}{}% 80
\BOOKMARK [1][-]{section*.243}{\376\377\000M\000e\000x\000i\000c\000o}{}% 81
\BOOKMARK [1][-]{section*.246}{\376\377\000M\000o\000l\000d\000o\000v\000a}{}% 82
\BOOKMARK [1][-]{section*.249}{\376\377\000M\000o\000n\000g\000o\000l\000i\000a}{}% 83
\BOOKMARK [1][-]{section*.252}{\376\377\000M\000o\000n\000t\000e\000n\000e\000g\000r\000o}{}% 84
\BOOKMARK [1][-]{section*.255}{\376\377\000M\000o\000z\000a\000m\000b\000i\000q\000u\000e}{}% 85
\BOOKMARK [1][-]{section*.258}{\376\377\000N\000a\000m\000i\000b\000i\000a}{}% 86
\BOOKMARK [1][-]{section*.261}{\376\377\000N\000e\000p\000a\000l}{}% 87
\BOOKMARK [1][-]{section*.264}{\376\377\000N\000e\000t\000h\000e\000r\000l\000a\000n\000d\000s}{}% 88
\BOOKMARK [1][-]{section*.267}{\376\377\000N\000e\000t\000h\000e\000r\000l\000a\000n\000d\000s\000\040\000A\000n\000t\000i\000l\000l\000e\000s}{}% 89
\BOOKMARK [1][-]{section*.270}{\376\377\000N\000e\000w\000\040\000Z\000e\000a\000l\000a\000n\000d}{}% 90
\BOOKMARK [1][-]{section*.273}{\376\377\000N\000i\000c\000a\000r\000a\000g\000u\000a}{}% 91
\BOOKMARK [1][-]{section*.276}{\376\377\000N\000i\000g\000e\000r\000i\000a}{}% 92
\BOOKMARK [1][-]{section*.279}{\376\377\000N\000o\000r\000w\000a\000y}{}% 93
\BOOKMARK [1][-]{section*.282}{\376\377\000P\000a\000k\000i\000s\000t\000a\000n}{}% 94
\BOOKMARK [1][-]{section*.285}{\376\377\000P\000a\000n\000a\000m\000a}{}% 95
\BOOKMARK [1][-]{section*.288}{\376\377\000P\000a\000p\000u\000a\000\040\000N\000e\000w\000\040\000G\000u\000i\000n\000e\000a}{}% 96
\BOOKMARK [1][-]{section*.291}{\376\377\000P\000a\000r\000a\000g\000u\000a\000y}{}% 97
\BOOKMARK [1][-]{section*.294}{\376\377\000P\000e\000r\000u}{}% 98
\BOOKMARK [1][-]{section*.297}{\376\377\000P\000h\000i\000l\000i\000p\000p\000i\000n\000e\000s}{}% 99
\BOOKMARK [1][-]{section*.300}{\376\377\000P\000o\000l\000a\000n\000d}{}% 100
\BOOKMARK [1][-]{section*.303}{\376\377\000P\000o\000r\000t\000u\000g\000a\000l}{}% 101
\BOOKMARK [1][-]{section*.306}{\376\377\000R\000o\000m\000a\000n\000i\000a}{}% 102
\BOOKMARK [1][-]{section*.309}{\376\377\000R\000u\000s\000s\000i\000a\000n\000\040\000F\000e\000d\000e\000r\000a\000t\000i\000o\000n}{}% 103
\BOOKMARK [1][-]{section*.312}{\376\377\000R\000w\000a\000n\000d\000a}{}% 104
\BOOKMARK [1][-]{section*.315}{\376\377\000S\000a\000u\000d\000i\000\040\000A\000r\000a\000b\000i\000a}{}% 105
\BOOKMARK [1][-]{section*.318}{\376\377\000S\000e\000n\000e\000g\000a\000l}{}% 106
\BOOKMARK [1][-]{section*.321}{\376\377\000S\000e\000r\000b\000i\000a}{}% 107
\BOOKMARK [1][-]{section*.324}{\376\377\000S\000e\000y\000c\000h\000e\000l\000l\000e\000s}{}% 108
\BOOKMARK [1][-]{section*.327}{\376\377\000S\000i\000e\000r\000r\000a\000\040\000L\000e\000o\000n\000e}{}% 109
\BOOKMARK [1][-]{section*.330}{\376\377\000S\000i\000n\000g\000a\000p\000o\000r\000e}{}% 110
\BOOKMARK [1][-]{section*.333}{\376\377\000S\000l\000o\000v\000a\000k\000i\000a}{}% 111
\BOOKMARK [1][-]{section*.336}{\376\377\000S\000l\000o\000v\000e\000n\000i\000a}{}% 112
\BOOKMARK [1][-]{section*.339}{\376\377\000S\000o\000u\000t\000h\000\040\000A\000f\000r\000i\000c\000a}{}% 113
\BOOKMARK [1][-]{section*.342}{\376\377\000S\000o\000u\000t\000h\000\040\000K\000o\000r\000e\000a}{}% 114
\BOOKMARK [1][-]{section*.345}{\376\377\000S\000o\000u\000t\000h\000\040\000S\000u\000d\000a\000n}{}% 115
\BOOKMARK [1][-]{section*.348}{\376\377\000S\000p\000a\000i\000n}{}% 116
\BOOKMARK [1][-]{section*.351}{\376\377\000S\000r\000i\000\040\000L\000a\000n\000k\000a}{}% 117
\BOOKMARK [1][-]{section*.354}{\376\377\000S\000u\000r\000i\000n\000a\000m\000e}{}% 118
\BOOKMARK [1][-]{section*.357}{\376\377\000S\000w\000e\000d\000e\000n}{}% 119
\BOOKMARK [1][-]{section*.360}{\376\377\000S\000w\000i\000t\000z\000e\000r\000l\000a\000n\000d}{}% 120
\BOOKMARK [1][-]{section*.363}{\376\377\000T\000a\000i\000w\000a\000n}{}% 121
\BOOKMARK [1][-]{section*.366}{\376\377\000T\000a\000j\000i\000k\000i\000s\000t\000a\000n}{}% 122
\BOOKMARK [1][-]{section*.369}{\376\377\000T\000a\000n\000z\000a\000n\000i\000a}{}% 123
\BOOKMARK [1][-]{section*.372}{\376\377\000T\000h\000a\000i\000l\000a\000n\000d}{}% 124
\BOOKMARK [1][-]{section*.375}{\376\377\000T\000r\000i\000n\000i\000d\000a\000d\000\040\000a\000n\000d\000\040\000T\000o\000b\000a\000g\000o}{}% 125
\BOOKMARK [1][-]{section*.378}{\376\377\000T\000u\000r\000k\000e\000y}{}% 126
\BOOKMARK [1][-]{section*.381}{\376\377\000U\000g\000a\000n\000d\000a}{}% 127
\BOOKMARK [1][-]{section*.384}{\376\377\000U\000n\000i\000t\000e\000d\000\040\000K\000i\000n\000g\000d\000o\000m}{}% 128
\BOOKMARK [1][-]{section*.387}{\376\377\000U\000n\000i\000t\000e\000d\000\040\000S\000t\000a\000t\000e\000s}{}% 129
\BOOKMARK [1][-]{section*.390}{\376\377\000U\000r\000u\000g\000u\000a\000y}{}% 130
\BOOKMARK [1][-]{section*.393}{\376\377\000U\000z\000b\000e\000k\000i\000s\000t\000a\000n}{}% 131
\BOOKMARK [1][-]{section*.396}{\376\377\000V\000e\000n\000e\000z\000u\000e\000l\000a}{}% 132
\BOOKMARK [1][-]{section*.399}{\376\377\000V\000i\000e\000t\000n\000a\000m}{}% 133
\BOOKMARK [1][-]{section*.402}{\376\377\000Y\000e\000m\000e\000n}{}% 134
\BOOKMARK [1][-]{section*.405}{\376\377\000Y\000u\000g\000o\000s\000l\000a\000v\000i\000a}{}% 135
\BOOKMARK [1][-]{section*.408}{\376\377\000Z\000a\000m\000b\000i\000a}{}% 136
\BOOKMARK [1][-]{section*.411}{\376\377\000Z\000i\000m\000b\000a\000b\000w\000e}{}% 137
\BOOKMARK [1][-]{section*.414}{\376\377\000A\000n\000t\000i\000g\000u\000a\000\040\000a\000n\000d\000\040\000B\000a\000r\000b\000u\000d\000a}{}% 138
\BOOKMARK [1][-]{section*.417}{\376\377\000K\000o\000s\000o\000v\000o}{}% 139
\BOOKMARK [1][-]{section*.420}{\376\377\000S\000a\000i\000n\000t\000\040\000K\000i\000t\000t\000s\000\040\000a\000n\000d\000\040\000N\000e\000v\000i\000s}{}% 140
\BOOKMARK [1][-]{section*.423}{\376\377\000S\000a\000i\000n\000t\000\040\000L\000u\000c\000i\000a}{}% 141
\BOOKMARK [1][-]{section*.426}{\376\377\000S\000a\000i\000n\000t\000\040\000V\000i\000n\000c\000e\000n\000t\000\040\000a\000n\000d\000\040\000t\000h\000e\000\040\000G\000r\000e\000n\000a\000d\000i\000n\000e\000s}{}% 142
\BOOKMARK [1][-]{section*.429}{\376\377\000S\000o\000l\000o\000m\000o\000n\000\040\000I\000s\000l\000a\000n\000d\000s}{}% 143
\BOOKMARK [1][-]{section*.432}{\376\377\000R\000e\000f\000e\000r\000e\000n\000c\000e\000s}{}% 144
